Loading settings from quickstep.cfg
QS=/fastdisk/quickstep/build/quickstep_cli_shell

QS_ARGS_BASE="-worker_affinities="0,1,2,3,4,5,6,7,8,9,10,11,12,13,14,15,16,17,18,19,20,21,22,23,24,25,26,27,28,29,30,31,32,33,34,35,36,37,38,39" -sampling_rate=0.5 -display_timing=false -use_filter_joins=false -sampling_tables="lineitem""

QS_ARGS_NUMA_LOAD=""

QS_ARGS_NUMA_RUN="-preload_buffer_pool=false"

CREATE_SQL="create.sql"

LOAD_DATA=false

TPCH_DATA_PATH=/slowdisk/raw-data/tpch-sf100

QS_STORAGE=/fastdisk/qs-data/tpch-sf100

QUERIES="SdWithRedundancy_09"
Running a subset of queries with length 1
/fastdisk/quickstep/build/quickstep_cli_shell -worker_affinities=0,1,2,3,4,5,6,7,8,9,10,11,12,13,14,15,16,17,18,19,20,21,22,23,24,25,26,27,28,29,30,31,32,33,34,35,36,37,38,39 -sampling_rate=0.5 -display_timing=false -use_filter_joins=false -sampling_tables=lineitem -preload_buffer_pool=false -storage_path=/fastdisk/qs-data/tpch-sf100
Query SdWithRedundancy_09.sql
Starting Quickstep with 40 worker thread(s) and a 125.75 GB buffer pool.
+------------------------+
|estimate_value          |
+------------------------+
|      216871904437.38925|
+------------------------+
+------------------------+
|estimate_value          |
+------------------------+
|      216926490981.80322|
+------------------------+
+------------------------+
|estimate_value          |
+------------------------+
|      217086638194.18314|
+------------------------+
+------------------------+
|estimate_value          |
+------------------------+
|      216957368352.27893|
+------------------------+
+------------------------+
|estimate_value          |
+------------------------+
|      217049757378.71353|
+------------------------+
+------------------------+
|estimate_value          |
+------------------------+
|      217000672495.38449|
+------------------------+
+------------------------+
|estimate_value          |
+------------------------+
|      217010610457.82211|
+------------------------+
+------------------------+
|estimate_value          |
+------------------------+
|      217051001726.41327|
+------------------------+
+------------------------+
|estimate_value          |
+------------------------+
|      217157227402.10513|
+------------------------+
+------------------------+
|estimate_value          |
+------------------------+
|      217082511137.25409|
+------------------------+
+------------------------+
|estimate_value          |
+------------------------+
|      217140359192.55447|
+------------------------+
+------------------------+
|estimate_value          |
+------------------------+
|      216994570982.59195|
+------------------------+
+------------------------+
|estimate_value          |
+------------------------+
|      217083561543.72006|
+------------------------+
+------------------------+
|estimate_value          |
+------------------------+
|      217090705479.86368|
+------------------------+
+------------------------+
|estimate_value          |
+------------------------+
|      216985479492.63873|
+------------------------+
+------------------------+
|estimate_value          |
+------------------------+
|      216850064546.06454|
+------------------------+
+------------------------+
|estimate_value          |
+------------------------+
|      217173673202.11649|
+------------------------+
+------------------------+
|estimate_value          |
+------------------------+
|      217040374234.12262|
+------------------------+
+------------------------+
|estimate_value          |
+------------------------+
|       216987890817.7601|
+------------------------+
+------------------------+
|estimate_value          |
+------------------------+
|      217089758135.31039|
+------------------------+
+------------------------+
|estimate_value          |
+------------------------+
|      217016464654.57114|
+------------------------+
+------------------------+
|estimate_value          |
+------------------------+
|      217050876493.71106|
+------------------------+
+------------------------+
|estimate_value          |
+------------------------+
|      217124920353.04987|
+------------------------+
+------------------------+
|estimate_value          |
+------------------------+
|      217050315990.26797|
+------------------------+
+------------------------+
|estimate_value          |
+------------------------+
|      217034755654.54208|
+------------------------+
+------------------------+
|estimate_value          |
+------------------------+
|      216998682510.73987|
+------------------------+
+------------------------+
|estimate_value          |
+------------------------+
|      217039310224.21188|
+------------------------+
+------------------------+
|estimate_value          |
+------------------------+
|      217129087048.93597|
+------------------------+
+------------------------+
|estimate_value          |
+------------------------+
|      217101438411.08398|
+------------------------+
+------------------------+
|estimate_value          |
+------------------------+
|      217044190603.92883|
+------------------------+
+------------------------+
|estimate_value          |
+------------------------+
|      216944793937.57166|
+------------------------+
+------------------------+
|estimate_value          |
+------------------------+
|      217064009572.32278|
+------------------------+
+------------------------+
|estimate_value          |
+------------------------+
|      217004603443.80099|
+------------------------+
+------------------------+
|estimate_value          |
+------------------------+
|      217050876035.29514|
+------------------------+
+------------------------+
|estimate_value          |
+------------------------+
|      217064023490.38965|
+------------------------+
+------------------------+
|estimate_value          |
+------------------------+
|      217105759187.81982|
+------------------------+
+------------------------+
|estimate_value          |
+------------------------+
|      217004120814.03189|
+------------------------+
+------------------------+
|estimate_value          |
+------------------------+
|      217073377553.97079|
+------------------------+
+------------------------+
|estimate_value          |
+------------------------+
|      217157511639.65524|
+------------------------+
+------------------------+
|estimate_value          |
+------------------------+
|      216985963833.24091|
+------------------------+
+------------------------+
|estimate_value          |
+------------------------+
|      217118155905.09177|
+------------------------+
+------------------------+
|estimate_value          |
+------------------------+
|      217011714880.44327|
+------------------------+
+------------------------+
|estimate_value          |
+------------------------+
|      217150399415.05811|
+------------------------+
+------------------------+
|estimate_value          |
+------------------------+
|      217057862546.09863|
+------------------------+
+------------------------+
|estimate_value          |
+------------------------+
|      216964061078.33893|
+------------------------+
+------------------------+
|estimate_value          |
+------------------------+
|      217071875946.77502|
+------------------------+
+------------------------+
|estimate_value          |
+------------------------+
|      217106519676.25116|
+------------------------+
+------------------------+
|estimate_value          |
+------------------------+
|      216954487898.34344|
+------------------------+
+------------------------+
|estimate_value          |
+------------------------+
|      217039602612.26038|
+------------------------+
+------------------------+
|estimate_value          |
+------------------------+
|      216878943294.51871|
+------------------------+
+------------------------+
|estimate_value          |
+------------------------+
|       217165283871.0336|
+------------------------+
+------------------------+
|estimate_value          |
+------------------------+
|      217130834760.85144|
+------------------------+
+------------------------+
|estimate_value          |
+------------------------+
|      217019728319.62247|
+------------------------+
+------------------------+
|estimate_value          |
+------------------------+
|      217010386589.35156|
+------------------------+
+------------------------+
|estimate_value          |
+------------------------+
|      216944094006.69427|
+------------------------+
+------------------------+
|estimate_value          |
+------------------------+
|      216904083718.32797|
+------------------------+
+------------------------+
|estimate_value          |
+------------------------+
|      216875642715.71265|
+------------------------+
+------------------------+
|estimate_value          |
+------------------------+
|      217010622309.35083|
+------------------------+
+------------------------+
|estimate_value          |
+------------------------+
|      217108826323.38498|
+------------------------+
+------------------------+
|estimate_value          |
+------------------------+
|      217048861627.33951|
+------------------------+
+------------------