Loading settings from quickstep.cfg
QS=/fastdisk/quickstep/build/quickstep_cli_shell

QS_ARGS_BASE="-worker_affinities="0,1,2,3,4,5,6,7,8,9,10,11,12,13,14,15,16,17,18,19,20,21,22,23,24,25,26,27,28,29,30,31,32,33,34,35,36,37,38,39" -sampling_rate=0.2 -display_timing=false -use_filter_joins=false -sampling_tables="lineitem""

QS_ARGS_NUMA_LOAD=""

QS_ARGS_NUMA_RUN="-preload_buffer_pool=false"

CREATE_SQL="create.sql"

LOAD_DATA=false

TPCH_DATA_PATH=/slowdisk/raw-data/tpch-sf100

QS_STORAGE=/fastdisk/qs-data/tpch-sf100

QUERIES="SdWithRedundancy_09"
Running a subset of queries with length 1
/fastdisk/quickstep/build/quickstep_cli_shell -worker_affinities=0,1,2,3,4,5,6,7,8,9,10,11,12,13,14,15,16,17,18,19,20,21,22,23,24,25,26,27,28,29,30,31,32,33,34,35,36,37,38,39 -sampling_rate=0.2 -display_timing=false -use_filter_joins=false -sampling_tables=lineitem -preload_buffer_pool=false -storage_path=/fastdisk/qs-data/tpch-sf100
Query SdWithRedundancy_09.sql
Starting Quickstep with 40 worker thread(s) and a 125.75 GB buffer pool.
+------------------------+
|estimate_value          |
+------------------------+
|      217118519376.09476|
+------------------------+
+------------------------+
|estimate_value          |
+------------------------+
|      217127469579.89999|
+------------------------+
+------------------------+
|estimate_value          |
+------------------------+
|      217242456266.62064|
+------------------------+
+------------------------+
|estimate_value          |
+------------------------+
|      217160534194.35077|
+------------------------+
+------------------------+
|estimate_value          |
+------------------------+
|      217241695409.86298|
+------------------------+
+------------------------+
|estimate_value          |
+------------------------+
|       217053819754.6059|
+------------------------+
+------------------------+
|estimate_value          |
+------------------------+
|      217107660838.62747|
+------------------------+
+------------------------+
|estimate_value          |
+------------------------+
|      217110546665.30981|
+------------------------+
+------------------------+
|estimate_value          |
+------------------------+
|      217246906963.05994|
+------------------------+
+------------------------+
|estimate_value          |
+------------------------+
|      217215960600.04565|
+------------------------+
+------------------------+
|estimate_value          |
+------------------------+
|       217098425466.3143|
+------------------------+
+------------------------+
|estimate_value          |
+------------------------+
|       217316293399.2399|
+------------------------+
+------------------------+
|estimate_value          |
+------------------------+
|      217003937927.30075|
+------------------------+
+------------------------+
|estimate_value          |
+------------------------+
|      216761719687.80496|
+------------------------+
+------------------------+
|estimate_value          |
+------------------------+
|      216867664574.60703|
+------------------------+
+------------------------+
|estimate_value          |
+------------------------+
|      216989059862.11801|
+------------------------+
+------------------------+
|estimate_value          |
+------------------------+
|      217290050226.29114|
+------------------------+
+------------------------+
|estimate_value          |
+------------------------+
|       217116573552.9353|
+------------------------+
+------------------------+
|estimate_value          |
+------------------------+
|      217343330553.58948|
+------------------------+
+------------------------+
|estimate_value          |
+------------------------+
|      217031351145.30862|
+------------------------+
+------------------------+
|estimate_value          |
+------------------------+
|      217045408103.80728|
+------------------------+
+------------------------+
|estimate_value          |
+------------------------+
|      217048546245.36444|
+------------------------+
+------------------------+
|estimate_value          |
+------------------------+
|      217024194605.75555|
+------------------------+
+------------------------+
|estimate_value          |
+------------------------+
|      217147844497.17041|
+------------------------+
+------------------------+
|estimate_value          |
+------------------------+
|      217117291182.70499|
+------------------------+
+------------------------+
|estimate_value          |
+------------------------+
|      217030375973.04218|
+------------------------+
+------------------------+
|estimate_value          |
+------------------------+
|      217137398751.51566|
+------------------------+
+------------------------+
|estimate_value          |
+------------------------+
|      217094981971.94424|
+------------------------+
+------------------------+
|estimate_value          |
+------------------------+
|       216947765829.1463|
+------------------------+
+------------------------+
|estimate_value          |
+------------------------+
|      217145632037.81625|
+------------------------+
+------------------------+
|estimate_value          |
+------------------------+
|      217073838412.33798|
+------------------------+
+------------------------+
|estimate_value          |
+------------------------+
|      217131957813.00385|
+------------------------+
+------------------------+
|estimate_value          |
+------------------------+
|      217350344305.75189|
+------------------------+
+------------------------+
|estimate_value          |
+------------------------+
|      217036657974.56039|
+------------------------+
+------------------------+
|estimate_value          |
+------------------------+
|       217169524546.6008|
+------------------------+
+------------------------+
|estimate_value          |
+------------------------+
|        217123831448.612|
+------------------------+
+------------------------+
|estimate_value          |
+------------------------+
|      217248752255.32098|
+------------------------+
+------------------------+
|estimate_value          |
+------------------------+
|      217225259937.42584|
+------------------------+
+------------------------+
|estimate_value          |
+------------------------+
|      216961484107.42419|
+------------------------+
+------------------------+
|estimate_value          |
+------------------------+
|      216996783911.63733|
+------------------------+
+------------------------+
|estimate_value          |
+------------------------+
|      217069664901.51346|
+------------------------+
+------------------------+
|estimate_value          |
+------------------------+
|      216840596303.48016|
+------------------------+
+------------------------+
|estimate_value          |
+------------------------+
|      217286899105.55212|
+------------------------+
+------------------------+
|estimate_value          |
+------------------------+
|      217042146353.50281|
+------------------------+
+------------------------+
|estimate_value          |
+------------------------+
|      216859363312.24664|
+------------------------+
+------------------------+
|estimate_value          |
+------------------------+
|      216775508275.99628|
+------------------------+
+------------------------+
|estimate_value          |
+------------------------+
|      217223883538.39948|
+------------------------+
+------------------------+
|estimate_value          |
+------------------------+
|      217383997684.90219|
+------------------------+
+------------------------+
|estimate_value          |
+------------------------+
|      217329828610.71552|
+------------------------+
+------------------------+
|estimate_value          |
+------------------------+
|      217075609677.08313|
+------------------------+
+------------------------+
|estimate_value          |
+------------------------+
|      217001184341.08661|
+------------------------+
+------------------------+
|estimate_value          |
+------------------------+
|      217151915259.86594|
+------------------------+
+------------------------+
|estimate_value          |
+------------------------+
|       216955031250.9201|
+------------------------+
+------------------------+
|estimate_value          |
+------------------------+
|       216965564558.3992|
+------------------------+
+------------------------+
|estimate_value          |
+------------------------+
|      216835549764.82385|
+------------------------+
+------------------------+
|estimate_value          |
+------------------------+
|      217133181281.17868|
+------------------------+
+------------------------+
|estimate_value          |
+------------------------+
|      217256575691.07666|
+------------------------+
+------------------------+
|estimate_value          |
+------------------------+
|      216850514963.19043|
+------------------------+
+------------------------+
|estimate_value          |
+------------------------+
|      216805605604.00482|
+------------------------+
+------------------------+
|estimate_value          |
+------------------------+
|      217140553338.95834|
+------------------------+
+------------------------+
|estimate_value          |
+------------------------+
|      217260910752.11374|
+------------------------+
+------------------------+
|estimate_value          |
+------------------------+
|      217050685064.56754|
+------------------------+
+------------------------+
|estimate_value          |
+------------------------+
|      217186251092.86813|
+------------------------+
+------------------------+
|estimate_value          |
+------------------------+
|      217049984958.82004|
+------------------------+
+------------------------+
|estimate_value          |
+------------------------+
|      216891177834.24942|
+------------------------+
+------------------------+
|estimate_value          |
+------------------------+
|      217102384524.14194|
+------------------------+
+------------------------+
|estimate_value          |
+------------------------+
|      216811485921.27158|
+------------------------+
+------------------------+
|estimate_value          |
+------------------------+
|      216965249841.38333|
+------------------------+
+------------------------+
|estimate_value          |
+------------------------+
|      216892097901.30301|
+------------------------+
+------------------------+
|estimate_value          |
+------------------------+
|       217132191883.3851|
+------------------------+
+------------------------+
|estimate_value          |
+------------------------+
|      217080456186.89526|
+------------------------+
+------------------------+
|estimate_value          |
+------------------------+
|      217027640631.46375|
+------------------------+
+------------------------+
|estimate_value          |
+------------------------+
|      217033006088.14429|
+------------------------+
+------------------------+
|estimate_value          |
+------------------------+
|       216882911203.6456|
+------------------------+
+------------------------+
|estimate_value          |
+------------------------+
|      217261355865.85602|
+------------------------+
+------------------------+
|estimate_value          |
+------------------------+
|      217082950730.51682|
+------------------------+
+------------------------+
|estimate_value          |
+------------------------+
|      216909858741.11493|
+------------------------+
+------------------------+
|estimate_value          |
+------------------------+
|      217110513049.54773|
+------------------------+
+------------------------+
|estimate_value          |
+------------------------+
|      216866196087.61407|
+------------------------+
+------------------------+
|estimate_value          |
+------------------------+
|      217375530948.98599|
+------------------------+
+------------------------+
|estimate_value          |
+------------------------+
|        216945170547.707|
+------------------------+
+------------------------+
|estimate_value          |
+------------------------+
|       216955918071.2608|
+------------------------+
+------------------------+
|estimate_value          |
+------------------------+
|      216684735912.63736|
+------------------------+
+------------------------+
|estimate_value          |
+------------------------+
|      216951996821.41656|
+------------------------+
+------------------------+
|estimate_value          |
+------------------------+
|      217065757218.75299|
+------------------------+
+------------------------+
|estimate_value          |
+------------------------+
|      217248884345.08795|
+------------------------+
+------------------------+
|estimate_value          |
+------------------------+
|       217311445200.2211|
+------------------------+
+------------------------+
|estimate_value          |
+------------------------+
|       216894030638.4903|
+------------------------+
+------------------------+
|estimate_value          |
+------------------------+
|      217373349848.18161|
+------------------------+
+------------------------+
|estimate_value          |
+------------------------+
|      217123291652.73502|
+------------------------+
+------------------------+
|estimate_value          |
+------------------------+
|       216859889704.2373|
+------------------------+
+------------------------+
|estimate_value          |
+------------------------+
|      216962352538.66116|
+------------------------+
+------------------------+
|estimate_value          |
+------------------------+
|      217320392772.89276|
+------------------------+
+------------------------+
|estimate_value          |
+------------------------+
|      217115304897.68546|
+------------------------+
+------------------------+
|estimate_value          |
+------------------------+
|      217120570204.61884|
+------------------------+
+------------------------+
|estimate_value          |
+------------------------+
|      217018235215.47287|
+------------------------+
+------------------------+
|estimate_value          |
+------------------------+
|      217075373672.35226|
+------------------------+
+------------------------+
|estimate_value          |
+------------------------+
|      217056721599.21832|
+------------------------+
+------------------------+
|estimate_value          |
+------------------------+
|      217114843146.30283|
+------------------------+
+------------------------+
|estimate_value          |
+------------------------+
|      217149061058.05893|
+------------------------+
+------------------------+
|estimate_value          |
+------------------------+
|       216945116716.7038|
+------------------------+
+------------------------+
|estimate_value          |
+------------------------+
|      217095084870.90744|
+------------------------+
+------------------------+
|estimate_value          |
+------------------------+
|      216972910030.70776|
+------------------------+
+------------------------+
|estimate_value          |
+------------------------+
|      216885728415.49487|
+------------------------+
+------------------------+
|estimate_value          |
+------------------------+
|       216946783609.2041|
+------------------------+
+------------------------+
|estimate_value          |
+------------------------+
|      217002854278.80948|
+------------------------+
+------------------------+
|estimate_value          |
+------------------------+
|      216888070139.74283|
+------------------------+
+------------------------+
|estimate_value          |
+------------------------+
|      216924556683.26898|
+------------------------+
+------------------------+
|estimate_value          |
+------------------------+
|      216828171272.31747|
+------------------------+
+------------------------+
|estimate_value          |
+------------------------+
|      216892596551.21021|
+------------------------+
+------------------------+
|estimate_value          |
+------------------------+
|      217003097997.32681|
+------------------------+
+------------------------+
|estimate_value          |
+------------------------+
|      217389883615.45908|
+------------------------+
+------------------------+
|estimate_value          |
+------------------------+
|       216975045844.6192|
+------------------------+
+------------------------+
|estimate_value          |
+------------------------+
|      216823104333.23697|
+------------------------+
+------------------------+
|estimate_value          |
+------------------------+
|      217009371503.63351|
+------------------------+
+------------------------+
|estimate_value          |
+------------------------+
|      216875116546.41403|
+------------------------+
+------------------------+
|estimate_value          |
+------------------------+
|      216850232175.90005|
+------------------------+
+------------------------+
|estimate_value          |
+------------------------+
|      217168433944.11627|
+------------------------+
+------------------------+
|estimate_value          |
+------------------------+
|      217201448258.66379|
+------------------------+
+------------------------+
|estimate_value          |
+------------------------+
|      216957174782.43347|
+------------------------+
+------------------------+
|estimate_value          |
+------------------------+
|      216998181943.64377|
+------------------------+
+------------------------+
|estimate_value          |
+------------------------+
|      217272279885.94492|
+------------------------+
+------------------------+
|estimate_value          |
+------------------------+
|      217101378580.40768|
+------------------------+
+------------------------+
|estimate_value          |
+------------------------+
|      216926324925.68015|
+------------------------+
+------------------------+
|estimate_value          |
+------------------------+
|      216901113269.05957|
+------------------------+
+------------------------+
|estimate_value          |
+------------------------+
|      216919059752.50357|
+------------------------+
+------------------------+
|estimate_value          |
+------------------------+
|      217036830028.11331|
+------------------------+
+------------------------+
|estimate_value          |
+------------------------+
|      216974591871.24472|
+------------------------+
+------------------------+
|estimate_value          |
+------------------------+
|      217064946204.35004|
+------------------------+
+------------------------+
|estimate_value          |
+------------------------+
|      217057339619.37555|
+------------------------+
+------------------------+
|estimate_value          |
+------------------------+
|       216956813876.8815|
+------------------------+
+------------------------+
|estimate_value          |
+------------------------+
|      216861497549.10025|
+------------------------+
+------------------------+
|estimate_value          |
+------------------------+
|      217026084878.00229|
+------------------------+
+------------------------+
|estimate_value          |
+------------------------+
|      217042003669.66147|
+------------------------+
+------------------------+
|estimate_value          |
+------------------------+
|      217123869067.03827|
+------------------------+
+------------------------+
|estimate_value          |
+------------------------+
|      217229657461.29138|
+------------------------+
+------------------------+
|estimate_value          |
+------------------------+
|      217118268182.43481|
+------------------------+
+------------------------+
|estimate_value          |
+------------------------+
|      217152598685.47714|
+------------------------+
+------------------------+
|estimate_value          |
+------------------------+
|      216886762279.07422|
+------------------------+
+------------------------+
|estimate_value          |
+------------------------+
|      216932816303.10483|
+------------------------+
+------------------------+
|estimate_value          |
+------------------------+
|       217126762990.7861|
+------------------------+
+------------------------+
|estimate_value          |
+------------------------+
|      216752360978.03653|
+------------------------+
+------------------------+
|estimate_value          |
+------------------------+
|      217146406664.76984|
+------------------------+
+------------------------+
|estimate_value          |
+------------------------+
|      216948567883.02203|
+------------------------+
+------------------------+
|estimate_value          |
+------------------------+
|      216969735816.76413|
+------------------------+
+------------------------+
|estimate_value          |
+------------------------+
|      216914604594.31934|
+------------------------+
+------------------------+
|estimate_value          |
+------------------------+
|      216956254442.65857|
+------------------------+
+------------------------+
|estimate_value          |
+------------------------+
|      217051770488.60336|
+------------------------+
+------------------------+
|estimate_value          |
+------------------------+
|      217054168150.20966|
+------------------------+
+------------------------+
|estimate_value          |
+------------------------+
|      217345069335.94305|
+------------------------+
+------------------------+
|estimate_value          |
+------------------------+
|      217068085965.01016|
+------------------------+
+------------------------+
|estimate_value          |
+------------------------+
|      217234112242.68591|
+------------------------+
+------------------------+
|estimate_value          |
+------------------------+
|       217093852009.8158|
+------------------------+
+------------------------+
|estimate_value          |
+------------------------+
|      217203793120.82516|
+------------------------+
+------------------------+
|estimate_value          |
+------------------------+
|      217088914521.00464|
+------------------------+
+------------------------+
|estimate_value          |
+------------------------+
|       217036563789.0827|
+------------------------+
+------------------------+
|estimate_value          |
+------------------------+
|      216981099036.41425|
+------------------------+
+------------------------+
|estimate_value          |
+------------------------+
|      217178055201.30905|
+------------------------+
+------------------------+
|estimate_value          |
+------------------------+
|      217037682897.23135|
+------------------------+
+------------------------+
|estimate_value          |
+------------------------+
|      216844558346.96313|
+------------------------+
+------------------------+
|estimate_value          |
+------------------------+
|      216985272067.41888|
+------------------------+
+------------------------+
|estimate_value          |
+------------------------+
|      216886951268.00354|
+------------------------+
+------------------------+
|estimate_value          |
+------------------------+
|      217007613809.87134|
+------------------------+
+------------------------+
|estimate_value          |
+------------------------+
|      216898546656.57379|
+------------------------+
+------------------------+
|estimate_value          |
+------------------------+
|      217076898071.85678|
+------------------------+
+------------------------+
|estimate_value          |
+------------------------+
|      217055768712.02637|
+------------------------+
+------------------------+
|estimate_value          |
+------------------------+
|      216958704804.91852|
+------------------------+
+------------------------+
|estimate_value          |
+------------------------+
|      216843036609.05615|
+------------------------+
+------------------------+
|estimate_value          |
+------------------------+
|      217100909329.95297|
+------------------------+
+------------------------+
|estimate_value          |
+------------------------+
|      217114787089.32837|
+------------------------+
+------------------------+
|estimate_value          |
+------------------------+
|      216996820847.57385|
+------------------------+
+------------------------+
|estimate_value          |
+------------------------+
|      217310448674.11105|
+------------------------+
+------------------------+
|estimate_value          |
+------------------------+
|      216914174040.63199|
+------------------------+
+------------------------+
|estimate_value          |
+------------------------+
|      217009890602.06924|
+------------------------+
+------------------------+
|estimate_value          |
+------------------------+
|      217030462598.28793|
+------------------------+
+------------------------+
|estimate_value          |
+------------------------+
|      216979972586.43433|
+------------------------+
+------------------------+
|estimate_value          |
+------------------------+
|      217309031555.18469|
+------------------------+
+------------------------+
|estimate_value          |
+------------------------+
|      216980715049.38895|
+------------------------+
+------------------------+
|estimate_value          |
+------------------------+
|      217198549685.23529|
+------------------------+
+------------------------+
|estimate_value          |
+------------------------+
|        217186224753.703|
+------------------------+
+------------------------+
|estimate_value          |
+------------------------+
|      216742574315.97607|
+------------------------+
+------------------------+
|estimate_value          |
+------------------------+
|      217408358869.92407|
+------------------------+
+------------------------+
|estimate_value          |
+------------------------+
|      217179478639.07687|
+------------------------+
+------------------------+
|estimate_value          |
+------------------------+
|       217054942250.1279|
+------------------------+
+------------------------+
|estimate_value          |
+------------------------+
|      217519318393.71313|
+------------------------+
+------------------------+
|estimate_value          |
+------------------------+
|       216991928117.5152|
+------------------------+
+------------------------+
|estimate_value          |
+------------------------+
|      216994046928.97424|
+------------------------+
+------------------------+
|estimate_value          |
+------------------------+
|      217076889338.94421|
+------------------------+
+------------------------+
|estimate_value          |
+------------------------+
|      216830898034.55066|
+------------------------+
+------------------------+
|estimate_value          |
+------------------------+
|      216960581003.37006|
+------------------------+
+------------------------+
|estimate_value          |
+------------------------+
|      216913839872.19278|
+------------------------+
+------------------------+
|estimate_value          |
+------------------------+
|      216933310036.62814|
+------------------------+
+------------------------+
|estimate_value          |
+------------------------+
|      216865421144.06345|
+------------------------+
+------------------------+
|estimate_value          |
+------------------------+
|      217300097210.98203|
+------------------------+
+------------------------+
|estimate_value          |
+------------------------+
|      217139470550.60632|
+------------------------+
+------------------------+
|estimate_value          |
+------------------------+
|      217258674479.39819|
+------------------------+
+------------------------+
|estimate_value          |
+------------------------+
|       216980562065.5174|
+------------------------+
+------------------------+
|estimate_value          |
+------------------------+
|      217096617393.31592|
+------------------------+
+------------------------+
|estimate_value          |
+------------------------+
|      217006136364.21777|
+------------------------+
+------------------------+
|estimate_value          |
+------------------------+
|      216884508304.57446|
+------------------------+
+------------------------+
|estimate_value          |
+------------------------+
|      216869396920.05383|
+------------------------+
+------------------------+
|estimate_value          |
+------------------------+
|      217367041638.41971|
+------------------------+
+------------------------+
|estimate_value          |
+------------------------+
|      217047247672.84192|
+------------------------+
+------------------------+
|estimate_value          |
+------------------------+
|      216947478840.10425|
+------------------------+
+------------------------+
|estimate_value          |
+------------------------+
|      216993342843.59601|
+------------------------+
+------------------------+
|estimate_value          |
+------------------------+
|       217090201343.9165|
+------------------------+
+------------------------+
|estimate_value          |
+------------------------+
|      216936539449.01849|
+------------------------+
+------------------------+
|estimate_value          |
+------------------------+
|      216668062070.95816|
+------------------------+
+------------------------+
|estimate_value          |
+------------------------+
|      217019734989.96112|
+------------------------+
+------------------------+
|estimate_value          |
+------------------------+
|      216971272089.85324|
+------------------------+
+------------------------+
|estimate_value          |
+------------------------+
|      216884531959.10895|
+------------------------+
+------------------------+
|estimate_value          |
+------------------------+
|      217035815478.04199|
+------------------------+
+------------------------+
|estimate_value          |
+------------------------+
|      216976428488.77509|
+------------------------+
+------------------------+
|estimate_value          |
+------------------------+
|      217168786255.18143|
+------------------------+
+------------------------+
|estimate_value          |
+------------------------+
|      217096533668.44928|
+------------------------+
+------------------------+
|estimate_value          |
+------------------------+
|      216996841973.15869|
+------------------------+
+------------------------+
|estimate_value          |
+------------------------+
|      217007107713.17197|
+------------------------+
+------------------------+
|estimate_value          |
+------------------------+
|      217264889395.18378|
+------------------------+
+------------------------+
|estimate_value          |
+------------------------+
|      216993687199.63184|
+------------------------+
+------------------------+
|estimate_value          |
+------------------------+
|      217174434721.95087|
+------------------------+
+------------------------+
|estimate_value          |
+------------------------+
|      217015566363.92227|
+------------------------+
+------------------------+
|estimate_value          |
+------------------------+
|      216945412746.14709|
+------------------------+
+------------------------+
|estimate_value          |
+------------------------+
|      217059812461.38449|
+------------------------+
+------------------------+
|estimate_value          |
+------------------------+
|      216921530430.81152|
+------------------------+
+------------------------+
|estimate_value          |
+------------------------+
|       217065665906.0481|
+------------------------+
+------------------------+
|estimate_value          |
+------------------------+
|      217006357289.91537|
+------------------------+
+------------------------+
|estimate_value          |
+------------------------+
|      217038402195.01593|
+------------------------+
+------------------------+
|estimate_value          |
+------------------------+
|      217030602750.69293|
+------------------------+
+------------------------+
|estimate_value          |
+------------------------+
|       216879148487.3266|
+------------------------+
+------------------------+
|estimate_value          |
+------------------------+
|       217284430688.3143|
+------------------------+
+------------------------+
|estimate_value          |
+------------------------+
|      216958378107.18225|
+------------------------+
+------------------------+
|estimate_value          |
+------------------------+
|      217063048151.69522|
+------------------------+
+------------------------+
|estimate_value          |
+------------------------+
|      217050233441.45679|
+------------------------+
+------------------------+
|estimate_value          |
+------------------------+
|      217139354813.94501|
+------------------------+
+------------------------+
|estimate_value          |
+------------------------+
|      217044016598.81268|
+------------------------+
+------------------------+
|estimate_value          |
+------------------------+
|      216951481377.54767|
+------------------------+
+------------------------+
|estimate_value          |
+------------------------+
|       217016873924.1286|
+------------------------+
+------------------------+
|estimate_value          |
+------------------------+
|      216862897503.30792|
+------------------------+
+------------------------+
|estimate_value          |
+------------------------+
|       217055576547.5947|
+------------------------+
+------------------------+
|estimate_value          |
+------------------------+
|      217082794051.70657|
+------------------------+
+------------------------+
|estimate_value          |
+------------------------+
|      217108272243.37311|
+------------------------+
+------------------------+
|estimate_value          |
+------------------------+
|      217143380855.61633|
+------------------------+
+------------------------+
|estimate_value          |
+------------------------+
|       216976923323.9295|
+------------------------+
+------------------------+
|estimate_value          |
+------------------------+
|      216790432353.85669|
+------------------------+
+------------------------+
|estimate_value          |
+------------------------+
|      217169096499.07336|
+------------------------+
+------------------------+
|estimate_value          |
+------------------------+
|      217152042268.94427|
+------------------------+
+------------------------+
|estimate_value          |
+------------------------+
|      217126981206.26035|
+------------------------+
+------------------------+
|estimate_value          |
+------------------------+
|      216909509674.18646|
+------------------------+
+------------------------+
|estimate_value          |
+------------------------+
|      217101578848.52856|
+------------------------+
+------------------------+
|estimate_value          |
+------------------------+
|      216890854231.84552|
+------------------------+
+------------------------+
|estimate_value          |
+------------------------+
|        217067496243.767|
+------------------------+
+------------------------+
|estimate_value          |
+------------------------+
|      216987758729.91556|
+------------------------+
+------------------------+
|estimate_value          |
+------------------------+
|       216861700647.6557|
+------------------------+
+------------------------+
|estimate_value          |
+------------------------+
|      217117485535.25186|
+------------------------+
+------------------------+
|estimate_value          |
+------------------------+
|      216809900651.34677|
+------------------------+
+------------------------+
|estimate_value          |
+------------------------+
|      217011676988.22281|
+------------------------+
+------------------------+
|estimate_value          |
+------------------------+
|      217019552819.51944|
+------------------------+
+------------------------+
|estimate_value          |
+------------------------+
|       217110252884.6058|
+------------------------+
+------------------------+
|estimate_value          |
+------------------------+
|      217143543399.23288|
+------------------------+
+------------------------+
|estimate_value          |
+------------------------+
|       216998747373.9097|
+------------------------+
+------------------------+
|estimate_value          |
+------------------------+
|      217088517862.60339|
+------------------------+
+------------------------+
|estimate_value          |
+------------------------+
|      217221543286.62079|
+------------------------+
+------------------------+
|estimate_value          |
+------------------------+
|       216939418957.2608|
+------------------------+
+------------------------+
|estimate_value          |
+------------------------+
|      217332772914.76672|
+------------------------+
+------------------------+
|estimate_value          |
+------------------------+
|      217016169401.10114|
+------------------------+
+------------------------+
|estimate_value          |
+------------------------+
|      217064448278.60016|
+------------------------+
+------------------------+
|estimate_value          |
+------------------------+
|      216920728218.64734|
+------------------------+
+------------------------+
|estimate_value          |
+------------------------+
|      217002748058.51215|
+------------------------+
+------------------------+
|estimate_value          |
+------------------------+
|      216942607461.33359|
+------------------------+
+------------------------+
|estimate_value          |
+------------------------+
|      217195231207.43866|
+------------------------+
+------------------------+
|estimate_value          |
+------------------------+
|      216735274207.10727|
+------------------------+
+------------------------+
|estimate_value          |
+------------------------+
|      217038281145.68552|
+------------------------+
+------------------------+
|estimate_value          |
+------------------------+
|      217030725807.90298|
+------------------------+
+------------------------+
|estimate_value          |
+------------------------+
|      217243293302.06952|
+------------------------+
+------------------------+
|estimate_value          |
+------------------------+
|       217052280143.6507|
+------------------------+
+------------------------+
|estimate_value          |
+------------------------+
|      216923655843.64209|
+------------------------+
+------------------------+
|estimate_value          |
+------------------------+
|      217138297258.51465|
+------------------------+
+------------------------+
|estimate_value          |
+------------------------+
|      217346899417.89835|
+------------------------+
+------------------------+
|estimate_value          |
+------------------------+
|      216964936048.04443|
+------------------------+
+------------------------+
|estimate_value          |
+------------------------+
|      216823980626.45609|
+------------------------+
+------------------------+
|estimate_value          |
+------------------------+
|      216935797392.63388|
+------------------------+
+------------------------+
|estimate_value          |
+------------------------+
|      217137239370.75693|
+------------------------+
+------------------------+
|estimate_value          |
+------------------------+
|      216908741485.52011|
+------------------------+
+------------------------+
|estimate_value          |
+------------------------+
|      217204928181.54965|
+------------------------+
+------------------------+
|estimate_value          |
+------------------------+
|       216951140744.9158|
+------------------------+
+------------------------+
|estimate_value          |
+------------------------+
|      216981175816.92914|
+------------------------+
+------------------------+
|estimate_value          |
+------------------------+
|      217185106597.87973|
+------------------------+
+------------------------+
|estimate_value          |
+------------------------+
|      217142137391.96704|
+------------------------+
+------------------------+
|estimate_value          |
+------------------------+
|       217078665550.8454|
+------------------------+
+------------------------+
|estimate_value          |
+------------------------+
|      216880301639.93405|
+------------------------+
+------------------------+
|estimate_value          |
+------------------------+
|       216985970406.5072|
+------------------------+
+------------------------+
|estimate_value          |
+------------------------+
|      217006886330.38196|
+------------------------+
+------------------------+
|estimate_value          |
+------------------------+
|      216970289166.82559|
+------------------------+
+------------------------+
|estimate_value          |
+------------------------+
|       217060228413.1748|
+------------------------+
+------------------------+
|estimate_value          |
+------------------------+
|      217005392006.02759|
+------------------------+
+------------------------+
|estimate_value          |
+------------------------+
|       217178863367.2861|
+------------------------+
+------------------------+
|estimate_value          |
+------------------------+
|      216850315905.89178|
+------------------------+
+------------------------+
|estimate_value          |
+------------------------+
|      217444199380.41647|
+------------------------+
+------------------------+
|estimate_value          |
+------------------------+
|      217270745614.54178|
+------------------------+
+------------------------+
|estimate_value          |
+------------------------+
|      217067775145.91061|
+------------------------+
+------------------------+
|estimate_value          |
+------------------------+
|      217082291940.56454|
+------------------------+
+------------------------+
|estimate_value          |
+------------------------+
|      217089307685.09653|
+------------------------+
+------------------------+
|estimate_value          |
+------------------------+
|      217096865686.88629|
+------------------------+
+------------------------+
|estimate_value          |
+------------------------+
|      217273952171.09357|
+------------------------+
+------------------------+
|estimate_value          |
+------------------------+
|       217043315121.3345|
+------------------------+
+------------------------+
|estimate_value          |
+------------------------+
|      217273112883.46252|
+------------------------+
+------------------------+
|estimate_value          |
+------------------------+
|      217023901692.96823|
+------------------------+
+------------------------+
|estimate_value          |
+------------------------+
|      217132595630.27802|
+------------------------+
+------------------------+
|estimate_value          |
+------------------------+
|      217476486315.86353|
+------------------------+
+------------------------+
|estimate_value          |
+------------------------+
|      216983675363.97653|
+------------------------+
+------------------------+
|estimate_value          |
+------------------------+
|      217021785225.22342|
+------------------------+
+------------------------+
|estimate_value          |
+------------------------+
|      217012005051.89731|
+------------------------+
+------------------------+
|estimate_value          |
+------------------------+
|      217236590959.23068|
+------------------------+
+------------------------+
|estimate_value          |
+------------------------+
|      216987082637.49091|
+------------------------+
+------------------------+
|estimate_value          |
+------------------------+
|      217026519375.46295|
+------------------------+
+------------------------+
|estimate_value          |
+------------------------+
|      216951576263.37103|
+------------------------+
+------------------------+
|estimate_value          |
+------------------------+
|      217072606291.16583|
+------------------------+
+------------------------+
|estimate_value          |
+------------------------+
|      217245109733.83398|
+------------------------+
+------------------------+
|estimate_value          |
+------------------------+
|      216825350826.74915|
+------------------------+
+------------------------+
|estimate_value          |
+------------------------+
|       217073352298.5289|
+------------------------+
+------------------------+
|estimate_value          |
+------------------------+
|       217072373467.9487|
+------------------------+
+------------------------+
|estimate_value          |
+------------------------+
|      216944917460.83615|
+------------------------+
+------------------------+
|estimate_value          |
+------------------------+
|      217308317781.89517|
+------------------------+
+------------------------+
|estimate_value          |
+------------------------+
|      217033061503.13315|
+------------------------+
+------------------------+
|estimate_value          |
+------------------------+
|      217201565989.03909|
+------------------------+
+------------------------+
|estimate_value          |
+------------------------+
|      216708277757.97107|
+------------------------+
+------------------------+
|estimate_value          |
+------------------------+
|      217022721412.18002|
+------------------------+
+------------------------+
|estimate_value          |
+------------------------+
|        216969257541.414|
+------------------------+
+------------------------+
|estimate_value          |
+------------------------+
|      217096044771.74649|
+------------------------+
+------------------------+
|estimate_value          |
+------------------------+
|      217000932939.50214|
+------------------------+
+------------------------+
|estimate_value          |
+------------------------+
|      217152510684.56815|
+------------------------+
+------------------------+
|estimate_value          |
+------------------------+
|      216946521404.57629|
+------------------------+
+------------------------+
|estimate_value          |
+------------------------+
|      217174590579.24298|
+------------------------+
+------------------------+
|estimate_value          |
+------------------------+
|       217332500805.2085|
+------------------------+
+------------------------+
|estimate_value          |
+------------------------+
|      216962188341.43405|
+------------------------+
+------------------------+
|estimate_value          |
+------------------------+
|      216876452817.71637|
+------------------------+
+------------------------+
|estimate_value          |
+------------------------+
|      217117010491.93265|
+------------------------+
+------------------------+
|estimate_value          |
+------------------------+
|      216828597006.39835|
+------------------------+
+------------------------+
|estimate_value          |
+------------------------+
|      217115891180.76212|
+------------------------+
+------------------------+
|estimate_value          |
+------------------------+
|      216960709821.58026|
+------------------------+
+------------------------+
|estimate_value          |
+------------------------+
|      217316633089.22507|
+------------------------+
+------------------------+
|estimate_value          |
+------------------------+
|      217139284151.09302|
+------------------------+
+------------------------+
|estimate_value          |
+------------------------+
|      216881021866.38013|
+------------------------+
+------------------------+
|estimate_value          |
+------------------------+
|      217021394128.57324|
+------------------------+
+------------------------+
|estimate_value          |
+------------------------+
|      217062606371.20728|
+------------------------+
+------------------------+
|estimate_value          |
+------------------------+
|      217330605682.67694|
+------------------------+
+------------------------+
|estimate_value          |
+------------------------+
|      216985507415.85617|
+------------------------+
+------------------------+
|estimate_value          |
+------------------------+
|      217048673287.38052|
+------------------------+
+------------------------+
|estimate_value          |
+------------------------+
|      217317531935.40109|
+------------------------+
+------------------------+
|estimate_value          |
+------------------------+
|      217081708752.89047|
+------------------------+
+------------------------+
|estimate_value          |
+------------------------+
|      216927109427.96136|
+------------------------+
+------------------------+
|estimate_value          |
+------------------------+
|      217243904934.28983|
+------------------------+
+------------------------+
|estimate_value          |
+------------------------+
|      217278876072.79773|
+------------------------+
+------------------------+
|estimate_value          |
+------------------------+
|      217021259105.43933|
+------------------------+
+------------------------+
|estimate_value          |
+------------------------+
|      216995638294.19522|
+------------------------+
+------------------------+
|estimate_value          |
+------------------------+
|      217217196585.71075|
+------------------------+
+------------------------+
|estimate_value          |
+------------------------+
|      216892317706.08325|
+------------------------+
+------------------------+
|estimate_value          |
+------------------------+
|      217221897898.98865|
+------------------------+
+------------------------+
|estimate_value          |
+------------------------+
|      216977603135.65372|
+------------------------+
+------------------------+
|estimate_value          |
+------------------------+
|      216908739847.36334|
+------------------------+
+------------------------+
|estimate_value          |
+------------------------+
|      216893059377.68628|
+------------------------+
+------------------------+
|estimate_value          |
+------------------------+
|      217026398438.43436|
+------------------------+
+------------------------+
|estimate_value          |
+------------------------+
|      217155078922.51672|
+------------------------+
+------------------------+
|estimate_value          |
+------------------------+
|      217118390450.51224|
+------------------------+
+------------------------+
|estimate_value          |
+------------------------+
|      217230623537.87323|
+------------------------+
+------------------------+
|estimate_value          |
+------------------------+
|      217144685192.06119|
+------------------------+
+------------------------+
|estimate_value          |
+------------------------+
|      217121139151.78271|
+------------------------+
+------------------------+
|estimate_value          |
+------------------------+
|      216824594614.19766|
+------------------------+
+------------------------+
|estimate_value          |
+------------------------+
|      217049430910.88443|
+------------------------+
+------------------------+
|estimate_value          |
+------------------------+
|      216970228885.40778|
+------------------------+
+------------------------+
|estimate_value          |
+------------------------+
|      217241321805.90909|
+------------------------+
+------------------------+
|estimate_value          |
+------------------------+
|      217058845822.64056|
+------------------------+
+------------------------+
|estimate_value          |
+------------------------+
|      217037234212.85696|
+------------------------+
+------------------------+
|estimate_value          |
+------------------------+
|      216835807390.57239|
+------------------------+
+------------------------+
|estimate_value          |
+------------------------+
|      216809689534.84723|
+------------------------+
+------------------------+
|estimate_value          |
+------------------------+
|      217136833762.04468|
+------------------------+
+------------------------+
|estimate_value          |
+------------------------+
|        217019196046.798|
+------------------------+
+------------------------+
|estimate_value          |
+------------------------+
|      217015496376.10565|
+------------------------+
+------------------------+
|estimate_value          |
+------------------------+
|      216968920865.67722|
+------------------------+
+------------------------+
|estimate_value          |
+------------------------+
|      217356717297.69846|
+------------------------+
+------------------------+
|estimate_value          |
+------------------------+
|      217333379858.37823|
+------------------------+
+------------------------+
|estimate_value          |
+------------------------+
|      216885897503.11539|
+------------------------+
+------------------------+
|estimate_value          |
+------------------------+
|      217107294620.83154|
+------------------------+
+------------------------+
|estimate_value          |
+------------------------+
|      217018985638.30283|
+------------------------+
+------------------------+
|estimate_value          |
+------------------------+
|      217141261498.35913|
+------------------------+
+------------------------+
|estimate_value          |
+------------------------+
|      217039323165.37885|
+------------------------+
+------------------------+
|estimate_value          |
+------------------------+
|      217011004881.93353|
+------------------------+
+------------------------+
|estimate_value          |
+------------------------+
|       217107705370.0658|
+------------------------+
+------------------------+
|estimate_value          |
+------------------------+
|       217239714465.7139|
+------------------------+
+------------------------+
|estimate_value          |
+------------------------+
|      216942458958.34238|
+------------------------+
+------------------------+
|estimate_value          |
+------------------------+
|      217129599885.97726|
+------------------------+
+------------------------+
|estimate_value          |
+------------------------+
|       217068806790.6087|
+------------------------+
+------------------------+
|estimate_value          |
+------------------------+
|       216935557651.8027|
+------------------------+
+------------------------+
|estimate_value          |
+------------------------+
|      217132218616.23071|
+------------------------+
+------------------------+
|estimate_value          |
+------------------------+
|      217319633203.65265|
+------------------------+
+------------------------+
|estimate_value          |
+------------------------+
|      217115273274.10031|
+------------------------+
+------------------------+
|estimate_value          |
+------------------------+
|      216986234853.59601|
+------------------------+
+------------------------+
|estimate_value          |
+------------------------+
|      217103851537.63596|
+------------------------+
+------------------------+
|estimate_value          |
+------------------------+
|      216944086857.84836|
+------------------------+
+------------------------+
|estimate_value          |
+------------------------+
|      216916342216.00696|
+------------------------+
+------------------------+
|estimate_value          |
+------------------------+
|       217264168150.5209|
+------------------------+
+------------------------+
|estimate_value          |
+------------------------+
|      216876982212.28506|
+------------------------+
+------------------------+
|estimate_value          |
+------------------------+
|      217137054770.96603|
+------------------------+
+------------------------+
|estimate_value          |
+------------------------+
|      216864776688.91525|
+------------------------+
+------------------------+
|estimate_value          |
+------------------------+
|      217036714548.98087|
+------------------------+
+------------------------+
|estimate_value          |
+------------------------+
|       216874099445.5593|
+------------------------+
+------------------------+
|estimate_value          |
+------------------------+
|      217038671047.20682|
+------------------------+
+------------------------+
|estimate_value          |
+------------------------+
|      216958483474.27377|
+------------------------+
+------------------------+
|estimate_value          |
+------------------------+
|      217216527679.79245|
+------------------------+
+------------------------+
|estimate_value          |
+------------------------+
|      217115924934.52466|
+------------------------+
+------------------------+
|estimate_value          |
+------------------------+
|      217096731835.64978|
+------------------------+
+------------------------+
|estimate_value          |
+------------------------+
|      217256622993.07712|
+------------------------+
+------------------------+
|estimate_value          |
+------------------------+
|      217190537093.80676|
+------------------------+
+------------------------+
|estimate_value          |
+------------------------+
|      217043609768.85986|
+------------------------+
+------------------------+
|estimate_value          |
+------------------------+
|      217245419039.12747|
+------------------------+
+------------------------+
|estimate_value          |
+------------------------+
|      217032616898.99704|
+------------------------+
+------------------------+
|estimate_value          |
+------------------------+
|      216859642640.58786|
+------------------------+
+------------------------+
|estimate_value          |
+------------------------+
|       217063715185.0715|
+------------------------+
+------------------------+
|estimate_value          |
+------------------------+
|      217021966186.24353|
+------------------------+
+------------------------+
|estimate_value          |
+------------------------+
|      217165484910.71347|
+------------------------+
+------------------------+
|estimate_value          |
+------------------------+
|      217054594543.33792|
+------------------------+
+------------------------+
|estimate_value          |
+------------------------+
|      217067871469.68912|
+------------------------+
+------------------------+
|estimate_value          |
+------------------------+
|      217066056750.14917|
+------------------------+
+------------------------+
|estimate_value          |
+------------------------+
|      216948123199.82358|
+------------------------+
+------------------------+
|estimate_value          |
+------------------------+
|      217114984681.01196|
+------------------------+
+------------------------+
|estimate_value          |
+------------------------+
|       217072287156.4379|
+------------------------+
+------------------------+
|estimate_value          |
+------------------------+
|      217123306892.32776|
+------------------------+
+------------------------+
|estimate_value          |
+------------------------+
|      217164713071.41211|
+------------------------+
+------------------------+
|estimate_value          |
+------------------------+
|      217053400714.89114|
+------------------------+
+------------------------+
|estimate_value          |
+------------------------+
|      217273987414.08182|
+------------------------+
+------------------------+
|estimate_value          |
+------------------------+
|      216969525086.91705|
+------------------------+
+------------------------+
|estimate_value          |
+------------------------+
|      217120190691.02356|
+------------------------+
+------------------------+
|estimate_value          |
+------------------------+
|      217190142905.94852|
+------------------------+
+------------------------+
|estimate_value          |
+------------------------+
|      217249762144.41656|
+------------------------+
+------------------------+
|estimate_value          |
+------------------------+
|      217032572769.27005|
+------------------------+
+------------------------+
|estimate_value          |
+------------------------+
|       217131706630.5451|
+------------------------+
+------------------------+
|estimate_value          |
+------------------------+
|      217296014238.54996|
+------------------------+
+------------------------+
|estimate_value          |
+------------------------+
|      217033335913.71274|
+------------------------+
+------------------------+
|estimate_value          |
+------------------------+
|      217001358193.49603|
+------------------------+
+------------------------+
|estimate_value          |
+------------------------+
|      217175189128.41409|
+------------------------+
+------------------------+
|estimate_value          |
+------------------------+
|      217031819246.20175|
+------------------------+
+------------------------+
|estimate_value          |
+------------------------+
|      216995202282.16287|
+------------------------+
+------------------------+
|estimate_value          |
+------------------------+
|      216885227313.72852|
+------------------------+
+------------------------+
|estimate_value          |
+------------------------+
|      217162288297.40399|
+------------------------+
+------------------------+
|estimate_value          |
+------------------------+
|      216962065521.92456|
+------------------------+
+------------------------+
|estimate_value          |
+------------------------+
|      217047189715.19421|
+------------------------+
+------------------------+
|estimate_value          |
+------------------------+
|      216745939767.32568|
+------------------------+
+------------------------+
|estimate_value          |
+------------------------+
|      216987819128.28067|
+------------------------+
+------------------------+
|estimate_value          |
+------------------------+
|       217108955965.8226|
+------------------------+
+------------------------+
|estimate_value          |
+------------------------+
|      216785616864.47141|
+------------------------+
+------------------------+
|estimate_value          |
+------------------------+
|      217003562662.56165|
+------------------------+
+------------------------+
|estimate_value          |
+------------------------+
|      216950845581.04202|
+------------------------+
+------------------------+
|estimate_value          |
+------------------------+
|      216841336595.09604|
+------------------------+
+------------------------+
|estimate_value          |
+------------------------+
|      216812314092.59668|
+------------------------+
+------------------------+
|estimate_value          |
+------------------------+
|      217327843169.69434|
+------------------------+
+------------------------+
|estimate_value          |
+------------------------+
|      217238358334.84763|
+------------------------+
+------------------------+
|estimate_value          |
+------------------------+
|      217195579987.86292|
+------------------------+
+------------------------+
|estimate_value          |
+------------------------+
|      217077157559.42484|
+------------------------+
+------------------------+
|estimate_value          |
+------------------------+
|      217003577013.36237|
+------------------------+
+------------------------+
|estimate_value          |
+------------------------+
|      216915846714.76913|
+------------------------+
+------------------------+
|estimate_value          |
+------------------------+
|      217120686277.73843|
+------------------------+
+------------------------+
|estimate_value          |
+------------------------+
|      216908528104.09216|
+------------------------+
+------------------------+
|estimate_value          |
+------------------------+
|      216982658414.37369|
+------------------------+
+------------------------+
|estimate_value          |
+------------------------+
|      217209145572.94653|
+------------------------+
+------------------------+
|estimate_value          |
+------------------------+
|      217103101969.24606|
+------------------------+
+------------------------+
|estimate_value          |
+------------------------+
|      216843648169.09891|
+------------------------+
+------------------------+
|estimate_value          |
+------------------------+
|      217311571319.76529|
+------------------------+
+------------------------+
|estimate_value          |
+------------------------+
|      216896489381.43069|
+------------------------+
+------------------------+
|estimate_value          |
+------------------------+
|      217116386490.14474|
+------------------------+
+------------------------+
|estimate_value          |
+------------------------+
|      216934589582.91858|
+------------------------+
+------------------------+
|estimate_value          |
+------------------------+
|      217117061499.34274|
+------------------------+
+------------------------+
|estimate_value          |
+------------------------+
|      216982018138.30444|
+------------------------+
+------------------------+
|estimate_value          |
+------------------------+
|      217018656735.63428|
+------------------------+
+------------------------+
|estimate_value          |
+------------------------+
|      217001967414.29242|
+------------------------+
+------------------------+
|estimate_value          |
+------------------------+
|      217176943670.82352|
+------------------------+
+------------------------+
|estimate_value          |
+------------------------+
|      216983484988.24658|
+------------------------+
+------------------------+
|estimate_value          |
+------------------------+
|      217038432951.62729|
+------------------------+
+------------------------+
|estimate_value          |
+------------------------+
|      216987657859.12637|
+------------------------+
+------------------------+
|estimate_value          |
+------------------------+
|       217015712135.9234|
+------------------------+
+------------------------+
|estimate_value          |
+------------------------+
|      217140871840.74164|
+------------------------+
+------------------------+
|estimate_value          |
+------------------------+
|      217124187811.38266|
+------------------------+
+------------------------+
|estimate_value          |
+------------------------+
|      216896635009.17368|
+------------------------+
+------------------------+
|estimate_value          |
+------------------------+
|      216975428180.04727|
+------------------------+
+------------------------+
|estimate_value          |
+------------------------+
|      217287681067.11731|
+------------------------+
+------------------------+
|estimate_value          |
+------------------------+
|      217105382116.61911|
+--------------