Loading settings from tmp.cfg
QS=/fastdisk/quickstep/build-variance/quickstep_cli_shell

QS_ARGS_BASE="-worker_affinities="0,1,2,3,4,5,6,7,8,9,10,11,12,13,14,15,16,17,18,19,20,21,22,23,24,25,26,27,28,29,30,31,32,33,34,35,36,37,38,39" -display_timing=false -sampling_tables=customer,supplier,part -sampling_rates=0.8,0.1,0.7"

QS_ARGS_NUMA_LOAD=""

QS_ARGS_NUMA_RUN="-preload_buffer_pool=false"

CREATE_SQL="create.sql"

LOAD_DATA=false

TPCH_DATA_PATH=/slowdisk/raw-data/tpch-sf100

QS_STORAGE=/fastdisk/qs-data/tpch-sf100-skew

QUERIES="ALL"
/fastdisk/quickstep/build-variance/quickstep_cli_shell -worker_affinities=0,1,2,3,4,5,6,7,8,9,10,11,12,13,14,15,16,17,18,19,20,21,22,23,24,25,26,27,28,29,30,31,32,33,34,35,36,37,38,39 -display_timing=false -sampling_tables=customer,supplier,part -sampling_rates=0.8,0.1,0.7 -preload_buffer_pool=false -storage_path=/fastdisk/qs-data/tpch-sf100-skew
Query SdWoRedundancy_09_c_p_s.sql
(1 row)
(1 row)
(1 row)
(1 row)
(1 row)
(1 row)
(1 row)
(1 row)
(1 row)
(1 row)
Starting Quickstep with 40 worker thread(s) and a 125.75 GB buffer pool.
+------------------------+------------------------+------------------------+
|estimate_value          |stage_1_variance        |stage_2_variance        |
+------------------------+------------------------+------------------------+
|      1200528765515.5225|  3.2834659961956269e+17|  3.9196601752367738e+17|
+------------------------+------------------------+------------------------+
+------------------------+------------------------+------------------------+
|estimate_value          |stage_1_variance        |stage_2_variance        |
+------------------------+------------------------+------------------------+
|      25958229568.316624|       10093414517455268|       12104531326120542|
+------------------------+------------------------+------------------------+
+------------------------+------------------------+------------------------+
|estimate_value          |stage_1_variance        |stage_2_variance        |
+------------------------+------------------------+------------------------+
|      29760185050.496677|       12115285280469982|       14528048753096608|
+------------------------+------------------------+------------------------+
+------------------------+------------------------+------------------------+
|estimate_value          |stage_1_variance        |stage_2_variance        |
+------------------------+------------------------+------------------------+
|      33623499014.916504|        1631167773317546|      1948498611348178.8|
+------------------------+------------------------+------------------------+
+------------------------+------------------------+------------------------+
|estimate_value          |stage_1_variance        |stage_2_variance        |
+------------------------+------------------------+------------------------+
|      3370822587.7464027|      1402149477068109.8|      1682579372481695.2|
+------------------------+------------------------+------------------------+
+------------------------+------------------------+------------------------+
|estimate_value          |stage_1_variance        |stage_2_variance        |
+------------------------+------------------------+------------------------+
|      720018106325.95825|  1.4833555673462112e+17|  1.7731184329182026e+17|
+------------------------+------------------------+------------------------+
+------------------------+------------------------+------------------------+
|estimate_value          |stage_1_variance        |stage_2_variance        |
+------------------------+------------------------+------------------------+
|      1072315296638.8818|  2.5918201240552288e+17|  3.1011092007968806e+17|
+------------------------+------------------------+------------------------+
+------------------------+------------------------+------------------------+
|estimate_value          |stage_1_variance        |stage_2_variance        |
+------------------------+------------------------+------------------------+
|      7220863854.8873615|      1076023671762564.8|      1290741250434329.5|
+------------------------+------------------------+------------------------+
+------------------------+------------------------+------------------------+
|estimate_value          |stage_1_variance        |stage_2_variance        |
+------------------------+------------------------+------------------------+
|      4677006355.6561718|        1434883114042158|        1721287082179886|
+------------------------+------------------------+------------------------+
+------------------------+------------------------+------------------------+
|estimate_value          |stage_1_variance        |stage_2_variance        |
+------------------------+------------------------+------------------------+
|      680282764641.68652|  1.3094878267789096e+17|  1.5638762593103011e+17|
+------------------------+------------------------+------------------------+
+------------------------+------------------------+------------------------+
|estimate_value          |stage_1_variance        |stage_2_variance        |
+------------------(1 row)
(1 row)
(1 row)
(1 row)
(1 row)
(1 row)
(1 row)
(1 row)
(1 row)
(1 row)
------+------------------------+------------------------+
|      474523520998.86267|       65809198152889528|       78753073509268384|
+------------------------+------------------------+------------------------+
+------------------------+------------------------+------------------------+
|estimate_value          |stage_1_variance        |stage_2_variance        |
+------------------------+------------------------+------------------------+
|      14685954088.678497|      1883016582172177.5|        2256979455379713|
+------------------------+------------------------+------------------------+
+------------------------+------------------------+------------------------+
|estimate_value          |stage_1_variance        |stage_2_variance        |
+------------------------+------------------------+------------------------+
|      23831020846.879795|       10870251008415936|       13040244145411434|
+------------------------+------------------------+------------------------+
+------------------------+------------------------+------------------------+
|estimate_value          |stage_1_variance        |stage_2_variance        |
+------------------------+------------------------+------------------------+
|      224052869274.39661|       75561515838509552|       90587976619555936|
+------------------------+------------------------+------------------------+
+------------------------+------------------------+------------------------+
|estimate_value          |stage_1_variance        |stage_2_variance        |
+------------------------+------------------------+------------------------+
|      17950296335.810173|        2933618662956801|        3513659972995938|
+------------------------+------------------------+------------------------+
+------------------------+------------------------+------------------------+
|estimate_value          |stage_1_variance        |stage_2_variance        |
+------------------------+------------------------+------------------------+
|      617978046635.84058|  1.1373650595693904e+17|  1.3557052345102814e+17|
+------------------------+------------------------+------------------------+
+------------------------+------------------------+------------------------+
|estimate_value          |stage_1_variance        |stage_2_variance        |
+------------------------+------------------------+------------------------+
|      1299350888955.1821|  3.8183932423751328e+17|  4.5771273351048045e+17|
+------------------------+------------------------+------------------------+
+------------------------+------------------------+------------------------+
|estimate_value          |stage_1_variance        |stage_2_variance        |
+------------------------+------------------------+------------------------+
|      14527961216.159227|      1201684126164084.2|      1438849409865512.2|
+------------------------+------------------------+------------------------+
+------------------------+------------------------+------------------------+
|estimate_value          |stage_1_variance        |stage_2_variance        |
+------------------------+------------------------+------------------------+
|      14626687850.984179|      1257883052640217.5|        1505602784239215|
+------------------------+------------------------+------------------------+
+------------------------+------------------------+------------------------+
|estimate_value          |stage_1_variance        |stage_2_variance        |
+------------------------+------------------------+------------------------+
|         246607628471.25|       88610453224639792|  1.0622420634397659e+17|
+------------------------+------------------------+------------------------+
Query SdWoRedundancy_09_c_s_p.sql
(1 row)
(1 row)
(1 row)
(1 row)
(1 row)
(1 row)
(1 row)
(1 row)
(1 row)
(1 row)
Starting Quickstep with 40 worker thread(s) and a 125.75 GB buffer pool.
+------------------------+------------------------+------------------------+
|estimate_value          |stage_1_variance        |stage_2_variance        |
+------------------------+------------------------+------------------------+
|      477111711263.68878|       66620201263603304|  2.3709023814828515e+17|
+------------------------+------------------------+------------------------+
+------------------------+------------------------+------------------------+
|estimate_value          |stage_1_variance        |stage_2_variance        |
+------------------------+------------------------+------------------------+
|      731478759679.00977|  1.3764111515050782e+17|  4.7993403838921875e+17|
+------------------------+------------------------+------------------------+
+------------------------+------------------------+------------------------+
|estimate_value          |stage_1_variance        |stage_2_variance        |
+------------------------+------------------------+------------------------+
|      107250790733.04791|       21138986640412592|       73731569729110752|
+------------------------+------------------------+------------------------+
+------------------------+------------------------+------------------------+
|estimate_value          |stage_1_variance        |stage_2_variance        |
+------------------------+------------------------+------------------------+
|      30171112844.291267|        9331380219958832|       33514914040379936|
+------------------------+------------------------+------------------------+
+------------------------+------------------------+------------------------+
|estimate_value          |stage_1_variance        |stage_2_variance        |
+------------------------+------------------------+------------------------+
|      692412535765.26013|  1.2599454499615712e+17|   4.403249541080393e+17|
+------------------------+------------------------+------------------------+
+------------------------+------------------------+------------------------+
|estimate_value          |stage_1_variance        |stage_2_variance        |
+------------------------+------------------------+------------------------+
|      17572719991.828129|        5270525905873530|       14231667067874212|
+------------------------+------------------------+------------------------+
+------------------------+------------------------+------------------------+
|estimate_value          |stage_1_variance        |stage_2_variance        |
+------------------------+------------------------+------------------------+
|      222113367499.33295|       72532845432142336|  1.7654428109719037e+17|
+------------------------+------------------------+------------------------+
+------------------------+------------------------+------------------------+
|estimate_value          |stage_1_variance        |stage_2_variance        |
+------------------------+------------------------+------------------------+
|      505615622998.77362|       91139207189119136|  2.9392694300435386e+17|
+------------------------+------------------------+------------------------+
+------------------------+------------------------+------------------------+
|estimate_value          |stage_1_variance        |stage_2_variance        |
+------------------------+------------------------+------------------------+
|      15410613287.050732|      3930893487341782.5|       14066599032814378|
+------------------------+------------------------+------------------------+
+------------------------+------------------------+------------------------+
|estimate_value          |stage_1_variance        |stage_2_variance        |
+------------------------+------------------------+------------------------+
|      482847865738.43323|       69234781270941688|  2.4334408945500394e+17|
+------------------------+------------------------+------------------------+
+------------------------+------------------------+------------------------+
|estimate_value          |stage_1_variance        |stage_2_variance        |
+------------------(1 row)
(1 row)
(1 row)
(1 row)
(1 row)
(1 row)
(1 row)
(1 row)
(1 row)
(1 row)
------+------------------------+------------------------+
|      27619816775.287403|       13424533639237868|       43921382393960288|
+------------------------+------------------------+------------------------+
+------------------------+------------------------+------------------------+
|estimate_value          |stage_1_variance        |stage_2_variance        |
+------------------------+------------------------+------------------------+
|       141719347573.7619|       38401179625918112|   1.374580031085996e+17|
+------------------------+------------------------+------------------------+
+------------------------+------------------------+------------------------+
|estimate_value          |stage_1_variance        |stage_2_variance        |
+------------------------+------------------------+------------------------+
|       4772140705.208086|      819938728736207.12|        2819089375784733|
+------------------------+------------------------+------------------------+
+------------------------+------------------------+------------------------+
|estimate_value          |stage_1_variance        |stage_2_variance        |
+------------------------+------------------------+------------------------+
|      124309974829.66663|       29015163167669728|  1.0375565794289594e+17|
+------------------------+------------------------+------------------------+
+------------------------+------------------------+------------------------+
|estimate_value          |stage_1_variance        |stage_2_variance        |
+------------------------+------------------------+------------------------+
|      606774886356.16125|  1.0663487420596365e+17|  3.7946014097217133e+17|
+------------------------+------------------------+------------------------+
+------------------------+------------------------+------------------------+
|estimate_value          |stage_1_variance        |stage_2_variance        |
+------------------------+------------------------+------------------------+
|      32165166760.396511|       12842397211377866|       46063578222490656|
+------------------------+------------------------+------------------------+
+------------------------+------------------------+------------------------+
|estimate_value          |stage_1_variance        |stage_2_variance        |
+------------------------+------------------------+------------------------+
|      470743606911.23627|       65099309766604624|   2.340230957328584e+17|
+------------------------+------------------------+------------------------+
+------------------------+------------------------+------------------------+
|estimate_value          |stage_1_variance        |stage_2_variance        |
+------------------------+------------------------+------------------------+
|      7878510196.0300169|        2270822820524407|        8114455755782940|
+------------------------+------------------------+------------------------+
+------------------------+------------------------+------------------------+
|estimate_value          |stage_1_variance        |stage_2_variance        |
+------------------------+------------------------+------------------------+
|      12041496871.837645|        4245004677226043|       10630104389269858|
+------------------------+------------------------+------------------------+
+------------------------+------------------------+------------------------+
|estimate_value          |stage_1_variance        |stage_2_variance        |
+------------------------+------------------------+------------------------+
|      144433245437.58603|       35632344992753408|  1.2319003169866118e+17|
+------------------------+------------------------+------------------------+
Query SdWoRedundancy_09_p_c_s.sql
(1 row)
(1 row)
(1 row)
(1 row)
(1 row)
(1 row)
(1 row)
(1 row)
(1 row)
(1 row)
Starting Quickstep with 40 worker thread(s) and a 125.75 GB buffer pool.
+------------------------+------------------------+------------------------+
|estimate_value          |stage_1_variance        |stage_2_variance        |
+------------------------+------------------------+------------------------+
|      221498674334.05249|  1.4105909520248877e+22|       50290608118052912|
+------------------------+------------------------+------------------------+
+------------------------+------------------------+------------------------+
|estimate_value          |stage_1_variance        |stage_2_variance        |
+------------------------+------------------------+------------------------+
|      1376349236396.2305|  5.5784413257241858e+23|  2.9847719423681683e+17|
+------------------------+------------------------+------------------------+
+------------------------+------------------------+------------------------+
|estimate_value          |stage_1_variance        |stage_2_variance        |
+------------------------+------------------------+------------------------+
|      110996766076.69823|   2.653079630525964e+21|       13869909376857826|
+------------------------+------------------------+------------------------+
+------------------------+------------------------+------------------------+
|estimate_value          |stage_1_variance        |stage_2_variance        |
+------------------------+------------------------+------------------------+
|      15998002011.970469|  3.1732783486457942e+19|      1771974600768720.5|
+------------------------+------------------------+------------------------+
+------------------------+------------------------+------------------------+
|estimate_value          |stage_1_variance        |stage_2_variance        |
+------------------------+------------------------+------------------------+
|      25047743339.488586|  1.0828521504623223e+20|        7282777653125390|
+------------------------+------------------------+------------------------+
+------------------------+------------------------+------------------------+
|estimate_value          |stage_1_variance        |stage_2_variance        |
+------------------------+------------------------+------------------------+
|      32962746853.133072|  1.3392724077826408e+20|        6676461410981316|
+------------------------+------------------------+------------------------+
+------------------------+------------------------+------------------------+
|estimate_value          |stage_1_variance        |stage_2_variance        |
+------------------------+------------------------+------------------------+
|      602250067071.46655|  1.0476598750032763e+23|       73484900694343184|
+------------------------+------------------------+------------------------+
+------------------------+------------------------+------------------------+
|estimate_value          |stage_1_variance        |stage_2_variance        |
+------------------------+------------------------+------------------------+
|      11309963204.300001|  1.7062378267547259e+19|      2849625592267987.5|
+------------------------+------------------------+------------------------+
+------------------------+------------------------+------------------------+
|estimate_value          |stage_1_variance        |stage_2_variance        |
+------------------------+------------------------+------------------------+
|      486039001970.28027|  6.5634610896118028e+22|       48339715884498864|
+------------------------+------------------------+------------------------+
+------------------------+------------------------+------------------------+
|estimate_value          |stage_1_variance        |stage_2_variance        |
+------------------------+------------------------+------------------------+
|       482276073366.4729|  6.5743276652528839e+22|       46212422937559816|
+------------------------+------------------------+------------------------+
+------------------------+------------------------+------------------------+
|estimate_value          |stage_1_variance        |stage_2_variance        |
+------------------(1 row)
(1 row)
(1 row)
(1 row)
(1 row)
(1 row)
(1 row)
(1 row)
(1 row)
(1 row)
------+------------------------+------------------------+
|      12263243733.603439|  2.9033626783843684e+19|      667389316795123.75|
+------------------------+------------------------+------------------------+
+------------------------+------------------------+------------------------+
|estimate_value          |stage_1_variance        |stage_2_variance        |
+------------------------+------------------------+------------------------+
|       711045649733.2074|  1.4843437850585589e+23|  1.0311307132638698e+17|
+------------------------+------------------------+------------------------+
+------------------------+------------------------+------------------------+
|estimate_value          |stage_1_variance        |stage_2_variance        |
+------------------------+------------------------+------------------------+
|      513588873269.96198|  6.6021256412476958e+22|       65188795574795616|
+------------------------+------------------------+------------------------+
+------------------------+------------------------+------------------------+
|estimate_value          |stage_1_variance        |stage_2_variance        |
+------------------------+------------------------+------------------------+
|      21016954806.355839|  1.0635999717413637e+20|        6604877137477746|
+------------------------+------------------------+------------------------+
+------------------------+------------------------+------------------------+
|estimate_value          |stage_1_variance        |stage_2_variance        |
+------------------------+------------------------+------------------------+
|       668903016689.6864|  1.3099295010863253e+23|       92370632871693824|
+------------------------+------------------------+------------------------+
+------------------------+------------------------+------------------------+
|estimate_value          |stage_1_variance        |stage_2_variance        |
+------------------------+------------------------+------------------------+
|       713921318407.3241|  1.0910822537528351e+23|       92476599772903040|
+------------------------+------------------------+------------------------+
+------------------------+------------------------+------------------------+
|estimate_value          |stage_1_variance        |stage_2_variance        |
+------------------------+------------------------+------------------------+
|      719484399993.27808|  1.0925673151947957e+23|       94392468748164704|
+------------------------+------------------------+------------------------+
+------------------------+------------------------+------------------------+
|estimate_value          |stage_1_variance        |stage_2_variance        |
+------------------------+------------------------+------------------------+
|      57448223385.826408|  2.9273559191375646e+20|       12671033277559372|
+------------------------+------------------------+------------------------+
+------------------------+------------------------+------------------------+
|estimate_value          |stage_1_variance        |stage_2_variance        |
+------------------------+------------------------+------------------------+
|      707070232411.54419|  1.4821111104972267e+23|  1.0225761280208893e+17|
+------------------------+------------------------+------------------------+
+------------------------+------------------------+------------------------+
|estimate_value          |stage_1_variance        |stage_2_variance        |
+------------------------+------------------------+------------------------+
|      567487677684.10913|  6.8307497394340043e+22|       58259847191878960|
+------------------------+------------------------+------------------------+
Query SdWoRedundancy_09_p_s_c.sql
(1 row)
(1 row)
(1 row)
(1 row)
(1 row)
(1 row)
(1 row)
(1 row)
(1 row)
(1 row)
Starting Quickstep with 40 worker thread(s) and a 125.75 GB buffer pool.
+------------------------+------------------------+------------------------+
|estimate_value          |stage_1_variance        |stage_2_variance        |
+------------------------+------------------------+------------------------+
|      728038421014.78931|  1.0935561780164014e+23|    2.29646792503581e+23|
+------------------------+------------------------+------------------------+
+------------------------+------------------------+------------------------+
|estimate_value          |stage_1_variance        |stage_2_variance        |
+------------------------+------------------------+------------------------+
|      719451881604.28174|  1.4854050799269264e+23|   3.119253041597156e+23|
+------------------------+------------------------+------------------------+
+------------------------+------------------------+------------------------+
|estimate_value          |stage_1_variance        |stage_2_variance        |
+------------------------+------------------------+------------------------+
|      8169762058.6627512|  6.5584157657252035e+18|   1.337223646956092e+19|
+------------------------+------------------------+------------------------+
+------------------------+------------------------+------------------------+
|estimate_value          |stage_1_variance        |stage_2_variance        |
+------------------------+------------------------+------------------------+
|      11081574637.319309|  6.8053130310235464e+18|  1.3674657757897751e+19|
+------------------------+------------------------+------------------------+
+------------------------+------------------------+------------------------+
|estimate_value          |stage_1_variance        |stage_2_variance        |
+------------------------+------------------------+------------------------+
|      34138400359.594807|  1.2125415521332889e+20|  2.4884120590878042e+20|
+------------------------+------------------------+------------------------+
+------------------------+------------------------+------------------------+
|estimate_value          |stage_1_variance        |stage_2_variance        |
+------------------------+------------------------+------------------------+
|      127761845898.69214|   4.354472330854757e+21|  9.1443907031840451e+21|
+------------------------+------------------------+------------------------+
+------------------------+------------------------+------------------------+
|estimate_value          |stage_1_variance        |stage_2_variance        |
+------------------------+------------------------+------------------------+
|      8672588115.1259823|  5.2830916619691479e+18|   1.096597395917141e+19|
+------------------------+------------------------+------------------------+
+------------------------+------------------------+------------------------+
|estimate_value          |stage_1_variance        |stage_2_variance        |
+------------------------+------------------------+------------------------+
|      108071785874.56233|  2.6611067262271939e+21|  5.5883106662335203e+21|
+------------------------+------------------------+------------------------+
+------------------------+------------------------+------------------------+
|estimate_value          |stage_1_variance        |stage_2_variance        |
+------------------------+------------------------+------------------------+
|      142742465027.05215|  4.4522629191607009e+21|  9.2305691862662382e+21|
+------------------------+------------------------+------------------------+
+------------------------+------------------------+------------------------+
|estimate_value          |stage_1_variance        |stage_2_variance        |
+------------------------+------------------------+------------------------+
|       5314396479.807023|  2.3560825978743752e+18|  4.8029035396997212e+18|
+------------------------+------------------------+------------------------+
+------------------------+------------------------+------------------------+
|estimate_value          |stage_1_variance        |stage_2_variance        |
+------------------(1 row)
(1 row)
(1 row)
(1 row)
(1 row)
(1 row)
(1 row)
(1 row)
(1 row)
(1 row)
------+------------------------+------------------------+
|      3675418251.4998555|  7.1051482884088218e+17|  1.4772139609525202e+18|
+------------------------+------------------------+------------------------+
+------------------------+------------------------+------------------------+
|estimate_value          |stage_1_variance        |stage_2_variance        |
+------------------------+------------------------+------------------------+
|      1254253273591.9873|  3.8467117190494042e+23|  4.1838346983589956e+23|
+------------------------+------------------------+------------------------+
+------------------------+------------------------+------------------------+
|estimate_value          |stage_1_variance        |stage_2_variance        |
+------------------------+------------------------+------------------------+
|      3625888558.3366213|  1.5020674649689224e+18|  3.1537678835396992e+18|
+------------------------+------------------------+------------------------+
+------------------------+------------------------+------------------------+
|estimate_value          |stage_1_variance        |stage_2_variance        |
+------------------------+------------------------+------------------------+
|      843929200.14821517|       19708614861615536|       38789699083002632|
+------------------------+------------------------+------------------------+
+------------------------+------------------------+------------------------+
|estimate_value          |stage_1_variance        |stage_2_variance        |
+------------------------+------------------------+------------------------+
|      962556414.32499695|       23005992236171740|       43290719807409344|
+------------------------+------------------------+------------------------+
+------------------------+------------------------+------------------------+
|estimate_value          |stage_1_variance        |stage_2_variance        |
+------------------------+------------------------+------------------------+
|      24722449347.980003|  1.1424120282570913e+20|  2.3990616170869418e+20|
+------------------------+------------------------+------------------------+
+------------------------+------------------------+------------------------+
|estimate_value          |stage_1_variance        |stage_2_variance        |
+------------------------+------------------------+------------------------+
|      10240603821.792971|  1.4789272681362981e+19|  1.7481288727134009e+19|
+------------------------+------------------------+------------------------+
+------------------------+------------------------+------------------------+
|estimate_value          |stage_1_variance        |stage_2_variance        |
+------------------------+------------------------+------------------------+
|      17838642774.325871|  1.8024191485910733e+19|   3.783611162187214e+19|
+------------------------+------------------------+------------------------+
+------------------------+------------------------+------------------------+
|estimate_value          |stage_1_variance        |stage_2_variance        |
+------------------------+------------------------+------------------------+
|      5659837106.6929159|  2.7548927331843287e+18|  5.7850868236541829e+18|
+------------------------+------------------------+------------------------+
+------------------------+------------------------+------------------------+
|estimate_value          |stage_1_variance        |stage_2_variance        |
+------------------------+------------------------+------------------------+
|      22479286015.125465|  1.0498973016229265e+20|  2.2047134297262955e+20|
+------------------------+------------------------+------------------------+
Query SdWoRedundancy_09_s_c_p.sql
(1 row)
(1 row)
(1 row)
(1 row)
(1 row)
(1 row)
(1 row)
(1 row)
(1 row)
(1 row)
Starting Quickstep with 40 worker thread(s) and a 125.75 GB buffer pool.
+------------------------+------------------------+------------------------+
|estimate_value          |stage_1_variance        |stage_2_variance        |
+------------------------+------------------------+------------------------+
|      10273395634.226366|  3.0518934276512043e+19|       237972887896825.5|
+------------------------+------------------------+------------------------+
+------------------------+------------------------+------------------------+
|estimate_value          |stage_1_variance        |stage_2_variance        |
+------------------------+------------------------+------------------------+
|      38271545688.953835|  6.3306943494922161e+20|      1790383809215369.2|
+------------------------+------------------------+------------------------+
+------------------------+------------------------+------------------------+
|estimate_value          |stage_1_variance        |stage_2_variance        |
+------------------------+------------------------+------------------------+
|       7762346168.519824|  1.2208383966240774e+19|      236019241274342.56|
+------------------------+------------------------+------------------------+
+------------------------+------------------------+------------------------+
|estimate_value          |stage_1_variance        |stage_2_variance        |
+------------------------+------------------------+------------------------+
|      119655041819.57805|  1.1885095867352068e+22|      2800177107703489.5|
+------------------------+------------------------+------------------------+
+------------------------+------------------------+------------------------+
|estimate_value          |stage_1_variance        |stage_2_variance        |
+------------------------+------------------------+------------------------+
|      19776053752.625832|  1.1251835397747488e+20|      208031788152176.03|
+------------------------+------------------------+------------------------+
+------------------------+------------------------+------------------------+
|estimate_value          |stage_1_variance        |stage_2_variance        |
+------------------------+------------------------+------------------------+
|      7262330651.4712353|    1.06340831825663e+19|      94177140494834.906|
+------------------------+------------------------+------------------------+
+------------------------+------------------------+------------------------+
|estimate_value          |stage_1_variance        |stage_2_variance        |
+------------------------+------------------------+------------------------+
|      687485361260.95972|  3.9372919666234289e+23|       13922840706997052|
+------------------------+------------------------+------------------------+
+------------------------+------------------------+------------------------+
|estimate_value          |stage_1_variance        |stage_2_variance        |
+------------------------+------------------------+------------------------+
|      40119394215.107483|  6.4097414653790637e+20|        1853391537227582|
+------------------------+------------------------+------------------------+
+------------------------+------------------------+------------------------+
|estimate_value          |stage_1_variance        |stage_2_variance        |
+------------------------+------------------------+------------------------+
|      33157286414.602589|  3.9935880926422211e+20|      972038304124159.62|
+------------------------+------------------------+------------------------+
+------------------------+------------------------+------------------------+
|estimate_value          |stage_1_variance        |stage_2_variance        |
+------------------------+------------------------+------------------------+
|      133784416421.20932|  1.3726668836824144e+22|      3292836942129343.5|
+------------------------+------------------------+------------------------+
+------------------------+------------------------+------------------------+
|estimate_value          |stage_1_variance        |stage_2_variance        |
+------------------(1 row)
(1 row)
(1 row)
(1 row)
(1 row)
(1 row)
(1 row)
(1 row)
(1 row)
(1 row)
------+------------------------+------------------------+
|      125570257811.39116|  1.3074996623003303e+22|        2993313933444995|
+------------------------+------------------------+------------------------+
+------------------------+------------------------+------------------------+
|estimate_value          |stage_1_variance        |stage_2_variance        |
+------------------------+------------------------+------------------------+
|      475782008781.93024|  1.9691514907072663e+23|        6610847370821622|
+------------------------+------------------------+------------------------+
+------------------------+------------------------+------------------------+
|estimate_value          |stage_1_variance        |stage_2_variance        |
+------------------------+------------------------+------------------------+
|      29963188625.073891|  3.5484538537787648e+20|      1202162065219602.2|
+------------------------+------------------------+------------------------+
+------------------------+------------------------+------------------------+
|estimate_value          |stage_1_variance        |stage_2_variance        |
+------------------------+------------------------+------------------------+
|      25137154972.845387|  3.2308248925765114e+20|      962388914301195.75|
+------------------------+------------------------+------------------------+
+------------------------+------------------------+------------------------+
|estimate_value          |stage_1_variance        |stage_2_variance        |
+------------------------+------------------------+------------------------+
|      97416796639.358902|  7.8689899203081462e+21|      1812779765741909.2|
+------------------------+------------------------+------------------------+
+------------------------+------------------------+------------------------+
|estimate_value          |stage_1_variance        |stage_2_variance        |
+------------------------+------------------------+------------------------+
|      252182444475.20911|  2.4938077405020632e+22|        5771770749260760|
+------------------------+------------------------+------------------------+
+------------------------+------------------------+------------------------+
|estimate_value          |stage_1_variance        |stage_2_variance        |
+------------------------+------------------------+------------------------+
|      4644179951.4158382|  7.0892622894674852e+18|      79437246200035.297|
+------------------------+------------------------+------------------------+
+------------------------+------------------------+------------------------+
|estimate_value          |stage_1_variance        |stage_2_variance        |
+------------------------+------------------------+------------------------+
|      952691620040.58154|  4.2037945490242263e+23|       20721394505563284|
+------------------------+------------------------+------------------------+
+------------------------+------------------------+------------------------+
|estimate_value          |stage_1_variance        |stage_2_variance        |
+------------------------+------------------------+------------------------+
|       6881262719.307229|  1.4510810980264313e+19|      133770681333452.34|
+------------------------+------------------------+------------------------+
+------------------------+------------------------+------------------------+
|estimate_value          |stage_1_variance        |stage_2_variance        |
+------------------------+------------------------+------------------------+
|      110620570607.28316|  7.9503503219337556e+21|        2131045796321681|
+------------------------+------------------------+------------------------+
Query SdWoRedundancy_09_s_p_c.sql
(1 row)
(1 row)
(1 row)
(1 row)
(1 row)
(1 row)
(1 row)
(1 row)
(1 row)
(1 row)
Starting Quickstep with 40 worker thread(s) and a 125.75 GB buffer pool.
+------------------------+------------------------+------------------------+
|estimate_value          |stage_1_variance        |stage_2_variance        |
+------------------------+------------------------+------------------------+
|      30853585194.460148|  1.5457985936726344e+20|  5.1526619789087785e+18|
+------------------------+------------------------+------------------------+
+------------------------+------------------------+------------------------+
|estimate_value          |stage_1_variance        |stage_2_variance        |
+------------------------+------------------------+------------------------+
|      728686256120.01831|  4.4542862152655231e+23|  1.4847620717551752e+22|
+------------------------+------------------------+------------------------+
+------------------------+------------------------+------------------------+
|estimate_value          |stage_1_variance        |stage_2_variance        |
+------------------------+------------------------+------------------------+
|      26626460979.135235|  3.3246223847144502e+20|  1.1082074615714855e+19|
+------------------------+------------------------+------------------------+
+------------------------+------------------------+------------------------+
|estimate_value          |stage_1_variance        |stage_2_variance        |
+------------------------+------------------------+------------------------+
|      121222925740.10907|  1.1983438096924597e+22|  3.9944793656415296e+20|
+------------------------+------------------------+------------------------+
+------------------------+------------------------+------------------------+
|estimate_value          |stage_1_variance        |stage_2_variance        |
+------------------------+------------------------+------------------------+
|      6079101825.8285666|  1.3090036144803336e+19|  4.3633453575926157e+17|
+------------------------+------------------------+------------------------+
+------------------------+------------------------+------------------------+
|estimate_value          |stage_1_variance        |stage_2_variance        |
+------------------------+------------------------+------------------------+
|      671993640589.31165|  3.9253970112044893e+23|   1.308465670401498e+22|
+------------------------+------------------------+------------------------+
+------------------------+------------------------+------------------------+
|estimate_value          |stage_1_variance        |stage_2_variance        |
+------------------------+------------------------+------------------------+
|      9227515568.0571346|  2.0198343601897075e+19|  6.7327811707714714e+17|
+------------------------+------------------------+------------------------+
+------------------------+------------------------+------------------------+
|estimate_value          |stage_1_variance        |stage_2_variance        |
+------------------------+------------------------+------------------------+
|      3874166798.9823003|  4.9501244780287314e+18|  1.6500414926762432e+17|
+------------------------+------------------------+------------------------+
+------------------------+------------------------+------------------------+
|estimate_value          |stage_1_variance        |stage_2_variance        |
+------------------------+------------------------+------------------------+
|      481977150259.39612|   1.971353581032496e+23|  6.5711786034416478e+21|
+------------------------+------------------------+------------------------+
+------------------------+------------------------+------------------------+
|estimate_value          |stage_1_variance        |stage_2_variance        |
+------------------------+------------------------+------------------------+
|      10266698069.444056|  1.9939778419384431e+19|  6.6465928064614758e+17|
+------------------------+------------------------+------------------------+
+------------------------+------------------------+------------------------+
|estimate_value          |stage_1_variance        |stage_2_variance        |
+------------------(1 row)
(1 row)
(1 row)
(1 row)
(1 row)
(1 row)
(1 row)
(1 row)
(1 row)
(1 row)
------+------------------------+------------------------+
|      9452809799.3397369|  1.4063475333801273e+19|  4.6878251112670906e+17|
+------------------------+------------------------+------------------------+
+------------------------+------------------------+------------------------+
|estimate_value          |stage_1_variance        |stage_2_variance        |
+------------------------+------------------------+------------------------+
|       124800562983.1304|  1.1944707062312185e+22|  3.9815690207707313e+20|
+------------------------+------------------------+------------------------+
+------------------------+------------------------+------------------------+
|estimate_value          |stage_1_variance        |stage_2_variance        |
+------------------------+------------------------+------------------------+
|      6123305734.6039543|  2.3727957514806006e+19|  7.9093191716020032e+17|
+------------------------+------------------------+------------------------+
+------------------------+------------------------+------------------------+
|estimate_value          |stage_1_variance        |stage_2_variance        |
+------------------------+------------------------+------------------------+
|      823622060291.89319|  4.0669342180149764e+23|  1.3556447393383233e+22|
+------------------------+------------------------+------------------------+
+------------------------+------------------------+------------------------+
|estimate_value          |stage_1_variance        |stage_2_variance        |
+------------------------+------------------------+------------------------+
|      224052776965.14993|  2.0846286284040675e+22|  6.9487620946802324e+20|
+------------------------+------------------------+------------------------+
+------------------------+------------------------+------------------------+
|estimate_value          |stage_1_variance        |stage_2_variance        |
+------------------------+------------------------+------------------------+
|      11313064755.455048|  4.3470191615933817e+19|  1.4490063871977935e+18|
+------------------------+------------------------+------------------------+
+------------------------+------------------------+------------------------+
|estimate_value          |stage_1_variance        |stage_2_variance        |
+------------------------+------------------------+------------------------+
|      11585826966.273376|  2.5566490551892161e+19|  8.5221577445744768e+17|
+------------------------+------------------------+------------------------+
+------------------------+------------------------+------------------------+
|estimate_value          |stage_1_variance        |stage_2_variance        |
+------------------------+------------------------+------------------------+
|       1154254895250.543|  5.1910577205412644e+23|  1.7303525734929473e+22|
+------------------------+------------------------+------------------------+
+------------------------+------------------------+------------------------+
|estimate_value          |stage_1_variance        |stage_2_variance        |
+------------------------+------------------------+------------------------+
|      1070952004470.5822|  5.1022182245533919e+23|  1.7007394081844658e+22|
+------------------------+------------------------+------------------------+
+------------------------+------------------------+------------------------+
|estimate_value          |stage_1_variance        |stage_2_variance        |
+------------------------+------------------------+------------------------+
|      5694402387.4057817|  2.2197293380582547e+19|  7.3990885669865894e+17|
+------------------------+------------------------+------------------------+
