Loading settings from tmp.cfg
QS=/fastdisk/quickstep/build-variance/quickstep_cli_shell

QS_ARGS_BASE="-worker_affinities="0,1,2,3,4,5,6,7,8,9,10,11,12,13,14,15,16,17,18,19,20,21,22,23,24,25,26,27,28,29,30,31,32,33,34,35,36,37,38,39" -display_timing=false -sampling_tables=customer,supplier,part -sampling_rates=0.8,0.9,0.01"

QS_ARGS_NUMA_LOAD=""

QS_ARGS_NUMA_RUN="-preload_buffer_pool=false"

CREATE_SQL="create.sql"

LOAD_DATA=false

TPCH_DATA_PATH=/slowdisk/raw-data/tpch-sf100

QS_STORAGE=/fastdisk/qs-data/tpch-sf100-skew

QUERIES="ALL"
/fastdisk/quickstep/build-variance/quickstep_cli_shell -worker_affinities=0,1,2,3,4,5,6,7,8,9,10,11,12,13,14,15,16,17,18,19,20,21,22,23,24,25,26,27,28,29,30,31,32,33,34,35,36,37,38,39 -display_timing=false -sampling_tables=customer,supplier,part -sampling_rates=0.8,0.9,0.01 -preload_buffer_pool=false -storage_path=/fastdisk/qs-data/tpch-sf100-skew
Query SdWoRedundancy_09_c_p_s.sql
(1 row)
(1 row)
(1 row)
(1 row)
(1 row)
(1 row)
(1 row)
(1 row)
(1 row)
(1 row)
Starting Quickstep with 40 worker thread(s) and a 125.75 GB buffer pool.
+------------------------+------------------------+------------------------+
|estimate_value          |stage_1_variance        |stage_2_variance        |
+------------------------+------------------------+------------------------+
|       159082765.7916666|      375341816365083.44|        1486353592805731|
+------------------------+------------------------+------------------------+
+------------------------+------------------------+------------------------+
|estimate_value          |stage_1_variance        |stage_2_variance        |
+------------------------+------------------------+------------------------+
|      96339845416.888229|  2.5789655998739507e+17|  1.0212703775500759e+18|
+------------------------+------------------------+------------------------+
+------------------------+------------------------+------------------------+
|estimate_value          |stage_1_variance        |stage_2_variance        |
+------------------------+------------------------+------------------------+
|      29324721137.805595|   1.454469551373416e+17|   5.759699423438791e+17|
+------------------------+------------------------+------------------------+
+------------------------+------------------------+------------------------+
|estimate_value          |stage_1_variance        |stage_2_variance        |
+------------------------+------------------------+------------------------+
|      694249273.06944466|        3067249257387490|       12146307059254460|
+------------------------+------------------------+------------------------+
+------------------------+------------------------+------------------------+
|estimate_value          |stage_1_variance        |stage_2_variance        |
+------------------------+------------------------+------------------------+
|      82241306.763888851|      138008421174429.61|      546513347850741.25|
+------------------------+------------------------+------------------------+
+------------------------+------------------------+------------------------+
|estimate_value          |stage_1_variance        |stage_2_variance        |
+------------------------+------------------------+------------------------+
|      226949440832.26025|       62322759434355552|   2.467981273599561e+17|
+------------------------+------------------------+------------------------+
+------------------------+------------------------+------------------------+
|estimate_value          |stage_1_variance        |stage_2_variance        |
+------------------------+------------------------+------------------------+
|      138749947.38888887|      278712089863566.72|      1103699875859724.5|
+------------------------+------------------------+------------------------+
+------------------------+------------------------+------------------------+
|estimate_value          |stage_1_variance        |stage_2_variance        |
+------------------------+------------------------+------------------------+
|      184985685.27777776|      313522522070350.25|      1241549187398587.2|
+------------------------+------------------------+------------------------+
+------------------------+------------------------+------------------------+
|estimate_value          |stage_1_variance        |stage_2_variance        |
+------------------------+------------------------+------------------------+
|       3336661792.138886|       13644697298953696|       54033001303856656|
+------------------------+------------------------+------------------------+
+------------------------+------------------------+------------------------+
|estimate_value          |stage_1_variance        |stage_2_variance        |
+------------------------+------------------------+------------------------+
|      249625631.66666666|      1138388245243638.2|        4508017451164809|
+------------------------+------------------------+------------------------+
+------------------------+------------------------+------------------------+
|estimate_value          |stage_1_variance        |stage_2_variance        |
+------------------(1 row)
(1 row)
(1 row)
(1 row)
(1 row)
(1 row)
(1 row)
(1 row)
(1 row)
(1 row)
------+------------------------+------------------------+
|      546475595.88888884|      1942817489791202.2|        7693557259573162|
+------------------------+------------------------+------------------------+
+------------------------+------------------------+------------------------+
|estimate_value          |stage_1_variance        |stage_2_variance        |
+------------------------+------------------------+------------------------+
|       118768931183.9373|  4.7718297977347539e+17|  1.8896445999029729e+18|
+------------------------+------------------------+------------------------+
+------------------------+------------------------+------------------------+
|estimate_value          |stage_1_variance        |stage_2_variance        |
+------------------------+------------------------+------------------------+
|      60749250.624999993|      60171910701415.469|      238280766377605.25|
+------------------------+------------------------+------------------------+
+------------------------+------------------------+------------------------+
|estimate_value          |stage_1_variance        |stage_2_variance        |
+------------------------+------------------------+------------------------+
|      522226237.19444442|      990546618841237.38|      3922564610611301.5|
+------------------------+------------------------+------------------------+
+------------------------+------------------------+------------------------+
|estimate_value          |stage_1_variance        |stage_2_variance        |
+------------------------+------------------------+------------------------+
|      58101224671.861076|  4.5249174284249626e+17|  1.7918673016562918e+18|
+------------------------+------------------------+------------------------+
+------------------------+------------------------+------------------------+
|estimate_value          |stage_1_variance        |stage_2_variance        |
+------------------------+------------------------+------------------------+
|      2430570320.3055658|      3523522373431198.5|       13953148598787520|
+------------------------+------------------------+------------------------+
+------------------------+------------------------+------------------------+
|estimate_value          |stage_1_variance        |stage_2_variance        |
+------------------------+------------------------+------------------------+
|      489343644.47222209|      1749126597612588.8|        6926541326545852|
+------------------------+------------------------+------------------------+
+------------------------+------------------------+------------------------+
|estimate_value          |stage_1_variance        |stage_2_variance        |
+------------------------+------------------------+------------------------+
|      252970014.69444442|      756666141629029.62|      2996397920850958.5|
+------------------------+------------------------+------------------------+
+------------------------+------------------------+------------------------+
|estimate_value          |stage_1_variance        |stage_2_variance        |
+------------------------+------------------------+------------------------+
|      6505210712.3749981|       23234299623092224|       92007826507445088|
+------------------------+------------------------+------------------------+
+------------------------+------------------------+------------------------+
|estimate_value          |stage_1_variance        |stage_2_variance        |
+------------------------+------------------------+------------------------+
|      953529369.65277791|      2730797064815428.5|       10813956376669102|
+------------------------+------------------------+------------------------+
Query SdWoRedundancy_09_c_s_p.sql
(1 row)
(1 row)
(1 row)
(1 row)
(1 row)
(1 row)
(1 row)
(1 row)
(1 row)
(1 row)
Starting Quickstep with 40 worker thread(s) and a 125.75 GB buffer pool.
+------------------------+------------------------+------------------------+
|estimate_value          |stage_1_variance        |stage_2_variance        |
+------------------------+------------------------+------------------------+
|      227770926275.99088|       68096704104456752|       13468295653890890|
+------------------------+------------------------+------------------------+
+------------------------+------------------------+------------------------+
|estimate_value          |stage_1_variance        |stage_2_variance        |
+------------------------+------------------------+------------------------+
|      76995913180.291641|  7.4965179354224563e+17|  1.1938576882934221e+17|
+------------------------+------------------------+------------------------+
+------------------------+------------------------+------------------------+
|estimate_value          |stage_1_variance        |stage_2_variance        |
+------------------------+------------------------+------------------------+
|      579105325484.43213|  5.3346206716549622e+18|  8.5184450705097856e+17|
+------------------------+------------------------+------------------------+
+------------------------+------------------------+------------------------+
|estimate_value          |stage_1_variance        |stage_2_variance        |
+------------------------+------------------------+------------------------+
|      902290016.76388884|      3302742118015598.5|      584281814741279.88|
+------------------------+------------------------+------------------------+
+------------------------+------------------------+------------------------+
|estimate_value          |stage_1_variance        |stage_2_variance        |
+------------------------+------------------------+------------------------+
|      226983868347.73996|       62977879857539648|       12496190828161456|
+------------------------+------------------------+------------------------+
+------------------------+------------------------+------------------------+
|estimate_value          |stage_1_variance        |stage_2_variance        |
+------------------------+------------------------+------------------------+
|      169878752.47222218|      441054417247455.38|      107470339837683.28|
+------------------------+------------------------+------------------------+
+------------------------+------------------------+------------------------+
|estimate_value          |stage_1_variance        |stage_2_variance        |
+------------------------+------------------------+------------------------+
|      416111903.15277791|      1789141310848393.5|      316916990597636.69|
+------------------------+------------------------+------------------------+
+------------------------+------------------------+------------------------+
|estimate_value          |stage_1_variance        |stage_2_variance        |
+------------------------+------------------------+------------------------+
|      64348177062.205368|       34233792061432912|        5480831007853412|
+------------------------+------------------------+------------------------+
+------------------------+------------------------+------------------------+
|estimate_value          |stage_1_variance        |stage_2_variance        |
+------------------------+------------------------+------------------------+
|      2018092776.0000012|        8066108712551838|      1353579560372739.2|
+------------------------+------------------------+------------------------+
+------------------------+------------------------+------------------------+
|estimate_value          |stage_1_variance        |stage_2_variance        |
+------------------------+------------------------+------------------------+
|      70881374.388888896|      78634842229498.625|      23885470967979.781|
+------------------------+------------------------+------------------------+
+------------------------+------------------------+------------------------+
|estimate_value          |stage_1_variance        |stage_2_variance        |
+------------------(1 row)
(1 row)
(1 row)
(1 row)
(1 row)
(1 row)
(1 row)
(1 row)
(1 row)
(1 row)
------+------------------------+------------------------+
|      382530482.30555546|      1457033731377829.5|      285493809868741.12|
+------------------------+------------------------+------------------------+
+------------------------+------------------------+------------------------+
|estimate_value          |stage_1_variance        |stage_2_variance        |
+------------------------+------------------------+------------------------+
|      381030643.04166681|      368426737208121.44|      70689131473503.312|
+------------------------+------------------------+------------------------+
+------------------------+------------------------+------------------------+
|estimate_value          |stage_1_variance        |stage_2_variance        |
+------------------------+------------------------+------------------------+
|      1916091509.3194435|        6269815662706096|        1222667984142449|
+------------------------+------------------------+------------------------+
+------------------------+------------------------+------------------------+
|estimate_value          |stage_1_variance        |stage_2_variance        |
+------------------------+------------------------+------------------------+
|      1304865962.6944442|      2688663103584469.5|      465253811847693.75|
+------------------------+------------------------+------------------------+
+------------------------+------------------------+------------------------+
|estimate_value          |stage_1_variance        |stage_2_variance        |
+------------------------+------------------------+------------------------+
|      782415658.83333313|        1817214469043669|      299671184223378.69|
+------------------------+------------------------+------------------------+
+------------------------+------------------------+------------------------+
|estimate_value          |stage_1_variance        |stage_2_variance        |
+------------------------+------------------------+------------------------+
|      366386974.54166675|      754510757707237.88|      152798949574623.22|
+------------------------+------------------------+------------------------+
+------------------------+------------------------+------------------------+
|estimate_value          |stage_1_variance        |stage_2_variance        |
+------------------------+------------------------+------------------------+
|      18828685007076.414|  6.8621886495998288e+19|  1.0632620109240732e+19|
+------------------------+------------------------+------------------------+
+------------------------+------------------------+------------------------+
|estimate_value          |stage_1_variance        |stage_2_variance        |
+------------------------+------------------------+------------------------+
|      354387470.41666657|      564731755367253.62|      123550740126494.88|
+------------------------+------------------------+------------------------+
+------------------------+------------------------+------------------------+
|estimate_value          |stage_1_variance        |stage_2_variance        |
+------------------------+------------------------+------------------------+
|      18821783443218.434|  6.8589870576885809e+19|  1.0626546385011042e+19|
+------------------------+------------------------+------------------------+
+------------------------+------------------------+------------------------+
|estimate_value          |stage_1_variance        |stage_2_variance        |
+------------------------+------------------------+------------------------+
|      149883228.27777776|      184084152931025.38|      68053598049917.047|
+------------------------+------------------------+------------------------+
Query SdWoRedundancy_09_p_c_s.sql
(1 row)
(1 row)
(1 row)
(1 row)
(1 row)
(1 row)
(1 row)
(1 row)
(1 row)
(1 row)
Starting Quickstep with 40 worker thread(s) and a 125.75 GB buffer pool.
+------------------------+------------------------+------------------------+
|estimate_value          |stage_1_variance        |stage_2_variance        |
+------------------------+------------------------+------------------------+
|      90999613.777777761|      2744614185413455.5|       1163945069865.804|
+------------------------+------------------------+------------------------+
+------------------------+------------------------+------------------------+
|estimate_value          |stage_1_variance        |stage_2_variance        |
+------------------------+------------------------+------------------------+
|      472449274.62499994|   1.545428043364896e+17|      16816553176022.803|
+------------------------+------------------------+------------------------+
+------------------------+------------------------+------------------------+
|estimate_value          |stage_1_variance        |stage_2_variance        |
+------------------------+------------------------+------------------------+
|      1797143740.4166665|   1.522606124962411e+18|      98921841126209.641|
+------------------------+------------------------+------------------------+
+------------------------+------------------------+------------------------+
|estimate_value          |stage_1_variance        |stage_2_variance        |
+------------------------+------------------------+------------------------+
|      146780470.12499997|      2735166191932593.5|      2393179027838.2627|
+------------------------+------------------------+------------------------+
+------------------------+------------------------+------------------------+
|estimate_value          |stage_1_variance        |stage_2_variance        |
+------------------------+------------------------+------------------------+
|      356400463.31944448|       34206969104984188|      13489614098417.674|
+------------------------+------------------------+------------------------+
+------------------------+------------------------+------------------------+
|estimate_value          |stage_1_variance        |stage_2_variance        |
+------------------------+------------------------+------------------------+
|      224103608.83333334|       18865454474602456|      4826108112688.0576|
+------------------------+------------------------+------------------------+
+------------------------+------------------------+------------------------+
|estimate_value          |stage_1_variance        |stage_2_variance        |
+------------------------+------------------------+------------------------+
|       10418056841.51383|  9.1315339167545197e+19|      173803390290572.41|
+------------------------+------------------------+------------------------+
+------------------------+------------------------+------------------------+
|estimate_value          |stage_1_variance        |stage_2_variance        |
+------------------------+------------------------+------------------------+
|      209802647.24999997|       13095643300036468|      3924864457164.0571|
+------------------------+------------------------+------------------------+
+------------------------+------------------------+------------------------+
|estimate_value          |stage_1_variance        |stage_2_variance        |
+------------------------+------------------------+------------------------+
|      22518042367.875263|  4.6677885918470098e+20|         880808244364377|
+------------------------+------------------------+------------------------+
+------------------------+------------------------+------------------------+
|estimate_value          |stage_1_variance        |stage_2_variance        |
+------------------------+------------------------+------------------------+
|      92192632.763888866|      856562430710541.62|      1079245302293.9911|
+------------------------+------------------------+------------------------+
+------------------------+------------------------+------------------------+
|estimate_value          |stage_1_variance        |stage_2_variance        |
+------------------(1 row)
(1 row)
(1 row)
(1 row)
(1 row)
(1 row)
(1 row)
(1 row)
(1 row)
(1 row)
------+------------------------+------------------------+
|      100570381.37499999|      1079836010074600.4|      1363913033697.0674|
+------------------------+------------------------+------------------------+
+------------------------+------------------------+------------------------+
|estimate_value          |stage_1_variance        |stage_2_variance        |
+------------------------+------------------------+------------------------+
|      710887880.69444466|  1.0975760481858051e+17|      26188569733722.652|
+------------------------+------------------------+------------------------+
+------------------------+------------------------+------------------------+
|estimate_value          |stage_1_variance        |stage_2_variance        |
+------------------------+------------------------+------------------------+
|      120874491.38888888|      2264429905437052.5|      1901165353575.8008|
+------------------------+------------------------+------------------------+
+------------------------+------------------------+------------------------+
|estimate_value          |stage_1_variance        |stage_2_variance        |
+------------------------+------------------------+------------------------+
|      138927221.65277773|        4767430652353470|      3045250961697.3892|
+------------------------+------------------------+------------------------+
+------------------------+------------------------+------------------------+
|estimate_value          |stage_1_variance        |stage_2_variance        |
+------------------------+------------------------+------------------------+
|      946446460.30555725|  5.1236190358277683e+17|      10688317106760.982|
+------------------------+------------------------+------------------------+
+------------------------+------------------------+------------------------+
|estimate_value          |stage_1_variance        |stage_2_variance        |
+------------------------+------------------------+------------------------+
|      804079256.04166675|  4.0452778775396205e+17|      77774184581591.016|
+------------------------+------------------------+------------------------+
+------------------------+------------------------+------------------------+
|estimate_value          |stage_1_variance        |stage_2_variance        |
+------------------------+------------------------+------------------------+
|      97356928958.798325|  9.1351270320105975e+21|        2623420431768219|
+------------------------+------------------------+------------------------+
+------------------------+------------------------+------------------------+
|estimate_value          |stage_1_variance        |stage_2_variance        |
+------------------------+------------------------+------------------------+
|      266340349.56944439|       16997569702668708|      6428062505992.3965|
+------------------------+------------------------+------------------------+
+------------------------+------------------------+------------------------+
|estimate_value          |stage_1_variance        |stage_2_variance        |
+------------------------+------------------------+------------------------+
|      791276836.70833313|   2.693593723594216e+17|      27128731402687.621|
+------------------------+------------------------+------------------------+
+------------------------+------------------------+------------------------+
|estimate_value          |stage_1_variance        |stage_2_variance        |
+------------------------+------------------------+------------------------+
|      1278882465.4027779|  1.1507393970774061e+18|      61369658356291.023|
+------------------------+------------------------+------------------------+
Query SdWoRedundancy_09_p_s_c.sql
(1 row)
(1 row)
(1 row)
(1 row)
(1 row)
(1 row)
(1 row)
(1 row)
(1 row)
(1 row)
Starting Quickstep with 40 worker thread(s) and a 125.75 GB buffer pool.
+------------------------+------------------------+------------------------+
|estimate_value          |stage_1_variance        |stage_2_variance        |
+------------------------+------------------------+------------------------+
|      241148975.90277776|        7110617287101869|      2873460313064.3223|
+------------------------+------------------------+------------------------+
+------------------------+------------------------+------------------------+
|estimate_value          |stage_1_variance        |stage_2_variance        |
+------------------------+------------------------+------------------------+
|      427460281.33333331|       58228684697456072|      18721012364535.531|
+------------------------+------------------------+------------------------+
+------------------------+------------------------+------------------------+
|estimate_value          |stage_1_variance        |stage_2_variance        |
+------------------------+------------------------+------------------------+
|      939139190.63888896|  5.1276509970632851e+17|       131305836425420.2|
+------------------------+------------------------+------------------------+
+------------------------+------------------------+------------------------+
|estimate_value          |stage_1_variance        |stage_2_variance        |
+------------------------+------------------------+------------------------+
|      37209803148.971413|  1.3582811557432459e+21|  4.5742516471950982e+17|
+------------------------+------------------------+------------------------+
+------------------------+------------------------+------------------------+
|estimate_value          |stage_1_variance        |stage_2_variance        |
+------------------------+------------------------+------------------------+
|      331170796.41666657|       20884246371922448|      8181569264549.4424|
+------------------------+------------------------+------------------------+
+------------------------+------------------------+------------------------+
|estimate_value          |stage_1_variance        |stage_2_variance        |
+------------------------+------------------------+------------------------+
|      54755398629.304443|  2.5229454609798859e+21|  6.3901427194480742e+17|
+------------------------+------------------------+------------------------+
+------------------------+------------------------+------------------------+
|estimate_value          |stage_1_variance        |stage_2_variance        |
+------------------------+------------------------+------------------------+
|      1013015031.3333338|  8.4059117687912038e+17|         219671995071765|
+------------------------+------------------------+------------------------+
+------------------------+------------------------+------------------------+
|estimate_value          |stage_1_variance        |stage_2_variance        |
+------------------------+------------------------+------------------------+
|      106414548.24999999|      4177348928706570.5|      2058772985684.2617|
+------------------------+------------------------+------------------------+
+------------------------+------------------------+------------------------+
|estimate_value          |stage_1_variance        |stage_2_variance        |
+------------------------+------------------------+------------------------+
|      435252714143.84857|  1.8742290906547019e+23|  6.3108630276200481e+19|
+------------------------+------------------------+------------------------+
+------------------------+------------------------+------------------------+
|estimate_value          |stage_1_variance        |stage_2_variance        |
+------------------------+------------------------+------------------------+
|      144952385.20833328|      3122350769329915.5|      1094350753987.0612|
+------------------------+------------------------+------------------------+
+------------------------+------------------------+------------------------+
|estimate_value          |stage_1_variance        |stage_2_variance        |
+------------------(1 row)
(1 row)
(1 row)
(1 row)
(1 row)
(1 row)
(1 row)
(1 row)
(1 row)
(1 row)
------+------------------------+------------------------+
|      154415487.86111113|        4742400101830987|        2003915618357.27|
+------------------------+------------------------+------------------------+
+------------------------+------------------------+------------------------+
|estimate_value          |stage_1_variance        |stage_2_variance        |
+------------------------+------------------------+------------------------+
|      169049517.34722221|        6819686143850730|      2404593287111.2319|
+------------------------+------------------------+------------------------+
+------------------------+------------------------+------------------------+
|estimate_value          |stage_1_variance        |stage_2_variance        |
+------------------------+------------------------+------------------------+
|      395253840.55555558|       29752002728698848|      9228474141399.2793|
+------------------------+------------------------+------------------------+
+------------------------+------------------------+------------------------+
|estimate_value          |stage_1_variance        |stage_2_variance        |
+------------------------+------------------------+------------------------+
|      261551229.97222215|       22849208073052916|      11425169849411.512|
+------------------------+------------------------+------------------------+
+------------------------+------------------------+------------------------+
|estimate_value          |stage_1_variance        |stage_2_variance        |
+------------------------+------------------------+------------------------+
|      405290390.38888878|       36174935647072192|      11414525839488.877|
+------------------------+------------------------+------------------------+
+------------------------+------------------------+------------------------+
|estimate_value          |stage_1_variance        |stage_2_variance        |
+------------------------+------------------------+------------------------+
|       312560825.1111111|       32695816699003712|      10891206097922.781|
+------------------------+------------------------+------------------------+
+------------------------+------------------------+------------------------+
|estimate_value          |stage_1_variance        |stage_2_variance        |
+------------------------+------------------------+------------------------+
|      14686656111.109426|  1.7217125631938301e+20|       57813554301307104|
+------------------------+------------------------+------------------------+
+------------------------+------------------------+------------------------+
|estimate_value          |stage_1_variance        |stage_2_variance        |
+------------------------+------------------------+------------------------+
|      534510794.45833272|  1.2123329393910158e+17|      33236720740538.539|
+------------------------+------------------------+------------------------+
+------------------------+------------------------+------------------------+
|estimate_value          |stage_1_variance        |stage_2_variance        |
+------------------------+------------------------+------------------------+
|      1808006459.1805544|  2.8615047088740332e+18|      1032050484381826.4|
+------------------------+------------------------+------------------------+
+------------------------+------------------------+------------------------+
|estimate_value          |stage_1_variance        |stage_2_variance        |
+------------------------+------------------------+------------------------+
|      556795286.70833313|       95540677915720304|      30585828072493.289|
+------------------------+------------------------+------------------------+
Query SdWoRedundancy_09_s_c_p.sql
(1 row)
(1 row)
(1 row)
(1 row)
(1 row)
(1 row)
(1 row)
(1 row)
(1 row)
(1 row)
Starting Quickstep with 40 worker thread(s) and a 125.75 GB buffer pool.
+------------------------+------------------------+------------------------+
|estimate_value          |stage_1_variance        |stage_2_variance        |
+------------------------+------------------------+------------------------+
|      688974330.26388884|      2853292025007355.5|         749982886932328|
+------------------------+------------------------+------------------------+
+------------------------+------------------------+------------------------+
|estimate_value          |stage_1_variance        |stage_2_variance        |
+------------------------+------------------------+------------------------+
|      443086473.18055564|        3337610278895555|      918674833667527.12|
+------------------------+------------------------+------------------------+
+------------------------+------------------------+------------------------+
|estimate_value          |stage_1_variance        |stage_2_variance        |
+------------------------+------------------------+------------------------+
|      118915806905.83328|   4.687320600409437e+20|  2.1281295675187936e+17|
+------------------------+------------------------+------------------------+
+------------------------+------------------------+------------------------+
|estimate_value          |stage_1_variance        |stage_2_variance        |
+------------------------+------------------------+------------------------+
|      196775370.38888884|      293999885143319.75|      176002457953730.81|
+------------------------+------------------------+------------------------+
+------------------------+------------------------+------------------------+
|estimate_value          |stage_1_variance        |stage_2_variance        |
+------------------------+------------------------+------------------------+
|      431833099.69444454|       810044626651613.5|      383425985393052.88|
+------------------------+------------------------+------------------------+
+------------------------+------------------------+------------------------+
|estimate_value          |stage_1_variance        |stage_2_variance        |
+------------------------+------------------------+------------------------+
|      549668340.54166627|        6258359582400702|      375275675054613.56|
+------------------------+------------------------+------------------------+
+------------------------+------------------------+------------------------+
|estimate_value          |stage_1_variance        |stage_2_variance        |
+------------------------+------------------------+------------------------+
|      258603472.90277773|      422477995971242.75|      357882932235298.25|
+------------------------+------------------------+------------------------+
+------------------------+------------------------+------------------------+
|estimate_value          |stage_1_variance        |stage_2_variance        |
+------------------------+------------------------+------------------------+
|      322815801.56944436|      668273715576151.38|         567428163520214|
+------------------------+------------------------+------------------------+
+------------------------+------------------------+------------------------+
|estimate_value          |stage_1_variance        |stage_2_variance        |
+------------------------+------------------------+------------------------+
|      5111724946.3611097|  3.6914311629312461e+17|        6149826374627158|
+------------------------+------------------------+------------------------+
+------------------------+------------------------+------------------------+
|estimate_value          |stage_1_variance        |stage_2_variance        |
+------------------------+------------------------+------------------------+
|      321440153.65277779|      1037780799719300.9|      351720166762398.69|
+------------------------+------------------------+------------------------+
+------------------------+------------------------+------------------------+
|estimate_value          |stage_1_variance        |stage_2_variance        |
+------------------(1 row)
(1 row)
(1 row)
(1 row)
(1 row)
(1 row)
(1 row)
(1 row)
(1 row)
(1 row)
------+------------------------+------------------------+
|      21173578681.874771|  1.4504617013967114e+19|       37363502882127832|
+------------------------+------------------------+------------------------+
+------------------------+------------------------+------------------------+
|estimate_value          |stage_1_variance        |stage_2_variance        |
+------------------------+------------------------+------------------------+
|      514664251.26388878|      3483369907065926.5|      792869114969809.75|
+------------------------+------------------------+------------------------+
+------------------------+------------------------+------------------------+
|estimate_value          |stage_1_variance        |stage_2_variance        |
+------------------------+------------------------+------------------------+
|      851646745.05555534|        4448822781006258|      1193997035988238.8|
+------------------------+------------------------+------------------------+
+------------------------+------------------------+------------------------+
|estimate_value          |stage_1_variance        |stage_2_variance        |
+------------------------+------------------------+------------------------+
|      1619691344.1111114|       49908825703441472|        4944793924665085|
+------------------------+------------------------+------------------------+
+------------------------+------------------------+------------------------+
|estimate_value          |stage_1_variance        |stage_2_variance        |
+------------------------+------------------------+------------------------+
|       525455480.6805554|        2006324782455068|      929283096946113.88|
+------------------------+------------------------+------------------------+
+------------------------+------------------------+------------------------+
|estimate_value          |stage_1_variance        |stage_2_variance        |
+------------------------+------------------------+------------------------+
|      959438838.59722233|       16436114271118318|      2201434919374251.5|
+------------------------+------------------------+------------------------+
+------------------------+------------------------+------------------------+
|estimate_value          |stage_1_variance        |stage_2_variance        |
+------------------------+------------------------+------------------------+
|      164441429.33333334|       365094092420346.5|      197190542667902.25|
+------------------------+------------------------+------------------------+
+------------------------+------------------------+------------------------+
|estimate_value          |stage_1_variance        |stage_2_variance        |
+------------------------+------------------------+------------------------+
|       1726417689.249999|       64802267023680800|      352587423910676.38|
+------------------------+------------------------+------------------------+
+------------------------+------------------------+------------------------+
|estimate_value          |stage_1_variance        |stage_2_variance        |
+------------------------+------------------------+------------------------+
|      50065582.180555552|      25041964705967.543|      45075536470741.562|
+------------------------+------------------------+------------------------+
+------------------------+------------------------+------------------------+
|estimate_value          |stage_1_variance        |stage_2_variance        |
+------------------------+------------------------+------------------------+
|      894250125.12499976|        9386824642622134|        1263749983516847|
+------------------------+------------------------+------------------------+
Query SdWoRedundancy_09_s_p_c.sql
(1 row)
(1 row)
(1 row)
(1 row)
(1 row)
(1 row)
(1 row)
(1 row)
(1 row)
(1 row)
Starting Quickstep with 40 worker thread(s) and a 125.75 GB buffer pool.
+------------------------+------------------------+------------------------+
|estimate_value          |stage_1_variance        |stage_2_variance        |
+------------------------+------------------------+------------------------+
|      67670169.680555537|      29094681912146.008|      259233615837221.12|
+------------------------+------------------------+------------------------+
+------------------------+------------------------+------------------------+
|estimate_value          |stage_1_variance        |stage_2_variance        |
+------------------------+------------------------+------------------------+
|      452373948.72222215|        3385849059991854|       30167915124527432|
+------------------------+------------------------+------------------------+
+------------------------+------------------------+------------------------+
|estimate_value          |stage_1_variance        |stage_2_variance        |
+------------------------+------------------------+------------------------+
|      109166021.44444443|      118445733508441.66|        1055351485560215|
+------------------------+------------------------+------------------------+
+------------------------+------------------------+------------------------+
|estimate_value          |stage_1_variance        |stage_2_variance        |
+------------------------+------------------------+------------------------+
|      28601178450.056042|   2.026184620605379e+19|  1.8053304969593926e+20|
+------------------------+------------------------+------------------------+
+------------------------+------------------------+------------------------+
|estimate_value          |stage_1_variance        |stage_2_variance        |
+------------------------+------------------------+------------------------+
|      118383241.16666667|      89525081837749.078|      797668479174344.38|
+------------------------+------------------------+------------------------+
+------------------------+------------------------+------------------------+
|estimate_value          |stage_1_variance        |stage_2_variance        |
+------------------------+------------------------+------------------------+
|      2087055448.7083325|       33583562442024984|  2.9922954135844269e+17|
+------------------------+------------------------+------------------------+
+------------------------+------------------------+------------------------+
|estimate_value          |stage_1_variance        |stage_2_variance        |
+------------------------+------------------------+------------------------+
|      153411018.81944442|      200738141778348.03|      1788576843245081.2|
+------------------------+------------------------+------------------------+
+------------------------+------------------------+------------------------+
|estimate_value          |stage_1_variance        |stage_2_variance        |
+------------------------+------------------------+------------------------+
|      102347527.15277776|       55186990426411.82|      491716084699329.56|
+------------------------+------------------------+------------------------+
+------------------------+------------------------+------------------------+
|estimate_value          |stage_1_variance        |stage_2_variance        |
+------------------------+------------------------+------------------------+
|      2164455276.0972185|       60920804412852504|  5.4280436731851597e+17|
+------------------------+------------------------+------------------------+
+------------------------+------------------------+------------------------+
|estimate_value          |stage_1_variance        |stage_2_variance        |
+------------------------+------------------------+------------------------+
|      153197288.59722221|      293373231378127.69|      2613955491579118.5|
+------------------------+------------------------+------------------------+
+------------------------+------------------------+------------------------+
|estimate_value          |stage_1_variance        |stage_2_variance        |
+------------------(1 row)
(1 row)
(1 row)
(1 row)
(1 row)
(1 row)
(1 row)
(1 row)
(1 row)
(1 row)
------+------------------------+------------------------+
|      361993715.20833325|      2175543005851102.5|       19384088182133332|
+------------------------+------------------------+------------------------+
+------------------------+------------------------+------------------------+
|estimate_value          |stage_1_variance        |stage_2_variance        |
+------------------------+------------------------+------------------------+
|      1082165126.6111102|       16426799954323284|  1.4636278759302045e+17|
+------------------------+------------------------+------------------------+
+------------------------+------------------------+------------------------+
|estimate_value          |stage_1_variance        |stage_2_variance        |
+------------------------+------------------------+------------------------+
|      394965967.79166663|        3678786561660036|       32777988264390924|
+------------------------+------------------------+------------------------+
+------------------------+------------------------+------------------------+
|estimate_value          |stage_1_variance        |stage_2_variance        |
+------------------------+------------------------+------------------------+
|      156917412.30555552|      483378009998254.31|        4306898069084447|
+------------------------+------------------------+------------------------+
+------------------------+------------------------+------------------------+
|estimate_value          |stage_1_variance        |stage_2_variance        |
+------------------------+------------------------+------------------------+
|      1092194960.4444442|       28522454691698268|  2.5413507130303168e+17|
+------------------------+------------------------+------------------------+
+------------------------+------------------------+------------------------+
|estimate_value          |stage_1_variance        |stage_2_variance        |
+------------------------+------------------------+------------------------+
|       78840829391.15361|  1.5359399128863575e+20|  1.3685224623817448e+21|
+------------------------+------------------------+------------------------+
+------------------------+------------------------+------------------------+
|estimate_value          |stage_1_variance        |stage_2_variance        |
+------------------------+------------------------+------------------------+
|      6238574441.8610897|  1.2207722642418842e+18|  1.0877080874395191e+19|
+------------------------+------------------------+------------------------+
+------------------------+------------------------+------------------------+
|estimate_value          |stage_1_variance        |stage_2_variance        |
+------------------------+------------------------+------------------------+
|      1720764113.1527777|       56607841263757104|  5.0437586566007571e+17|
+------------------------+------------------------+------------------------+
+------------------------+------------------------+------------------------+
|estimate_value          |stage_1_variance        |stage_2_variance        |
+------------------------+------------------------+------------------------+
|      115004331.66666667|      68236541143202.102|      607987581585930.88|
+------------------------+------------------------+------------------------+
+------------------------+------------------------+------------------------+
|estimate_value          |stage_1_variance        |stage_2_variance        |
+------------------------+------------------------+------------------------+
|      535221049.76388896|        4796079315779182|       42733066703592536|
+------------------------+------------------------+------------------------+
