Loading settings from tmp.cfg
QS=/fastdisk/quickstep/build-variance/quickstep_cli_shell

QS_ARGS_BASE="-worker_affinities="0,1,2,3,4,5,6,7,8,9,10,11,12,13,14,15,16,17,18,19,20,21,22,23,24,25,26,27,28,29,30,31,32,33,34,35,36,37,38,39" -display_timing=false -sampling_tables=customer,supplier,part -sampling_rates=0.01,0.8,0.9"

QS_ARGS_NUMA_LOAD=""

QS_ARGS_NUMA_RUN="-preload_buffer_pool=false"

CREATE_SQL="create.sql"

LOAD_DATA=false

TPCH_DATA_PATH=/slowdisk/raw-data/tpch-sf100

QS_STORAGE=/fastdisk/qs-data/tpch-sf100

QUERIES="ALL"
/fastdisk/quickstep/build-variance/quickstep_cli_shell -worker_affinities=0,1,2,3,4,5,6,7,8,9,10,11,12,13,14,15,16,17,18,19,20,21,22,23,24,25,26,27,28,29,30,31,32,33,34,35,36,37,38,39 -display_timing=false -sampling_tables=customer,supplier,part -sampling_rates=0.01,0.8,0.9 -preload_buffer_pool=false -storage_path=/fastdisk/qs-data/tpch-sf100
Query SdWoRedundancy_09_c_p_s.sql
(1 row)
(1 row)
(1 row)
(1 row)
(1 row)
(1 row)
(1 row)
(1 row)
(1 row)
(1 row)
Starting Quickstep with 40 worker thread(s) and a 125.75 GB buffer pool.
+------------------------+------------------------+------------------------+
|estimate_value          |stage_1_variance        |stage_2_variance        |
+------------------------+------------------------+------------------------+
|      772194758413.54114|  1.0879916654688203e+19|      3980093704766822.5|
+------------------------+------------------------+------------------------+
+------------------------+------------------------+------------------------+
|estimate_value          |stage_1_variance        |stage_2_variance        |
+------------------------+------------------------+------------------------+
|      772838541673.05847|  1.0894906821078667e+19|        3979141249676434|
+------------------------+------------------------+------------------------+
+------------------------+------------------------+------------------------+
|estimate_value          |stage_1_variance        |stage_2_variance        |
+------------------------+------------------------+------------------------+
|       767023850622.2168|  1.0756900775047447e+19|      3946160731005519.5|
+------------------------+------------------------+------------------------+
+------------------------+------------------------+------------------------+
|estimate_value          |stage_1_variance        |stage_2_variance        |
+------------------------+------------------------+------------------------+
|      762024507466.77148|  1.0666160516694436e+19|      3925847143114265.5|
+------------------------+------------------------+------------------------+
+------------------------+------------------------+------------------------+
|estimate_value          |stage_1_variance        |stage_2_variance        |
+------------------------+------------------------+------------------------+
|      773182979424.85205|  1.0856870822551298e+19|      3985148676443389.5|
+------------------------+------------------------+------------------------+
+------------------------+------------------------+------------------------+
|estimate_value          |stage_1_variance        |stage_2_variance        |
+------------------------+------------------------+------------------------+
|      773107314814.71423|  1.0848286831692321e+19|        3984785739321888|
+------------------------+------------------------+------------------------+
+------------------------+------------------------+------------------------+
|estimate_value          |stage_1_variance        |stage_2_variance        |
+------------------------+------------------------+------------------------+
|       770390832899.4729|   1.081915081789134e+19|        3965810966704016|
+------------------------+------------------------+------------------------+
+------------------------+------------------------+------------------------+
|estimate_value          |stage_1_variance        |stage_2_variance        |
+------------------------+------------------------+------------------------+
|      765000382386.72742|  1.0732775083282315e+19|        3934054390405687|
+------------------------+------------------------+------------------------+
+------------------------+------------------------+------------------------+
|estimate_value          |stage_1_variance        |stage_2_variance        |
+------------------------+------------------------+------------------------+
|      768413354006.40234|  1.0770905019079844e+19|      3956021720091609.5|
+------------------------+------------------------+------------------------+
+------------------------+------------------------+------------------------+
|estimate_value          |stage_1_variance        |stage_2_variance        |
+------------------------+------------------------+------------------------+
|      769231073422.05725|  1.0790431267622152e+19|        3953740595789669|
+------------------------+------------------------+------------------------+
+------------------------+------------------------+------------------------+
|estimate_value          |stage_1_variance        |stage_2_variance        |
+------------------(1 row)
(1 row)
(1 row)
(1 row)
(1 row)
(1 row)
(1 row)
(1 row)
(1 row)
(1 row)
------+------------------------+------------------------+
|      766121157479.23877|  1.0787007336566985e+19|      3954811375305580.5|
+------------------------+------------------------+------------------------+
+------------------------+------------------------+------------------------+
|estimate_value          |stage_1_variance        |stage_2_variance        |
+------------------------+------------------------+------------------------+
|      775022216220.06091|  1.0870234147799196e+19|      3992065196249877.5|
+------------------------+------------------------+------------------------+
+------------------------+------------------------+------------------------+
|estimate_value          |stage_1_variance        |stage_2_variance        |
+------------------------+------------------------+------------------------+
|      765293290316.26794|  1.0710940059450954e+19|      3934613892332879.5|
+------------------------+------------------------+------------------------+
+------------------------+------------------------+------------------------+
|estimate_value          |stage_1_variance        |stage_2_variance        |
+------------------------+------------------------+------------------------+
|      769322137487.47974|  1.0824767128876812e+19|      3963740334001977.5|
+------------------------+------------------------+------------------------+
+------------------------+------------------------+------------------------+
|estimate_value          |stage_1_variance        |stage_2_variance        |
+------------------------+------------------------+------------------------+
|       769493724584.4021|  1.0817935700703791e+19|      3960622554599188.5|
+------------------------+------------------------+------------------------+
+------------------------+------------------------+------------------------+
|estimate_value          |stage_1_variance        |stage_2_variance        |
+------------------------+------------------------+------------------------+
|      771004768649.06104|   1.082536615795355e+19|        3975955907046895|
+------------------------+------------------------+------------------------+
+------------------------+------------------------+------------------------+
|estimate_value          |stage_1_variance        |stage_2_variance        |
+------------------------+------------------------+------------------------+
|      770008377443.02295|  1.0776024889221054e+19|        3963394605216772|
+------------------------+------------------------+------------------------+
+------------------------+------------------------+------------------------+
|estimate_value          |stage_1_variance        |stage_2_variance        |
+------------------------+------------------------+------------------------+
|      772875404899.49243|   1.088337252886288e+19|        3980803798685649|
+------------------------+------------------------+------------------------+
+------------------------+------------------------+------------------------+
|estimate_value          |stage_1_variance        |stage_2_variance        |
+------------------------+------------------------+------------------------+
|      778013828046.43518|  1.0964593161265859e+19|        4007679808035120|
+------------------------+------------------------+------------------------+
+------------------------+------------------------+------------------------+
|estimate_value          |stage_1_variance        |stage_2_variance        |
+------------------------+------------------------+------------------------+
|      768977837883.44788|  1.0778706269141371e+19|      3959767831471543.5|
+------------------------+------------------------+------------------------+
Query SdWoRedundancy_09_c_s_p.sql
(1 row)
(1 row)
(1 row)
(1 row)
(1 row)
(1 row)
(1 row)
(1 row)
(1 row)
(1 row)
Starting Quickstep with 40 worker thread(s) and a 125.75 GB buffer pool.
+------------------------+------------------------+------------------------+
|estimate_value          |stage_1_variance        |stage_2_variance        |
+------------------------+------------------------+------------------------+
|      767813141623.87354|  1.0751456202369419e+19|        7902930296911612|
+------------------------+------------------------+------------------------+
+------------------------+------------------------+------------------------+
|estimate_value          |stage_1_variance        |stage_2_variance        |
+------------------------+------------------------+------------------------+
|       767752221788.5448|  1.0776497228010629e+19|        7909674751553889|
+------------------------+------------------------+------------------------+
+------------------------+------------------------+------------------------+
|estimate_value          |stage_1_variance        |stage_2_variance        |
+------------------------+------------------------+------------------------+
|       763027104985.6825|  1.0738732674916936e+19|        7875457796373548|
+------------------------+------------------------+------------------------+
+------------------------+------------------------+------------------------+
|estimate_value          |stage_1_variance        |stage_2_variance        |
+------------------------+------------------------+------------------------+
|      769830801829.53369|  1.0851893526713192e+19|        7918758806140345|
+------------------------+------------------------+------------------------+
+------------------------+------------------------+------------------------+
|estimate_value          |stage_1_variance        |stage_2_variance        |
+------------------------+------------------------+------------------------+
|      774770742971.85864|   1.086256129186756e+19|        7988386665579950|
+------------------------+------------------------+------------------------+
+------------------------+------------------------+------------------------+
|estimate_value          |stage_1_variance        |stage_2_variance        |
+------------------------+------------------------+------------------------+
|       767842877607.1925|  1.0822336385295641e+19|        7901042024821613|
+------------------------+------------------------+------------------------+
+------------------------+------------------------+------------------------+
|estimate_value          |stage_1_variance        |stage_2_variance        |
+------------------------+------------------------+------------------------+
|      763662618684.54602|  1.0795721758701218e+19|        7869071345922070|
+------------------------+------------------------+------------------------+
+------------------------+------------------------+------------------------+
|estimate_value          |stage_1_variance        |stage_2_variance        |
+------------------------+------------------------+------------------------+
|      775481243003.94922|  1.0938013575205661e+19|        7993859675897575|
+------------------------+------------------------+------------------------+
+------------------------+------------------------+------------------------+
|estimate_value          |stage_1_variance        |stage_2_variance        |
+------------------------+------------------------+------------------------+
|      766491885054.99255|  1.0749894734978699e+19|        7893898967679960|
+------------------------+------------------------+------------------------+
+------------------------+------------------------+------------------------+
|estimate_value          |stage_1_variance        |stage_2_variance        |
+------------------------+------------------------+------------------------+
|      772187592173.32605|  1.0852088069004769e+19|        7937663824455434|
+------------------------+------------------------+------------------------+
+------------------------+------------------------+------------------------+
|estimate_value          |stage_1_variance        |stage_2_variance        |
+------------------(1 row)
(1 row)
(1 row)
(1 row)
(1 row)
(1 row)
(1 row)
(1 row)
(1 row)
(1 row)
------+------------------------+------------------------+
|      767030343106.06201|   1.075915995445633e+19|        7901207172114280|
+------------------------+------------------------+------------------------+
+------------------------+------------------------+------------------------+
|estimate_value          |stage_1_variance        |stage_2_variance        |
+------------------------+------------------------+------------------------+
|      768985481022.91577|  1.0773597621108947e+19|        7915297795134288|
+------------------------+------------------------+------------------------+
+------------------------+------------------------+------------------------+
|estimate_value          |stage_1_variance        |stage_2_variance        |
+------------------------+------------------------+------------------------+
|      767789440077.92114|  1.0725224720619534e+19|        7894258168422073|
+------------------------+------------------------+------------------------+
+------------------------+------------------------+------------------------+
|estimate_value          |stage_1_variance        |stage_2_variance        |
+------------------------+------------------------+------------------------+
|      767608161814.72375|  1.0825245770153062e+19|        7894135927554580|
+------------------------+------------------------+------------------------+
+------------------------+------------------------+------------------------+
|estimate_value          |stage_1_variance        |stage_2_variance        |
+------------------------+------------------------+------------------------+
|      775496988509.51965|  1.0903434283403325e+19|        7977698214413940|
+------------------------+------------------------+------------------------+
+------------------------+------------------------+------------------------+
|estimate_value          |stage_1_variance        |stage_2_variance        |
+------------------------+------------------------+------------------------+
|      773684254663.16907|  1.0902376958752741e+19|        7982466097562011|
+------------------------+------------------------+------------------------+
+------------------------+------------------------+------------------------+
|estimate_value          |stage_1_variance        |stage_2_variance        |
+------------------------+------------------------+------------------------+
|      764526706849.17737|  1.0672404878616535e+19|        7867051170442524|
+------------------------+------------------------+------------------------+
+------------------------+------------------------+------------------------+
|estimate_value          |stage_1_variance        |stage_2_variance        |
+------------------------+------------------------+------------------------+
|      761419557166.39307|  1.0683672125357648e+19|        7840875781948150|
+------------------------+------------------------+------------------------+
+------------------------+------------------------+------------------------+
|estimate_value          |stage_1_variance        |stage_2_variance        |
+------------------------+------------------------+------------------------+
|      772276987434.86877|  1.0869583701317523e+19|        7962176141952092|
+------------------------+------------------------+------------------------+
+------------------------+------------------------+------------------------+
|estimate_value          |stage_1_variance        |stage_2_variance        |
+------------------------+------------------------+------------------------+
|      768462938692.90344|  1.0776918265753405e+19|        7912306000714678|
+------------------------+------------------------+------------------------+
Query SdWoRedundancy_09_p_c_s.sql
(1 row)
(1 row)
(1 row)
(1 row)
(1 row)
(1 row)
(1 row)
(1 row)
(1 row)
(1 row)
Starting Quickstep with 40 worker thread(s) and a 125.75 GB buffer pool.
+------------------------+------------------------+------------------------+
|estimate_value          |stage_1_variance        |stage_2_variance        |
+------------------------+------------------------+------------------------+
|      773393795313.76477|  4.7066195073181293e+17|  3.5515042827742351e+18|
+------------------------+------------------------+------------------------+
+------------------------+------------------------+------------------------+
|estimate_value          |stage_1_variance        |stage_2_variance        |
+------------------------+------------------------+------------------------+
|      766778103708.11108|   4.639519435081399e+17|  3.5151459195151616e+18|
+------------------------+------------------------+------------------------+
+------------------------+------------------------+------------------------+
|estimate_value          |stage_1_variance        |stage_2_variance        |
+------------------------+------------------------+------------------------+
|      771935304576.41968|  4.6916379272255802e+17|  3.5458200235967949e+18|
+------------------------+------------------------+------------------------+
+------------------------+------------------------+------------------------+
|estimate_value          |stage_1_variance        |stage_2_variance        |
+------------------------+------------------------+------------------------+
|      773342665071.03638|  4.7082705035792813e+17|  3.5548473487764127e+18|
+------------------------+------------------------+------------------------+
+------------------------+------------------------+------------------------+
|estimate_value          |stage_1_variance        |stage_2_variance        |
+------------------------+------------------------+------------------------+
|      767939997294.67139|  4.6611250206691597e+17|   3.521274994673346e+18|
+------------------------+------------------------+------------------------+
+------------------------+------------------------+------------------------+
|estimate_value          |stage_1_variance        |stage_2_variance        |
+------------------------+------------------------+------------------------+
|      768356643306.33386|  4.6560544322214541e+17|  3.5198060222714552e+18|
+------------------------+------------------------+------------------------+
+------------------------+------------------------+------------------------+
|estimate_value          |stage_1_variance        |stage_2_variance        |
+------------------------+------------------------+------------------------+
|      768774648422.05493|  4.6616011336791565e+17|  3.5230146424898258e+18|
+------------------------+------------------------+------------------------+
+------------------------+------------------------+------------------------+
|estimate_value          |stage_1_variance        |stage_2_variance        |
+------------------------+------------------------+------------------------+
|      773336490466.42419|  4.6953166141773325e+17|  3.5464368845153495e+18|
+------------------------+------------------------+------------------------+
+------------------------+------------------------+------------------------+
|estimate_value          |stage_1_variance        |stage_2_variance        |
+------------------------+------------------------+------------------------+
|      763561545130.18823|  4.6194492206212774e+17|  3.4964537807929866e+18|
+------------------------+------------------------+------------------------+
+------------------------+------------------------+------------------------+
|estimate_value          |stage_1_variance        |stage_2_variance        |
+------------------------+------------------------+------------------------+
|      772026985675.87268|  4.6861784741999258e+17|  3.5440138288455895e+18|
+------------------------+------------------------+------------------------+
+------------------------+------------------------+------------------------+
|estimate_value          |stage_1_variance        |stage_2_variance        |
+------------------(1 row)
(1 row)
(1 row)
(1 row)
(1 row)
(1 row)
(1 row)
(1 row)
(1 row)
(1 row)
------+------------------------+------------------------+
|      768680319117.78271|  4.6569323959777082e+17|  3.5206480398202931e+18|
+------------------------+------------------------+------------------------+
+------------------------+------------------------+------------------------+
|estimate_value          |stage_1_variance        |stage_2_variance        |
+------------------------+------------------------+------------------------+
|      771321292081.63379|  4.6853066081188506e+17|  3.5344610132721147e+18|
+------------------------+------------------------+------------------------+
+------------------------+------------------------+------------------------+
|estimate_value          |stage_1_variance        |stage_2_variance        |
+------------------------+------------------------+------------------------+
|      770412272449.14197|  4.6729371555903667e+17|  3.5316198984455793e+18|
+------------------------+------------------------+------------------------+
+------------------------+------------------------+------------------------+
|estimate_value          |stage_1_variance        |stage_2_variance        |
+------------------------+------------------------+------------------------+
|      769265767976.58984|  4.6740465396901594e+17|  3.5328441703424788e+18|
+------------------------+------------------------+------------------------+
+------------------------+------------------------+------------------------+
|estimate_value          |stage_1_variance        |stage_2_variance        |
+------------------------+------------------------+------------------------+
|      764231635863.76147|  4.6222240424219034e+17|  3.4973073337133742e+18|
+------------------------+------------------------+------------------------+
+------------------------+------------------------+------------------------+
|estimate_value          |stage_1_variance        |stage_2_variance        |
+------------------------+------------------------+------------------------+
|      772465398051.20166|  4.6790109826993248e+17|  3.5411818269558753e+18|
+------------------------+------------------------+------------------------+
+------------------------+------------------------+------------------------+
|estimate_value          |stage_1_variance        |stage_2_variance        |
+------------------------+------------------------+------------------------+
|      768896887943.33899|  4.6663390980478432e+17|  3.5289797049396828e+18|
+------------------------+------------------------+------------------------+
+------------------------+------------------------+------------------------+
|estimate_value          |stage_1_variance        |stage_2_variance        |
+------------------------+------------------------+------------------------+
|      767477547644.33594|  4.6494676388481088e+17|  3.5227807269092823e+18|
+------------------------+------------------------+------------------------+
+------------------------+------------------------+------------------------+
|estimate_value          |stage_1_variance        |stage_2_variance        |
+------------------------+------------------------+------------------------+
|      769987167197.21143|  4.6915728338385875e+17|  3.5345043069015122e+18|
+------------------------+------------------------+------------------------+
+------------------------+------------------------+------------------------+
|estimate_value          |stage_1_variance        |stage_2_variance        |
+------------------------+------------------------+------------------------+
|       763387998913.8634|  4.6370269307353741e+17|  3.5033069190240532e+18|
+------------------------+------------------------+------------------------+
Query SdWoRedundancy_09_p_s_c.sql
(1 row)
(1 row)
(1 row)
(1 row)
(1 row)
(1 row)
(1 row)
(1 row)
(1 row)
(1 row)
Starting Quickstep with 40 worker thread(s) and a 125.75 GB buffer pool.
+------------------------+------------------------+------------------------+
|estimate_value          |stage_1_variance        |stage_2_variance        |
+------------------------+------------------------+------------------------+
|      765455136703.71716|  4.6373840921352602e+17|   7.475144742750935e+17|
+------------------------+------------------------+------------------------+
+------------------------+------------------------+------------------------+
|estimate_value          |stage_1_variance        |stage_2_variance        |
+------------------------+------------------------+------------------------+
|      768558608036.64087|  4.6709805874517056e+17|   7.522402537617024e+17|
+------------------------+------------------------+------------------------+
+------------------------+------------------------+------------------------+
|estimate_value          |stage_1_variance        |stage_2_variance        |
+------------------------+------------------------+------------------------+
|      771723958250.26685|  4.7036295239833869e+17|  7.5621691077900493e+17|
+------------------------+------------------------+------------------------+
+------------------------+------------------------+------------------------+
|estimate_value          |stage_1_variance        |stage_2_variance        |
+------------------------+------------------------+------------------------+
|      767995066377.32837|  4.6666424607008954e+17|  7.5189972735712947e+17|
+------------------------+------------------------+------------------------+
+------------------------+------------------------+------------------------+
|estimate_value          |stage_1_variance        |stage_2_variance        |
+------------------------+------------------------+------------------------+
|      770421494315.61133|  4.6797913685431526e+17|  7.5508636060558118e+17|
+------------------------+------------------------+------------------------+
+------------------------+------------------------+------------------------+
|estimate_value          |stage_1_variance        |stage_2_variance        |
+------------------------+------------------------+------------------------+
|      772047788688.67871|  4.6865620280024256e+17|  7.5418433451814246e+17|
+------------------------+------------------------+------------------------+
+------------------------+------------------------+------------------------+
|estimate_value          |stage_1_variance        |stage_2_variance        |
+------------------------+------------------------+------------------------+
|      766018405277.55273|   4.630341840326583e+17|   7.469962981847104e+17|
+------------------------+------------------------+------------------------+
+------------------------+------------------------+------------------------+
|estimate_value          |stage_1_variance        |stage_2_variance        |
+------------------------+------------------------+------------------------+
|      768192635069.51465|  4.6640427002415904e+17|  7.5183121911164467e+17|
+------------------------+------------------------+------------------------+
+------------------------+------------------------+------------------------+
|estimate_value          |stage_1_variance        |stage_2_variance        |
+------------------------+------------------------+------------------------+
|      769477159906.72925|   4.660857790000688e+17|  7.5069583725976845e+17|
+------------------------+------------------------+------------------------+
+------------------------+------------------------+------------------------+
|estimate_value          |stage_1_variance        |stage_2_variance        |
+------------------------+------------------------+------------------------+
|      768392231368.23889|  4.6767552179290573e+17|  7.5239890032396928e+17|
+------------------------+------------------------+------------------------+
+------------------------+------------------------+------------------------+
|estimate_value          |stage_1_variance        |stage_2_variance        |
+------------------(1 row)
(1 row)
(1 row)
(1 row)
(1 row)
(1 row)
(1 row)
(1 row)
(1 row)
(1 row)
------+------------------------+------------------------+
|      765463607224.14038|  4.6440349284705862e+17|  7.4940071595667763e+17|
+------------------------+------------------------+------------------------+
+------------------------+------------------------+------------------------+
|estimate_value          |stage_1_variance        |stage_2_variance        |
+------------------------+------------------------+------------------------+
|      769191829250.26624|  4.6705938407866419e+17|  7.5111868893757261e+17|
+------------------------+------------------------+------------------------+
+------------------------+------------------------+------------------------+
|estimate_value          |stage_1_variance        |stage_2_variance        |
+------------------------+------------------------+------------------------+
|      770605098811.04761|  4.6724299419383731e+17|  7.5312230849961958e+17|
+------------------------+------------------------+------------------------+
+------------------------+------------------------+------------------------+
|estimate_value          |stage_1_variance        |stage_2_variance        |
+------------------------+------------------------+------------------------+
|      769765731903.18726|  4.6813339668890944e+17|  7.5303906361876173e+17|
+------------------------+------------------------+------------------------+
+------------------------+------------------------+------------------------+
|estimate_value          |stage_1_variance        |stage_2_variance        |
+------------------------+------------------------+------------------------+
|      768081559584.20776|  4.6773734157652749e+17|  7.5421334371818701e+17|
+------------------------+------------------------+------------------------+
+------------------------+------------------------+------------------------+
|estimate_value          |stage_1_variance        |stage_2_variance        |
+------------------------+------------------------+------------------------+
|      769959560327.62463|  4.6722294628719962e+17|  7.5389592256171955e+17|
+------------------------+------------------------+------------------------+
+------------------------+------------------------+------------------------+
|estimate_value          |stage_1_variance        |stage_2_variance        |
+------------------------+------------------------+------------------------+
|      769118334741.02515|  4.6587982462235571e+17|  7.5091984154722458e+17|
+------------------------+------------------------+------------------------+
+------------------------+------------------------+------------------------+
|estimate_value          |stage_1_variance        |stage_2_variance        |
+------------------------+------------------------+------------------------+
|      773066249474.00244|  4.6871497163113453e+17|   7.542328129061591e+17|
+------------------------+------------------------+------------------------+
+------------------------+------------------------+------------------------+
|estimate_value          |stage_1_variance        |stage_2_variance        |
+------------------------+------------------------+------------------------+
|      769060661754.50464|  4.6700681619490547e+17|   7.522750268918039e+17|
+------------------------+------------------------+------------------------+
+------------------------+------------------------+------------------------+
|estimate_value          |stage_1_variance        |stage_2_variance        |
+------------------------+------------------------+------------------------+
|       767766645867.7251|  4.6566898222341965e+17|  7.5022429826861901e+17|
+------------------------+------------------------+------------------------+
Query SdWoRedundancy_09_s_c_p.sql
(1 row)
(1 row)
(1 row)
(1 row)
(1 row)
(1 row)
(1 row)
(1 row)
(1 row)
(1 row)
Starting Quickstep with 40 worker thread(s) and a 125.75 GB buffer pool.
+------------------------+------------------------+------------------------+
|estimate_value          |stage_1_variance        |stage_2_variance        |
+------------------------+------------------------+------------------------+
|      767586087739.05066|  9.9062647329573146e+17|  3.1268956367185096e+18|
+------------------------+------------------------+------------------------+
+------------------------+------------------------+------------------------+
|estimate_value          |stage_1_variance        |stage_2_variance        |
+------------------------+------------------------+------------------------+
|      761505242354.77515|  9.7919045860558054e+17|   3.103439043041538e+18|
+------------------------+------------------------+------------------------+
+------------------------+------------------------+------------------------+
|estimate_value          |stage_1_variance        |stage_2_variance        |
+------------------------+------------------------+------------------------+
|      769461216146.51013|  9.9250588562866714e+17|  3.1322637051937567e+18|
+------------------------+------------------------+------------------------+
+------------------------+------------------------+------------------------+
|estimate_value          |stage_1_variance        |stage_2_variance        |
+------------------------+------------------------+------------------------+
|       764613074216.2207|  9.8482163448229389e+17|  3.1182173788112794e+18|
+------------------------+------------------------+------------------------+
+------------------------+------------------------+------------------------+
|estimate_value          |stage_1_variance        |stage_2_variance        |
+------------------------+------------------------+------------------------+
|        766703421994.427|  9.8922918493694566e+17|  3.1224455911227704e+18|
+------------------------+------------------------+------------------------+
+------------------------+------------------------+------------------------+
|estimate_value          |stage_1_variance        |stage_2_variance        |
+------------------------+------------------------+------------------------+
|       767919641470.3833|  9.8869445497804314e+17|  3.1279881912782367e+18|
+------------------------+------------------------+------------------------+
+------------------------+------------------------+------------------------+
|estimate_value          |stage_1_variance        |stage_2_variance        |
+------------------------+------------------------+------------------------+
|      763095519041.36401|  9.8261281256561613e+17|  3.1024888091538227e+18|
+------------------------+------------------------+------------------------+
+------------------------+------------------------+------------------------+
|estimate_value          |stage_1_variance        |stage_2_variance        |
+------------------------+------------------------+------------------------+
|      772275030626.80969|  9.9737224141273088e+17|  3.1495562127819208e+18|
+------------------------+------------------------+------------------------+
+------------------------+------------------------+------------------------+
|estimate_value          |stage_1_variance        |stage_2_variance        |
+------------------------+------------------------+------------------------+
|       765101598241.2561|  9.8587365346876122e+17|  3.1216592796373309e+18|
+------------------------+------------------------+------------------------+
+------------------------+------------------------+------------------------+
|estimate_value          |stage_1_variance        |stage_2_variance        |
+------------------------+------------------------+------------------------+
|      772355360221.19116|  9.9703619492019302e+17|  3.1419809697662418e+18|
+------------------------+------------------------+------------------------+
+------------------------+------------------------+------------------------+
|estimate_value          |stage_1_variance        |stage_2_variance        |
+------------------(1 row)
(1 row)
(1 row)
(1 row)
(1 row)
(1 row)
(1 row)
(1 row)
(1 row)
(1 row)
------+------------------------+------------------------+
|      770833189002.83545|  9.9590687773672973e+17|  3.1381285733714688e+18|
+------------------------+------------------------+------------------------+
+------------------------+------------------------+------------------------+
|estimate_value          |stage_1_variance        |stage_2_variance        |
+------------------------+------------------------+------------------------+
|      773274209839.97034|  1.0022030399395965e+18|  3.1531706568406405e+18|
+------------------------+------------------------+------------------------+
+------------------------+------------------------+------------------------+
|estimate_value          |stage_1_variance        |stage_2_variance        |
+------------------------+------------------------+------------------------+
|      770665207852.78479|   9.952212564483991e+17|   3.142145539780543e+18|
+------------------------+------------------------+------------------------+
+------------------------+------------------------+------------------------+
|estimate_value          |stage_1_variance        |stage_2_variance        |
+------------------------+------------------------+------------------------+
|      767808139561.98352|  9.8965524613223642e+17|  3.1266476460541097e+18|
+------------------------+------------------------+------------------------+
+------------------------+------------------------+------------------------+
|estimate_value          |stage_1_variance        |stage_2_variance        |
+------------------------+------------------------+------------------------+
|      772301718926.65149|  9.9862546064113664e+17|  3.1489348293773901e+18|
+------------------------+------------------------+------------------------+
+------------------------+------------------------+------------------------+
|estimate_value          |stage_1_variance        |stage_2_variance        |
+------------------------+------------------------+------------------------+
|      771904000551.54626|  9.9943501628718541e+17|  3.1513071713771203e+18|
+------------------------+------------------------+------------------------+
+------------------------+------------------------+------------------------+
|estimate_value          |stage_1_variance        |stage_2_variance        |
+------------------------+------------------------+------------------------+
|      758352254653.69214|  9.7832218152947866e+17|  3.0915895492893389e+18|
+------------------------+------------------------+------------------------+
+------------------------+------------------------+------------------------+
|estimate_value          |stage_1_variance        |stage_2_variance        |
+------------------------+------------------------+------------------------+
|      766796280250.53369|  9.9283039183003597e+17|  3.1315205189711585e+18|
+------------------------+------------------------+------------------------+
+------------------------+------------------------+------------------------+
|estimate_value          |stage_1_variance        |stage_2_variance        |
+------------------------+------------------------+------------------------+
|      773179103443.75562|  1.0003571263043543e+18|  3.1547147333751378e+18|
+------------------------+------------------------+------------------------+
+------------------------+------------------------+------------------------+
|estimate_value          |stage_1_variance        |stage_2_variance        |
+------------------------+------------------------+------------------------+
|      776174470431.99316|  1.0101065482697748e+18|  3.1705864617245491e+18|
+------------------------+------------------------+------------------------+
Query SdWoRedundancy_09_s_p_c.sql
(1 row)
(1 row)
(1 row)
(1 row)
(1 row)
(1 row)
(1 row)
(1 row)
(1 row)
(1 row)
Starting Quickstep with 40 worker thread(s) and a 125.75 GB buffer pool.
+------------------------+------------------------+------------------------+
|estimate_value          |stage_1_variance        |stage_2_variance        |
+------------------------+------------------------+------------------------+
|      767942678713.28979|  9.9443418789900198e+17|  3.3447908815478739e+17|
+------------------------+------------------------+------------------------+
+------------------------+------------------------+------------------------+
|estimate_value          |stage_1_variance        |stage_2_variance        |
+------------------------+------------------------+------------------------+
|      765433214550.53503|  9.8621619688225254e+17|  3.3231301118800602e+17|
+------------------------+------------------------+------------------------+
+------------------------+------------------------+------------------------+
|estimate_value          |stage_1_variance        |stage_2_variance        |
+------------------------+------------------------+------------------------+
|        768237401281.552|  9.9147211535483085e+17|  3.3374076765427373e+17|
+------------------------+------------------------+------------------------+
+------------------------+------------------------+------------------------+
|estimate_value          |stage_1_variance        |stage_2_variance        |
+------------------------+------------------------+------------------------+
|      769032584588.58521|  9.9555934209236864e+17|  3.3499299677186874e+17|
+------------------------+------------------------+------------------------+
+------------------------+------------------------+------------------------+
|estimate_value          |stage_1_variance        |stage_2_variance        |
+------------------------+------------------------+------------------------+
|       767346880564.1012|   9.937780529037504e+17|  3.3437242157103213e+17|
+------------------------+------------------------+------------------------+
+------------------------+------------------------+------------------------+
|estimate_value          |stage_1_variance        |stage_2_variance        |
+------------------------+------------------------+------------------------+
|      766932418972.83911|  9.9148984598492109e+17|  3.3416816243723117e+17|
+------------------------+------------------------+------------------------+
+------------------------+------------------------+------------------------+
|estimate_value          |stage_1_variance        |stage_2_variance        |
+------------------------+------------------------+------------------------+
|      769612034483.22974|  9.9563815470072909e+17|  3.3464352854466976e+17|
+------------------------+------------------------+------------------------+
+------------------------+------------------------+------------------------+
|estimate_value          |stage_1_variance        |stage_2_variance        |
+------------------------+------------------------+------------------------+
|      770323185421.25696|  9.9074103715361331e+17|  3.3380016410534298e+17|
+------------------------+------------------------+------------------------+
+------------------------+------------------------+------------------------+
|estimate_value          |stage_1_variance        |stage_2_variance        |
+------------------------+------------------------+------------------------+
|      765665775872.88733|  9.8954639755999027e+17|  3.3195733636890291e+17|
+------------------------+------------------------+------------------------+
+------------------------+------------------------+------------------------+
|estimate_value          |stage_1_variance        |stage_2_variance        |
+------------------------+------------------------+------------------------+
|      768439956392.85767|  9.9106648289654093e+17|  3.3252503872088038e+17|
+------------------------+------------------------+------------------------+
+------------------------+------------------------+------------------------+
|estimate_value          |stage_1_variance        |stage_2_variance        |
+------------------(1 row)
(1 row)
(1 row)
(1 row)
(1 row)
(1 row)
(1 row)
(1 row)
(1 row)
(1 row)
------+------------------------+------------------------+
|      770293836648.73767|  9.9592563011519104e+17|   3.351898640793081e+17|
+------------------------+------------------------+------------------------+
+------------------------+------------------------+------------------------+
|estimate_value          |stage_1_variance        |stage_2_variance        |
+------------------------+------------------------+------------------------+
|      774721231925.19275|  1.0000956391076759e+18|  3.3604199803822579e+17|
+------------------------+------------------------+------------------------+
+------------------------+------------------------+------------------------+
|estimate_value          |stage_1_variance        |stage_2_variance        |
+------------------------+------------------------+------------------------+
|       770263245609.0824|  9.9574095451834035e+17|  3.3532917679464192e+17|
+------------------------+------------------------+------------------------+
+------------------------+------------------------+------------------------+
|estimate_value          |stage_1_variance        |stage_2_variance        |
+------------------------+------------------------+------------------------+
|      763389613956.97339|   9.871084003537952e+17|  3.3264025408434099e+17|
+------------------------+------------------------+------------------------+
+------------------------+------------------------+------------------------+
|estimate_value          |stage_1_variance        |stage_2_variance        |
+------------------------+------------------------+------------------------+
|      762641646429.34766|  9.8195718873163443e+17|  3.3053004032272256e+17|
+------------------------+------------------------+------------------------+
+------------------------+------------------------+------------------------+
|estimate_value          |stage_1_variance        |stage_2_variance        |
+------------------------+------------------------+------------------------+
|      767575953211.26831|  9.9340846330897766e+17|  3.3451818274073894e+17|
+------------------------+------------------------+------------------------+
+------------------------+------------------------+------------------------+
|estimate_value          |stage_1_variance        |stage_2_variance        |
+------------------------+------------------------+------------------------+
|      772226790340.34131|  9.9693753250469069e+17|  3.3570867162955277e+17|
+------------------------+------------------------+------------------------+
+------------------------+------------------------+------------------------+
|estimate_value          |stage_1_variance        |stage_2_variance        |
+------------------------+------------------------+------------------------+
|      768471879674.45117|  9.9391941410610432e+17|  3.3481559284526592e+17|
+------------------------+------------------------+------------------------+
+------------------------+------------------------+------------------------+
|estimate_value          |stage_1_variance        |stage_2_variance        |
+------------------------+------------------------+------------------------+
|      772576033567.59424|  1.0031172367732787e+18|  3.3635598737499155e+17|
+------------------------+------------------------+------------------------+
+------------------------+------------------------+------------------------+
|estimate_value          |stage_1_variance        |stage_2_variance        |
+------------------------+------------------------+------------------------+
|      773588393413.97192|   9.994735646848896e+17|   3.361095669105449e+17|
+------------------------+------------------------+------------------------+
