Loading settings from tmp.cfg
QS=/fastdisk/quickstep/build-variance/quickstep_cli_shell

QS_ARGS_BASE="-worker_affinities="0,1,2,3,4,5,6,7,8,9,10,11,12,13,14,15,16,17,18,19,20,21,22,23,24,25,26,27,28,29,30,31,32,33,34,35,36,37,38,39" -display_timing=false -sampling_tables=customer,supplier,part -sampling_rates=0.8,0.9,0.01"

QS_ARGS_NUMA_LOAD=""

QS_ARGS_NUMA_RUN="-preload_buffer_pool=false"

CREATE_SQL="create.sql"

LOAD_DATA=false

TPCH_DATA_PATH=/slowdisk/raw-data/tpch-sf100

QS_STORAGE=/fastdisk/qs-data/tpch-sf100

QUERIES="ALL"
/fastdisk/quickstep/build-variance/quickstep_cli_shell -worker_affinities=0,1,2,3,4,5,6,7,8,9,10,11,12,13,14,15,16,17,18,19,20,21,22,23,24,25,26,27,28,29,30,31,32,33,34,35,36,37,38,39 -display_timing=false -sampling_tables=customer,supplier,part -sampling_rates=0.8,0.9,0.01 -preload_buffer_pool=false -storage_path=/fastdisk/qs-data/tpch-sf100
Query SdWoRedundancy_09_c_p_s.sql
(1 row)
(1 row)
(1 row)
(1 row)
(1 row)
(1 row)
(1 row)
(1 row)
(1 row)
(1 row)
Starting Quickstep with 40 worker thread(s) and a 125.75 GB buffer pool.
+------------------------+------------------------+------------------------+
|estimate_value          |stage_1_variance        |stage_2_variance        |
+------------------------+------------------------+------------------------+
|        769266895218.099|  8.0810369267644365e+17|  3.1341106526987341e+18|
+------------------------+------------------------+------------------------+
+------------------------+------------------------+------------------------+
|estimate_value          |stage_1_variance        |stage_2_variance        |
+------------------------+------------------------+------------------------+
|      773993298802.27637|  8.1554424136354483e+17|  3.1573982473721129e+18|
+------------------------+------------------------+------------------------+
+------------------------+------------------------+------------------------+
|estimate_value          |stage_1_variance        |stage_2_variance        |
+------------------------+------------------------+------------------------+
|      779880267976.90271|  8.2756159504600525e+17|  3.2066104791501368e+18|
+------------------------+------------------------+------------------------+
+------------------------+------------------------+------------------------+
|estimate_value          |stage_1_variance        |stage_2_variance        |
+------------------------+------------------------+------------------------+
|       768066307730.1084|  8.1027521818647552e+17|  3.1395854111596575e+18|
+------------------------+------------------------+------------------------+
+------------------------+------------------------+------------------------+
|estimate_value          |stage_1_variance        |stage_2_variance        |
+------------------------+------------------------+------------------------+
|      769403078875.84766|  8.0926736007073203e+17|  3.1351856345930107e+18|
+------------------------+------------------------+------------------------+
+------------------------+------------------------+------------------------+
|estimate_value          |stage_1_variance        |stage_2_variance        |
+------------------------+------------------------+------------------------+
|      776357007212.84668|  8.1863933753668659e+17|  3.1700346667599544e+18|
+------------------------+------------------------+------------------------+
+------------------------+------------------------+------------------------+
|estimate_value          |stage_1_variance        |stage_2_variance        |
+------------------------+------------------------+------------------------+
|      779090744148.40552|  8.2366034147698842e+17|   3.187958183174869e+18|
+------------------------+------------------------+------------------------+
+------------------------+------------------------+------------------------+
|estimate_value          |stage_1_variance        |stage_2_variance        |
+------------------------+------------------------+------------------------+
|      752276556067.17871|  7.8875513043778765e+17|  3.0553571031405307e+18|
+------------------------+------------------------+------------------------+
+------------------------+------------------------+------------------------+
|estimate_value          |stage_1_variance        |stage_2_variance        |
+------------------------+------------------------+------------------------+
|      767742366099.73389|  8.1285553428634099e+17|   3.149389227283542e+18|
+------------------------+------------------------+------------------------+
+------------------------+------------------------+------------------------+
|estimate_value          |stage_1_variance        |stage_2_variance        |
+------------------------+------------------------+------------------------+
|      751196522935.34131|  7.8960180621270758e+17|  3.0609278366738202e+18|
+------------------------+------------------------+------------------------+
+------------------------+------------------------+------------------------+
|estimate_value          |stage_1_variance        |stage_2_variance        |
+------------------(1 row)
(1 row)
(1 row)
(1 row)
(1 row)
(1 row)
(1 row)
(1 row)
(1 row)
(1 row)
------+------------------------+------------------------+
|        782113224812.776|  8.2378235232873293e+17|  3.1913105828693294e+18|
+------------------------+------------------------+------------------------+
+------------------------+------------------------+------------------------+
|estimate_value          |stage_1_variance        |stage_2_variance        |
+------------------------+------------------------+------------------------+
|      764210271552.70166|  8.0495063914507955e+17|  3.1191952418887055e+18|
+------------------------+------------------------+------------------------+
+------------------------+------------------------+------------------------+
|estimate_value          |stage_1_variance        |stage_2_variance        |
+------------------------+------------------------+------------------------+
|      762264710956.68799|  8.0353864556482662e+17|  3.1107474203670851e+18|
+------------------------+------------------------+------------------------+
+------------------------+------------------------+------------------------+
|estimate_value          |stage_1_variance        |stage_2_variance        |
+------------------------+------------------------+------------------------+
|      766416424130.08545|  8.0579224367530189e+17|  3.1208301286531543e+18|
+------------------------+------------------------+------------------------+
+------------------------+------------------------+------------------------+
|estimate_value          |stage_1_variance        |stage_2_variance        |
+------------------------+------------------------+------------------------+
|      768668039961.91553|  8.1001903571624474e+17|   3.139649165217022e+18|
+------------------------+------------------------+------------------------+
+------------------------+------------------------+------------------------+
|estimate_value          |stage_1_variance        |stage_2_variance        |
+------------------------+------------------------+------------------------+
|      768177838322.93823|  8.0687699654883072e+17|  3.1296892185713183e+18|
+------------------------+------------------------+------------------------+
+------------------------+------------------------+------------------------+
|estimate_value          |stage_1_variance        |stage_2_variance        |
+------------------------+------------------------+------------------------+
|       776224292677.8822|  8.1494103368943539e+17|  3.1589980916277289e+18|
+------------------------+------------------------+------------------------+
+------------------------+------------------------+------------------------+
|estimate_value          |stage_1_variance        |stage_2_variance        |
+------------------------+------------------------+------------------------+
|      781150501818.83557|  8.2083555360610662e+17|  3.1788636515278075e+18|
+------------------------+------------------------+------------------------+
+------------------------+------------------------+------------------------+
|estimate_value          |stage_1_variance        |stage_2_variance        |
+------------------------+------------------------+------------------------+
|      757439437841.10767|  7.9486388339979136e+17|  3.0832139217806397e+18|
+------------------------+------------------------+------------------------+
+------------------------+------------------------+------------------------+
|estimate_value          |stage_1_variance        |stage_2_variance        |
+------------------------+------------------------+------------------------+
|      773739609820.17102|  8.1839671940749222e+17|  3.1697782706241961e+18|
+------------------------+------------------------+------------------------+
Query SdWoRedundancy_09_c_s_p.sql
(1 row)
(1 row)
(1 row)
(1 row)
(1 row)
(1 row)
(1 row)
(1 row)
(1 row)
(1 row)
Starting Quickstep with 40 worker thread(s) and a 125.75 GB buffer pool.
+------------------------+------------------------+------------------------+
|estimate_value          |stage_1_variance        |stage_2_variance        |
+------------------------+------------------------+------------------------+
|      770802669302.22888|  8.1266693557741542e+17|  3.1799247751314662e+17|
+------------------------+------------------------+------------------------+
+------------------------+------------------------+------------------------+
|estimate_value          |stage_1_variance        |stage_2_variance        |
+------------------------+------------------------+------------------------+
|      776208191302.51001|  8.1347255161623424e+17|  3.1838560116636486e+17|
+------------------------+------------------------+------------------------+
+------------------------+------------------------+------------------------+
|estimate_value          |stage_1_variance        |stage_2_variance        |
+------------------------+------------------------+------------------------+
|      755222709357.76074|  7.9034250775544717e+17|  3.0934000975026022e+17|
+------------------------+------------------------+------------------------+
+------------------------+------------------------+------------------------+
|estimate_value          |stage_1_variance        |stage_2_variance        |
+------------------------+------------------------+------------------------+
|      760922004431.92261|  8.0454641629854259e+17|  3.1500801900173248e+17|
+------------------------+------------------------+------------------------+
+------------------------+------------------------+------------------------+
|estimate_value          |stage_1_variance        |stage_2_variance        |
+------------------------+------------------------+------------------------+
|       782029842301.0481|  8.2367046934489549e+17|  3.2245966555665331e+17|
+------------------------+------------------------+------------------------+
+------------------------+------------------------+------------------------+
|estimate_value          |stage_1_variance        |stage_2_variance        |
+------------------------+------------------------+------------------------+
|      778827400395.26331|  8.2020213098499533e+17|  3.2114154632322112e+17|
+------------------------+------------------------+------------------------+
+------------------------+------------------------+------------------------+
|estimate_value          |stage_1_variance        |stage_2_variance        |
+------------------------+------------------------+------------------------+
|      769798986762.79004|  8.1012959291560218e+17|  3.1732862265976307e+17|
+------------------------+------------------------+------------------------+
+------------------------+------------------------+------------------------+
|estimate_value          |stage_1_variance        |stage_2_variance        |
+------------------------+------------------------+------------------------+
|      757102214428.88403|  7.9704058665774746e+17|  3.1222957459813094e+17|
+------------------------+------------------------+------------------------+
+------------------------+------------------------+------------------------+
|estimate_value          |stage_1_variance        |stage_2_variance        |
+------------------------+------------------------+------------------------+
|      764535901694.78748|  8.0252728792596557e+17|  3.1395596570222707e+17|
+------------------------+------------------------+------------------------+
+------------------------+------------------------+------------------------+
|estimate_value          |stage_1_variance        |stage_2_variance        |
+------------------------+------------------------+------------------------+
|      771662401708.22839|  8.1077032228071219e+17|  3.1746676272950323e+17|
+------------------------+------------------------+------------------------+
+------------------------+------------------------+------------------------+
|estimate_value          |stage_1_variance        |stage_2_variance        |
+------------------(1 row)
(1 row)
(1 row)
(1 row)
(1 row)
(1 row)
(1 row)
(1 row)
(1 row)
(1 row)
------+------------------------+------------------------+
|      766252977906.99097|  8.0790883373573299e+17|  3.1627054614366451e+17|
+------------------------+------------------------+------------------------+
+------------------------+------------------------+------------------------+
|estimate_value          |stage_1_variance        |stage_2_variance        |
+------------------------+------------------------+------------------------+
|      775849030766.15454|   8.167774577874601e+17|  3.1949942819856576e+17|
+------------------------+------------------------+------------------------+
+------------------------+------------------------+------------------------+
|estimate_value          |stage_1_variance        |stage_2_variance        |
+------------------------+------------------------+------------------------+
|      776615692139.75098|  8.1980074392194842e+17|  3.2061347214404314e+17|
+------------------------+------------------------+------------------------+
+------------------------+------------------------+------------------------+
|estimate_value          |stage_1_variance        |stage_2_variance        |
+------------------------+------------------------+------------------------+
|      777710848543.19702|  8.2041969189143693e+17|  3.2100681287864902e+17|
+------------------------+------------------------+------------------------+
+------------------------+------------------------+------------------------+
|estimate_value          |stage_1_variance        |stage_2_variance        |
+------------------------+------------------------+------------------------+
|      765232029776.81982|  8.0408892036321933e+17|  3.1491428696643795e+17|
+------------------------+------------------------+------------------------+
+------------------------+------------------------+------------------------+
|estimate_value          |stage_1_variance        |stage_2_variance        |
+------------------------+------------------------+------------------------+
|       781780939594.6908|  8.2251363563131699e+17|  3.2196105389856006e+17|
+------------------------+------------------------+------------------------+
+------------------------+------------------------+------------------------+
|estimate_value          |stage_1_variance        |stage_2_variance        |
+------------------------+------------------------+------------------------+
|      767926412199.93896|  8.0818597364810547e+17|  3.1651844855891578e+17|
+------------------------+------------------------+------------------------+
+------------------------+------------------------+------------------------+
|estimate_value          |stage_1_variance        |stage_2_variance        |
+------------------------+------------------------+------------------------+
|      750421217920.27734|  7.9109007768561216e+17|  3.1002167337962963e+17|
+------------------------+------------------------+------------------------+
+------------------------+------------------------+------------------------+
|estimate_value          |stage_1_variance        |stage_2_variance        |
+------------------------+------------------------+------------------------+
|      767605586733.84546|  8.0632579649126656e+17|  3.1585582370744883e+17|
+------------------------+------------------------+------------------------+
+------------------------+------------------------+------------------------+
|estimate_value          |stage_1_variance        |stage_2_variance        |
+------------------------+------------------------+------------------------+
|      762659944779.85645|  8.0118076251796826e+17|   3.138688227552601e+17|
+------------------------+------------------------+------------------------+
Query SdWoRedundancy_09_p_c_s.sql
(1 row)
(1 row)
(1 row)
(1 row)
(1 row)
(1 row)
(1 row)
(1 row)
(1 row)
(1 row)
Starting Quickstep with 40 worker thread(s) and a 125.75 GB buffer pool.
+------------------------+------------------------+------------------------+
|estimate_value          |stage_1_variance        |stage_2_variance        |
+------------------------+------------------------+------------------------+
|      781691828359.99536|  6.6397421571256893e+19|        8075626618758855|
+------------------------+------------------------+------------------------+
+------------------------+------------------------+------------------------+
|estimate_value          |stage_1_variance        |stage_2_variance        |
+------------------------+------------------------+------------------------+
|      761907169391.09387|   6.458607606925063e+19|        7844826352355964|
+------------------------+------------------------+------------------------+
+------------------------+------------------------+------------------------+
|estimate_value          |stage_1_variance        |stage_2_variance        |
+------------------------+------------------------+------------------------+
|      769668805317.04297|  6.4744814805215543e+19|        7916658848246132|
+------------------------+------------------------+------------------------+
+------------------------+------------------------+------------------------+
|estimate_value          |stage_1_variance        |stage_2_variance        |
+------------------------+------------------------+------------------------+
|      778025228382.12817|   6.567904294875902e+19|        8001415725445883|
+------------------------+------------------------+------------------------+
+------------------------+------------------------+------------------------+
|estimate_value          |stage_1_variance        |stage_2_variance        |
+------------------------+------------------------+------------------------+
|       777546705659.7937|  6.6105869739640185e+19|        8028940786743168|
+------------------------+------------------------+------------------------+
+------------------------+------------------------+------------------------+
|estimate_value          |stage_1_variance        |stage_2_variance        |
+------------------------+------------------------+------------------------+
|      763565776327.98389|   6.480992644448641e+19|        7885887919338487|
+------------------------+------------------------+------------------------+
+------------------------+------------------------+------------------------+
|estimate_value          |stage_1_variance        |stage_2_variance        |
+------------------------+------------------------+------------------------+
|      760477830222.24854|  6.4207062779334263e+19|        7846802785306945|
+------------------------+------------------------+------------------------+
+------------------------+------------------------+------------------------+
|estimate_value          |stage_1_variance        |stage_2_variance        |
+------------------------+------------------------+------------------------+
|      768230677749.84644|  6.4795458686121959e+19|        7895594490086723|
+------------------------+------------------------+------------------------+
+------------------------+------------------------+------------------------+
|estimate_value          |stage_1_variance        |stage_2_variance        |
+------------------------+------------------------+------------------------+
|      779733419105.08252|  6.6160080367183266e+19|        8056831271053723|
+------------------------+------------------------+------------------------+
+------------------------+------------------------+------------------------+
|estimate_value          |stage_1_variance        |stage_2_variance        |
+------------------------+------------------------+------------------------+
|       764626287261.1449|   6.426172603121442e+19|        7841801755701207|
+------------------------+------------------------+------------------------+
+------------------------+------------------------+------------------------+
|estimate_value          |stage_1_variance        |stage_2_variance        |
+------------------(1 row)
(1 row)
(1 row)
(1 row)
(1 row)
(1 row)
(1 row)
(1 row)
(1 row)
(1 row)
------+------------------------+------------------------+
|      781789939192.84424|  6.6376388023319314e+19|        8071794493988334|
+------------------------+------------------------+------------------------+
+------------------------+------------------------+------------------------+
|estimate_value          |stage_1_variance        |stage_2_variance        |
+------------------------+------------------------+------------------------+
|      764997641990.27808|   6.428917102802604e+19|        7835811418219955|
+------------------------+------------------------+------------------------+
+------------------------+------------------------+------------------------+
|estimate_value          |stage_1_variance        |stage_2_variance        |
+------------------------+------------------------+------------------------+
|      760050629553.55798|  6.4140810428676604e+19|        7809300678303030|
+------------------------+------------------------+------------------------+
+------------------------+------------------------+------------------------+
|estimate_value          |stage_1_variance        |stage_2_variance        |
+------------------------+------------------------+------------------------+
|       775223625941.6134|  6.5488980210218295e+19|        7970726681350475|
+------------------------+------------------------+------------------------+
+------------------------+------------------------+------------------------+
|estimate_value          |stage_1_variance        |stage_2_variance        |
+------------------------+------------------------+------------------------+
|      763120506503.54089|  6.4244424684048613e+19|        7851688808810806|
+------------------------+------------------------+------------------------+
+------------------------+------------------------+------------------------+
|estimate_value          |stage_1_variance        |stage_2_variance        |
+------------------------+------------------------+------------------------+
|      766168492369.48523|  6.4343533032611373e+19|        7866111225797347|
+------------------------+------------------------+------------------------+
+------------------------+------------------------+------------------------+
|estimate_value          |stage_1_variance        |stage_2_variance        |
+------------------------+------------------------+------------------------+
|      774454499877.70972|  6.5765497311002018e+19|        8016357094646100|
+------------------------+------------------------+------------------------+
+------------------------+------------------------+------------------------+
|estimate_value          |stage_1_variance        |stage_2_variance        |
+------------------------+------------------------+------------------------+
|      771558131440.89246|  6.4910559701293056e+19|        7925218584302963|
+------------------------+------------------------+------------------------+
+------------------------+------------------------+------------------------+
|estimate_value          |stage_1_variance        |stage_2_variance        |
+------------------------+------------------------+------------------------+
|       765957729433.9303|  6.4789655576195998e+19|        7888184938969407|
+------------------------+------------------------+------------------------+
+------------------------+------------------------+------------------------+
|estimate_value          |stage_1_variance        |stage_2_variance        |
+------------------------+------------------------+------------------------+
|      754136929833.01355|  6.3313203119620563e+19|        7726181072808348|
+------------------------+------------------------+------------------------+
Query SdWoRedundancy_09_p_s_c.sql
(1 row)
(1 row)
(1 row)
(1 row)
(1 row)
(1 row)
(1 row)
(1 row)
(1 row)
(1 row)
Starting Quickstep with 40 worker thread(s) and a 125.75 GB buffer pool.
+------------------------+------------------------+------------------------+
|estimate_value          |stage_1_variance        |stage_2_variance        |
+------------------------+------------------------+------------------------+
|      777924410077.64026|  6.5543287487768543e+19|       21745620214865620|
+------------------------+------------------------+------------------------+
+------------------------+------------------------+------------------------+
|estimate_value          |stage_1_variance        |stage_2_variance        |
+------------------------+------------------------+------------------------+
|       782173958452.8988|  6.6791460412192326e+19|       22036626538427832|
+------------------------+------------------------+------------------------+
+------------------------+------------------------+------------------------+
|estimate_value          |stage_1_variance        |stage_2_variance        |
+------------------------+------------------------+------------------------+
|      772596712709.01282|   6.534197176547532e+19|       21675514877373884|
+------------------------+------------------------+------------------------+
+------------------------+------------------------+------------------------+
|estimate_value          |stage_1_variance        |stage_2_variance        |
+------------------------+------------------------+------------------------+
|      771215572771.73718|  6.5333527875520479e+19|       21675799136083704|
+------------------------+------------------------+------------------------+
+------------------------+------------------------+------------------------+
|estimate_value          |stage_1_variance        |stage_2_variance        |
+------------------------+------------------------+------------------------+
|      758133208005.12476|  6.4846276473133752e+19|       21401804866115812|
+------------------------+------------------------+------------------------+
+------------------------+------------------------+------------------------+
|estimate_value          |stage_1_variance        |stage_2_variance        |
+------------------------+------------------------+------------------------+
|      783200132633.65564|   6.668701830345923e+19|       22108653577059284|
+------------------------+------------------------+------------------------+
+------------------------+------------------------+------------------------+
|estimate_value          |stage_1_variance        |stage_2_variance        |
+------------------------+------------------------+------------------------+
|      762818669609.92969|   6.446056213416797e+19|       21346886553822472|
+------------------------+------------------------+------------------------+
+------------------------+------------------------+------------------------+
|estimate_value          |stage_1_variance        |stage_2_variance        |
+------------------------+------------------------+------------------------+
|      768040512289.03857|   6.463360652525618e+19|       21486846224797504|
+------------------------+------------------------+------------------------+
+------------------------+------------------------+------------------------+
|estimate_value          |stage_1_variance        |stage_2_variance        |
+------------------------+------------------------+------------------------+
|      770146079032.92603|  6.5257723683527057e+19|       21613894548421136|
+------------------------+------------------------+------------------------+
+------------------------+------------------------+------------------------+
|estimate_value          |stage_1_variance        |stage_2_variance        |
+------------------------+------------------------+------------------------+
|      773527920552.52893|  6.5341598882609807e+19|       21784648910732564|
+------------------------+------------------------+------------------------+
+------------------------+------------------------+------------------------+
|estimate_value          |stage_1_variance        |stage_2_variance        |
+------------------(1 row)
(1 row)
(1 row)
(1 row)
(1 row)
(1 row)
(1 row)
(1 row)
(1 row)
(1 row)
------+------------------------+------------------------+
|      753602857187.61255|   6.339059848110991e+19|       20961177448317476|
+------------------------+------------------------+------------------------+
+------------------------+------------------------+------------------------+
|estimate_value          |stage_1_variance        |stage_2_variance        |
+------------------------+------------------------+------------------------+
|      767033504082.43298|  6.4949872569216319e+19|       21401230792846964|
+------------------------+------------------------+------------------------+
+------------------------+------------------------+------------------------+
|estimate_value          |stage_1_variance        |stage_2_variance        |
+------------------------+------------------------+------------------------+
|      771201680674.29126|  6.5560020657487503e+19|       21668818180994684|
+------------------------+------------------------+------------------------+
+------------------------+------------------------+------------------------+
|estimate_value          |stage_1_variance        |stage_2_variance        |
+------------------------+------------------------+------------------------+
|      772319904626.40125|  6.5670736111097995e+19|       21782706493014744|
+------------------------+------------------------+------------------------+
+------------------------+------------------------+------------------------+
|estimate_value          |stage_1_variance        |stage_2_variance        |
+------------------------+------------------------+------------------------+
|      770822446824.19055|   6.548747326093552e+19|       21704760909851020|
+------------------------+------------------------+------------------------+
+------------------------+------------------------+------------------------+
|estimate_value          |stage_1_variance        |stage_2_variance        |
+------------------------+------------------------+------------------------+
|       766906579142.4751|  6.4369403289366102e+19|       21276178793195376|
+------------------------+------------------------+------------------------+
+------------------------+------------------------+------------------------+
|estimate_value          |stage_1_variance        |stage_2_variance        |
+------------------------+------------------------+------------------------+
|      766022595653.37341|  6.4663304270351917e+19|       21591582973318916|
+------------------------+------------------------+------------------------+
+------------------------+------------------------+------------------------+
|estimate_value          |stage_1_variance        |stage_2_variance        |
+------------------------+------------------------+------------------------+
|      747615469047.04016|  6.2948300869014774e+19|       20940307775505224|
+------------------------+------------------------+------------------------+
+------------------------+------------------------+------------------------+
|estimate_value          |stage_1_variance        |stage_2_variance        |
+------------------------+------------------------+------------------------+
|      772408282076.01233|  6.4997213758866063e+19|       21559139438121656|
+------------------------+------------------------+------------------------+
+------------------------+------------------------+------------------------+
|estimate_value          |stage_1_variance        |stage_2_variance        |
+------------------------+------------------------+------------------------+
|      777967184229.83264|  6.6208670427279532e+19|       21893922364588960|
+------------------------+------------------------+------------------------+
Query SdWoRedundancy_09_s_c_p.sql
(1 row)
(1 row)
(1 row)
(1 row)
(1 row)
(1 row)
(1 row)
(1 row)
(1 row)
(1 row)
Starting Quickstep with 40 worker thread(s) and a 125.75 GB buffer pool.
+------------------------+------------------------+------------------------+
|estimate_value          |stage_1_variance        |stage_2_variance        |
+------------------------+------------------------+------------------------+
|      787560077359.22253|  2.2817140009894049e+18|  7.2956301924783219e+17|
+------------------------+------------------------+------------------------+
+------------------------+------------------------+------------------------+
|estimate_value          |stage_1_variance        |stage_2_variance        |
+------------------------+------------------------+------------------------+
|      764933498732.24146|  2.2079674709540439e+18|   7.091485777117449e+17|
+------------------------+------------------------+------------------------+
+------------------------+------------------------+------------------------+
|estimate_value          |stage_1_variance        |stage_2_variance        |
+------------------------+------------------------+------------------------+
|      749735364771.18164|  2.1560414290073216e+18|  6.9199449285140211e+17|
+------------------------+------------------------+------------------------+
+------------------------+------------------------+------------------------+
|estimate_value          |stage_1_variance        |stage_2_variance        |
+------------------------+------------------------+------------------------+
|      775624430040.30981|   2.242571902639734e+18|  7.1601861135580736e+17|
+------------------------+------------------------+------------------------+
+------------------------+------------------------+------------------------+
|estimate_value          |stage_1_variance        |stage_2_variance        |
+------------------------+------------------------+------------------------+
|      766639275935.99792|  2.2031501644137318e+18|  7.0782267369286451e+17|
+------------------------+------------------------+------------------------+
+------------------------+------------------------+------------------------+
|estimate_value          |stage_1_variance        |stage_2_variance        |
+------------------------+------------------------+------------------------+
|      766092548478.94995|  2.2087614405087337e+18|  7.1017451131109082e+17|
+------------------------+------------------------+------------------------+
+------------------------+------------------------+------------------------+
|estimate_value          |stage_1_variance        |stage_2_variance        |
+------------------------+------------------------+------------------------+
|      765437458100.87585|  2.2214990248927268e+18|  7.1337549227522624e+17|
+------------------------+------------------------+------------------------+
+------------------------+------------------------+------------------------+
|estimate_value          |stage_1_variance        |stage_2_variance        |
+------------------------+------------------------+------------------------+
|      762625686078.17664|  2.1932121673515807e+18|  7.0506125343626867e+17|
+------------------------+------------------------+------------------------+
+------------------------+------------------------+------------------------+
|estimate_value          |stage_1_variance        |stage_2_variance        |
+------------------------+------------------------+------------------------+
|      768129733141.75183|  2.2133710603941988e+18|  7.1011525060713267e+17|
+------------------------+------------------------+------------------------+
+------------------------+------------------------+------------------------+
|estimate_value          |stage_1_variance        |stage_2_variance        |
+------------------------+------------------------+------------------------+
|      771993220419.66931|   2.240124834515682e+18|   7.173609724019497e+17|
+------------------------+------------------------+------------------------+
+------------------------+------------------------+------------------------+
|estimate_value          |stage_1_variance        |stage_2_variance        |
+------------------(1 row)
(1 row)
(1 row)
(1 row)
(1 row)
(1 row)
(1 row)
(1 row)
(1 row)
(1 row)
------+------------------------+------------------------+
|      781338965576.20862|  2.2848177981929298e+18|  7.2726678843105459e+17|
+------------------------+------------------------+------------------------+
+------------------------+------------------------+------------------------+
|estimate_value          |stage_1_variance        |stage_2_variance        |
+------------------------+------------------------+------------------------+
|      782908777609.06335|  2.2626332669781343e+18|  7.2615506306324659e+17|
+------------------------+------------------------+------------------------+
+------------------------+------------------------+------------------------+
|estimate_value          |stage_1_variance        |stage_2_variance        |
+------------------------+------------------------+------------------------+
|      758659185188.57153|  2.1809409764352212e+18|  7.0048066404654003e+17|
+------------------------+------------------------+------------------------+
+------------------------+------------------------+------------------------+
|estimate_value          |stage_1_variance        |stage_2_variance        |
+------------------------+------------------------+------------------------+
|       763742187474.0874|  2.2097062828592709e+18|  7.0655821644486362e+17|
+------------------------+------------------------+------------------------+
+------------------------+------------------------+------------------------+
|estimate_value          |stage_1_variance        |stage_2_variance        |
+------------------------+------------------------+------------------------+
|      766028330755.86658|   2.212535878308651e+18|  7.0838171278997158e+17|
+------------------------+------------------------+------------------------+
+------------------------+------------------------+------------------------+
|estimate_value          |stage_1_variance        |stage_2_variance        |
+------------------------+------------------------+------------------------+
|      764021356953.89087|  2.2053612584569708e+18|  7.0585827025835968e+17|
+------------------------+------------------------+------------------------+
+------------------------+------------------------+------------------------+
|estimate_value          |stage_1_variance        |stage_2_variance        |
+------------------------+------------------------+------------------------+
|      751047384574.01294|  2.1592162242266929e+18|   6.942523083165888e+17|
+------------------------+------------------------+------------------------+
+------------------------+------------------------+------------------------+
|estimate_value          |stage_1_variance        |stage_2_variance        |
+------------------------+------------------------+------------------------+
|      768200146406.94666|  2.2350502855749888e+18|  7.1434470350849971e+17|
+------------------------+------------------------+------------------------+
+------------------------+------------------------+------------------------+
|estimate_value          |stage_1_variance        |stage_2_variance        |
+------------------------+------------------------+------------------------+
|       763633973161.2356|  2.2135061967537267e+18|  7.0624948727985715e+17|
+------------------------+------------------------+------------------------+
+------------------------+------------------------+------------------------+
|estimate_value          |stage_1_variance        |stage_2_variance        |
+------------------------+------------------------+------------------------+
|       771055598463.2218|  2.2234607824292677e+18|  7.1383465025178278e+17|
+------------------------+------------------------+------------------------+
Query SdWoRedundancy_09_s_p_c.sql
(1 row)
(1 row)
(1 row)
(1 row)
(1 row)
(1 row)
(1 row)
(1 row)
(1 row)
(1 row)
Starting Quickstep with 40 worker thread(s) and a 125.75 GB buffer pool.
+------------------------+------------------------+------------------------+
|estimate_value          |stage_1_variance        |stage_2_variance        |
+------------------------+------------------------+------------------------+
|      758117247688.98889|  2.1861569040987965e+18|  1.8878447243457348e+19|
+------------------------+------------------------+------------------------+
+------------------------+------------------------+------------------------+
|estimate_value          |stage_1_variance        |stage_2_variance        |
+------------------------+------------------------+------------------------+
|      774097178336.87402|  2.2334675980287375e+18|  1.9276785591610671e+19|
+------------------------+------------------------+------------------------+
+------------------------+------------------------+------------------------+
|estimate_value          |stage_1_variance        |stage_2_variance        |
+------------------------+------------------------+------------------------+
|      767742956351.88916|  2.2092187639070285e+18|  1.9056583913965621e+19|
+------------------------+------------------------+------------------------+
+------------------------+------------------------+------------------------+
|estimate_value          |stage_1_variance        |stage_2_variance        |
+------------------------+------------------------+------------------------+
|      763416921064.11096|  2.2083006344749094e+18|  1.8973663790331752e+19|
+------------------------+------------------------+------------------------+
+------------------------+------------------------+------------------------+
|estimate_value          |stage_1_variance        |stage_2_variance        |
+------------------------+------------------------+------------------------+
|      764090654503.88611|  2.2098158523544468e+18|  1.9088786095348691e+19|
+------------------------+------------------------+------------------------+
+------------------------+------------------------+------------------------+
|estimate_value          |stage_1_variance        |stage_2_variance        |
+------------------------+------------------------+------------------------+
|      780277530766.25647|  2.2644277536297915e+18|  1.9495717774622478e+19|
+------------------------+------------------------+------------------------+
+------------------------+------------------------+------------------------+
|estimate_value          |stage_1_variance        |stage_2_variance        |
+------------------------+------------------------+------------------------+
|      776755599003.74854|  2.2658470795502756e+18|  1.9530699759400632e+19|
+------------------------+------------------------+------------------------+
+------------------------+------------------------+------------------------+
|estimate_value          |stage_1_variance        |stage_2_variance        |
+------------------------+------------------------+------------------------+
|      771431998015.49988|   2.222167109223402e+18|  1.9165718694211121e+19|
+------------------------+------------------------+------------------------+
+------------------------+------------------------+------------------------+
|estimate_value          |stage_1_variance        |stage_2_variance        |
+------------------------+------------------------+------------------------+
|      777945113073.37231|  2.2494322016895299e+18|  1.9398415311191884e+19|
+------------------------+------------------------+------------------------+
+------------------------+------------------------+------------------------+
|estimate_value          |stage_1_variance        |stage_2_variance        |
+------------------------+------------------------+------------------------+
|      780083925964.87122|  2.2621513301826609e+18|  1.9513421418166096e+19|
+------------------------+------------------------+------------------------+
+------------------------+------------------------+------------------------+
|estimate_value          |stage_1_variance        |stage_2_variance        |
+------------------(1 row)
(1 row)
(1 row)
(1 row)
(1 row)
(1 row)
(1 row)
(1 row)
(1 row)
(1 row)
------+------------------------+------------------------+
|        767753019055.995|  2.2323558733137626e+18|   1.927171174747562e+19|
+------------------------+------------------------+------------------------+
+------------------------+------------------------+------------------------+
|estimate_value          |stage_1_variance        |stage_2_variance        |
+------------------------+------------------------+------------------------+
|      770377489112.23926|  2.2233244877352097e+18|  1.9193899639129084e+19|
+------------------------+------------------------+------------------------+
+------------------------+------------------------+------------------------+
|estimate_value          |stage_1_variance        |stage_2_variance        |
+------------------------+------------------------+------------------------+
|      768132906374.67761|   2.223082534093429e+18|   1.913890094530508e+19|
+------------------------+------------------------+------------------------+
+------------------------+------------------------+------------------------+
|estimate_value          |stage_1_variance        |stage_2_variance        |
+------------------------+------------------------+------------------------+
|       776951952155.0061|  2.2749448786277581e+18|  1.9606596523323314e+19|
+------------------------+------------------------+------------------------+
+------------------------+------------------------+------------------------+
|estimate_value          |stage_1_variance        |stage_2_variance        |
+------------------------+------------------------+------------------------+
|      762080190841.67944|  2.1924557608101816e+18|  1.8902718826067739e+19|
+------------------------+------------------------+------------------------+
+------------------------+------------------------+------------------------+
|estimate_value          |stage_1_variance        |stage_2_variance        |
+------------------------+------------------------+------------------------+
|      775220689249.21277|  2.2367142673327411e+18|  1.9305477987495268e+19|
+------------------------+------------------------+------------------------+
+------------------------+------------------------+------------------------+
|estimate_value          |stage_1_variance        |stage_2_variance        |
+------------------------+------------------------+------------------------+
|      765484731407.44031|  2.2019566155312131e+18|  1.9061473041352905e+19|
+------------------------+------------------------+------------------------+
+------------------------+------------------------+------------------------+
|estimate_value          |stage_1_variance        |stage_2_variance        |
+------------------------+------------------------+------------------------+
|      774360620717.18384|  2.2413206597571963e+18|  1.9318941552551256e+19|
+------------------------+------------------------+------------------------+
+------------------------+------------------------+------------------------+
|estimate_value          |stage_1_variance        |stage_2_variance        |
+------------------------+------------------------+------------------------+
|      753263102963.95374|  2.1720780429888804e+18|  1.8815235387333194e+19|
+------------------------+------------------------+------------------------+
+------------------------+------------------------+------------------------+
|estimate_value          |stage_1_variance        |stage_2_variance        |
+------------------------+------------------------+------------------------+
|       758650195852.3208|  2.1832995294826647e+18|  1.8843214931223831e+19|
+------------------------+------------------------+------------------------+
