Loading settings from tmp.cfg
QS=/fastdisk/quickstep/build-variance/quickstep_cli_shell

QS_ARGS_BASE="-worker_affinities="0,1,2,3,4,5,6,7,8,9,10,11,12,13,14,15,16,17,18,19,20,21,22,23,24,25,26,27,28,29,30,31,32,33,34,35,36,37,38,39" -display_timing=false -sampling_tables=customer,supplier,part -sampling_rates=0.8,0.1,0.7"

QS_ARGS_NUMA_LOAD=""

QS_ARGS_NUMA_RUN="-preload_buffer_pool=false"

CREATE_SQL="create.sql"

LOAD_DATA=false

TPCH_DATA_PATH=/slowdisk/raw-data/tpch-sf100

QS_STORAGE=/fastdisk/qs-data/tpch-sf100

QUERIES="ALL"
/fastdisk/quickstep/build-variance/quickstep_cli_shell -worker_affinities=0,1,2,3,4,5,6,7,8,9,10,11,12,13,14,15,16,17,18,19,20,21,22,23,24,25,26,27,28,29,30,31,32,33,34,35,36,37,38,39 -display_timing=false -sampling_tables=customer,supplier,part -sampling_rates=0.8,0.1,0.7 -preload_buffer_pool=false -storage_path=/fastdisk/qs-data/tpch-sf100
Query SdWoRedundancy_09_c_p_s.sql
(1 row)
(1 row)
(1 row)
(1 row)
(1 row)
(1 row)
(1 row)
(1 row)
(1 row)
(1 row)
Starting Quickstep with 40 worker thread(s) and a 125.75 GB buffer pool.
+------------------------+------------------------+------------------------+
|estimate_value          |stage_1_variance        |stage_2_variance        |
+------------------------+------------------------+------------------------+
|      767908869565.24487|   1.191767195152392e+17|  1.2212393477632398e+17|
+------------------------+------------------------+------------------------+
+------------------------+------------------------+------------------------+
|estimate_value          |stage_1_variance        |stage_2_variance        |
+------------------------+------------------------+------------------------+
|      771998309915.63428|  1.1958529178685472e+17|   1.225935237442715e+17|
+------------------------+------------------------+------------------------+
+------------------------+------------------------+------------------------+
|estimate_value          |stage_1_variance        |stage_2_variance        |
+------------------------+------------------------+------------------------+
|      767969684062.48608|  1.1904225987249166e+17|  1.2201287181520472e+17|
+------------------------+------------------------+------------------------+
+------------------------+------------------------+------------------------+
|estimate_value          |stage_1_variance        |stage_2_variance        |
+------------------------+------------------------+------------------------+
|      766289992016.77136|  1.1869057313243976e+17|  1.2167054209746731e+17|
+------------------------+------------------------+------------------------+
+------------------------+------------------------+------------------------+
|estimate_value          |stage_1_variance        |stage_2_variance        |
+------------------------+------------------------+------------------------+
|      771712378726.96436|  1.1985098172602638e+17|  1.2278607839895184e+17|
+------------------------+------------------------+------------------------+
+------------------------+------------------------+------------------------+
|estimate_value          |stage_1_variance        |stage_2_variance        |
+------------------------+------------------------+------------------------+
|      765395931942.84851|  1.1853905971522566e+17|  1.2155048416200459e+17|
+------------------------+------------------------+------------------------+
+------------------------+------------------------+------------------------+
|estimate_value          |stage_1_variance        |stage_2_variance        |
+------------------------+------------------------+------------------------+
|      774425799458.89612|  1.2022721086338698e+17|  1.2313418533679445e+17|
+------------------------+------------------------+------------------------+
+------------------------+------------------------+------------------------+
|estimate_value          |stage_1_variance        |stage_2_variance        |
+------------------------+------------------------+------------------------+
|      768763245110.04663|  1.1906307918268606e+17|  1.2218474263141152e+17|
+------------------------+------------------------+------------------------+
+------------------------+------------------------+------------------------+
|estimate_value          |stage_1_variance        |stage_2_variance        |
+------------------------+------------------------+------------------------+
|      772533058546.33691|  1.1963870397806213e+17|  1.2258745871877858e+17|
+------------------------+------------------------+------------------------+
+------------------------+------------------------+------------------------+
|estimate_value          |stage_1_variance        |stage_2_variance        |
+------------------------+------------------------+------------------------+
|      768461108193.57776|     1.1895260412232e+17|  1.2204833081681091e+17|
+------------------------+------------------------+------------------------+
+------------------------+------------------------+------------------------+
|estimate_value          |stage_1_variance        |stage_2_variance        |
+------------------(1 row)
(1 row)
(1 row)
(1 row)
(1 row)
(1 row)
(1 row)
(1 row)
(1 row)
(1 row)
------+------------------------+------------------------+
|       768795200397.4054|  1.1891790584865122e+17|  1.2190981156206058e+17|
+------------------------+------------------------+------------------------+
+------------------------+------------------------+------------------------+
|estimate_value          |stage_1_variance        |stage_2_variance        |
+------------------------+------------------------+------------------------+
|      770595807939.36853|  1.1946898293794581e+17|  1.2253760037014534e+17|
+------------------------+------------------------+------------------------+
+------------------------+------------------------+------------------------+
|estimate_value          |stage_1_variance        |stage_2_variance        |
+------------------------+------------------------+------------------------+
|      767184445656.69727|  1.1873154924351258e+17|  1.2170585626424778e+17|
+------------------------+------------------------+------------------------+
+------------------------+------------------------+------------------------+
|estimate_value          |stage_1_variance        |stage_2_variance        |
+------------------------+------------------------+------------------------+
|        769818703404.125|  1.1942928674791003e+17|  1.2235816969700182e+17|
+------------------------+------------------------+------------------------+
+------------------------+------------------------+------------------------+
|estimate_value          |stage_1_variance        |stage_2_variance        |
+------------------------+------------------------+------------------------+
|      765494768230.91516|  1.1848537835661925e+17|  1.2155831477113664e+17|
+------------------------+------------------------+------------------------+
+------------------------+------------------------+------------------------+
|estimate_value          |stage_1_variance        |stage_2_variance        |
+------------------------+------------------------+------------------------+
|       769334329171.0166|  1.1924422085600282e+17|  1.2223211623365371e+17|
+------------------------+------------------------+------------------------+
+------------------------+------------------------+------------------------+
|estimate_value          |stage_1_variance        |stage_2_variance        |
+------------------------+------------------------+------------------------+
|      764813377876.36499|  1.1834940233995254e+17|  1.2132899845786907e+17|
+------------------------+------------------------+------------------------+
+------------------------+------------------------+------------------------+
|estimate_value          |stage_1_variance        |stage_2_variance        |
+------------------------+------------------------+------------------------+
|       773018643767.0249|  1.2000071964734477e+17|  1.2282752499190859e+17|
+------------------------+------------------------+------------------------+
+------------------------+------------------------+------------------------+
|estimate_value          |stage_1_variance        |stage_2_variance        |
+------------------------+------------------------+------------------------+
|      771412941540.68616|  1.1943922073542381e+17|  1.2236464234057048e+17|
+------------------------+------------------------+------------------------+
+------------------------+------------------------+------------------------+
|estimate_value          |stage_1_variance        |stage_2_variance        |
+------------------------+------------------------+------------------------+
|      768382682889.96362|  1.1901144259322134e+17|  1.2204239079008061e+17|
+------------------------+------------------------+------------------------+
Query SdWoRedundancy_09_c_s_p.sql
(1 row)
(1 row)
(1 row)
(1 row)
(1 row)
(1 row)
(1 row)
(1 row)
(1 row)
(1 row)
Starting Quickstep with 40 worker thread(s) and a 125.75 GB buffer pool.
+------------------------+------------------------+------------------------+
|estimate_value          |stage_1_variance        |stage_2_variance        |
+------------------------+------------------------+------------------------+
|       766723893832.9502|  1.1862982827209462e+17|  3.6491046964240922e+17|
+------------------------+------------------------+------------------------+
+------------------------+------------------------+------------------------+
|estimate_value          |stage_1_variance        |stage_2_variance        |
+------------------------+------------------------+------------------------+
|      770402511247.94714|  1.1945539557127624e+17|   3.674429861138425e+17|
+------------------------+------------------------+------------------------+
+------------------------+------------------------+------------------------+
|estimate_value          |stage_1_variance        |stage_2_variance        |
+------------------------+------------------------+------------------------+
|      769504402809.50781|  1.1914401249125571e+17|  3.6659110415209664e+17|
+------------------------+------------------------+------------------------+
+------------------------+------------------------+------------------------+
|estimate_value          |stage_1_variance        |stage_2_variance        |
+------------------------+------------------------+------------------------+
|      769844953551.68103|  1.1912391557768736e+17|  3.6621539825025306e+17|
+------------------------+------------------------+------------------------+
+------------------------+------------------------+------------------------+
|estimate_value          |stage_1_variance        |stage_2_variance        |
+------------------------+------------------------+------------------------+
|      768630125186.89612|  1.1913549608434248e+17|  3.6628301927146374e+17|
+------------------------+------------------------+------------------------+
+------------------------+------------------------+------------------------+
|estimate_value          |stage_1_variance        |stage_2_variance        |
+------------------------+------------------------+------------------------+
|       772654691466.2041|  1.1989166926884318e+17|  3.6845979925593901e+17|
+------------------------+------------------------+------------------------+
+------------------------+------------------------+------------------------+
|estimate_value          |stage_1_variance        |stage_2_variance        |
+------------------------+------------------------+------------------------+
|      770742703325.02881|  1.1942474593318525e+17|   3.672698273489207e+17|
+------------------------+------------------------+------------------------+
+------------------------+------------------------+------------------------+
|estimate_value          |stage_1_variance        |stage_2_variance        |
+------------------------+------------------------+------------------------+
|      762799042470.61523|  1.1788312884022722e+17|  3.6277522750108787e+17|
+------------------------+------------------------+------------------------+
+------------------------+------------------------+------------------------+
|estimate_value          |stage_1_variance        |stage_2_variance        |
+------------------------+------------------------+------------------------+
|       770568631855.9458|  1.1958484236382366e+17|  3.6762395338240902e+17|
+------------------------+------------------------+------------------------+
+------------------------+------------------------+------------------------+
|estimate_value          |stage_1_variance        |stage_2_variance        |
+------------------------+------------------------+------------------------+
|      764423076273.81299|  1.1812820249049458e+17|  3.6376220378324506e+17|
+------------------------+------------------------+------------------------+
+------------------------+------------------------+------------------------+
|estimate_value          |stage_1_variance        |stage_2_variance        |
+------------------(1 row)
(1 row)
(1 row)
(1 row)
(1 row)
(1 row)
(1 row)
(1 row)
(1 row)
(1 row)
------+------------------------+------------------------+
|      770138564383.77637|  1.1941569765653837e+17|  3.6737707460150611e+17|
+------------------------+------------------------+------------------------+
+------------------------+------------------------+------------------------+
|estimate_value          |stage_1_variance        |stage_2_variance        |
+------------------------+------------------------+------------------------+
|      768111467312.16052|  1.1888239493295466e+17|  3.6590597213726035e+17|
+------------------------+------------------------+------------------------+
+------------------------+------------------------+------------------------+
|estimate_value          |stage_1_variance        |stage_2_variance        |
+------------------------+------------------------+------------------------+
|      768807623430.95422|  1.1902865404910834e+17|  3.6635706120717824e+17|
+------------------------+------------------------+------------------------+
+------------------------+------------------------+------------------------+
|estimate_value          |stage_1_variance        |stage_2_variance        |
+------------------------+------------------------+------------------------+
|      770364312417.11853|   1.194306793498867e+17|  3.6711701486355725e+17|
+------------------------+------------------------+------------------------+
+------------------------+------------------------+------------------------+
|estimate_value          |stage_1_variance        |stage_2_variance        |
+------------------------+------------------------+------------------------+
|      767812280665.43042|  1.1883230906328683e+17|  3.6564466549812979e+17|
+------------------------+------------------------+------------------------+
+------------------------+------------------------+------------------------+
|estimate_value          |stage_1_variance        |stage_2_variance        |
+------------------------+------------------------+------------------------+
|      768991944549.59875|  1.1904547157752621e+17|  3.6636321049272013e+17|
+------------------------+------------------------+------------------------+
+------------------------+------------------------+------------------------+
|estimate_value          |stage_1_variance        |stage_2_variance        |
+------------------------+------------------------+------------------------+
|      771394591097.96265|    1.19656885919352e+17|  3.6774271150358253e+17|
+------------------------+------------------------+------------------------+
+------------------------+------------------------+------------------------+
|estimate_value          |stage_1_variance        |stage_2_variance        |
+------------------------+------------------------+------------------------+
|      763802622028.89392|  1.1823209666698435e+17|  3.6401320129173165e+17|
+------------------------+------------------------+------------------------+
+------------------------+------------------------+------------------------+
|estimate_value          |stage_1_variance        |stage_2_variance        |
+------------------------+------------------------+------------------------+
|      767544058746.51416|  1.1899333813330635e+17|  3.6610510209079731e+17|
+------------------------+------------------------+------------------------+
+------------------------+------------------------+------------------------+
|estimate_value          |stage_1_variance        |stage_2_variance        |
+------------------------+------------------------+------------------------+
|      768358088923.40198|  1.1901566179761058e+17|  3.6613664349149434e+17|
+------------------------+------------------------+------------------------+
Query SdWoRedundancy_09_p_c_s.sql
(1 row)
(1 row)
(1 row)
(1 row)
(1 row)
(1 row)
(1 row)
(1 row)
(1 row)
(1 row)
Starting Quickstep with 40 worker thread(s) and a 125.75 GB buffer pool.
+------------------------+------------------------+------------------------+
|estimate_value          |stage_1_variance        |stage_2_variance        |
+------------------------+------------------------+------------------------+
|       770180535319.5509|  1.0230867266326679e+18|       71451427554541552|
+------------------------+------------------------+------------------------+
+------------------------+------------------------+------------------------+
|estimate_value          |stage_1_variance        |stage_2_variance        |
+------------------------+------------------------+------------------------+
|       767233385204.6709|  1.0156193713382007e+18|       70964795141123904|
+------------------------+------------------------+------------------------+
+------------------------+------------------------+------------------------+
|estimate_value          |stage_1_variance        |stage_2_variance        |
+------------------------+------------------------+------------------------+
|      764944084133.28687|   1.010080627294313e+18|       70777800514855960|
+------------------------+------------------------+------------------------+
+------------------------+------------------------+------------------------+
|estimate_value          |stage_1_variance        |stage_2_variance        |
+------------------------+------------------------+------------------------+
|      764921319514.54993|  1.0120411704284631e+18|       70884953551931808|
+------------------------+------------------------+------------------------+
+------------------------+------------------------+------------------------+
|estimate_value          |stage_1_variance        |stage_2_variance        |
+------------------------+------------------------+------------------------+
|        770607958266.146|  1.0234398192024753e+18|       71560374606535216|
+------------------------+------------------------+------------------------+
+------------------------+------------------------+------------------------+
|estimate_value          |stage_1_variance        |stage_2_variance        |
+------------------------+------------------------+------------------------+
|      769035397737.46411|  1.0207949727660438e+18|       71275114908521424|
+------------------------+------------------------+------------------------+
+------------------------+------------------------+------------------------+
|estimate_value          |stage_1_variance        |stage_2_variance        |
+------------------------+------------------------+------------------------+
|      772955456133.82935|  1.0270610378560678e+18|       71698007418889704|
+------------------------+------------------------+------------------------+
+------------------------+------------------------+------------------------+
|estimate_value          |stage_1_variance        |stage_2_variance        |
+------------------------+------------------------+------------------------+
|      772039126071.02246|  1.0249010310617162e+18|       71606328808707856|
+------------------------+------------------------+------------------------+
+------------------------+------------------------+------------------------+
|estimate_value          |stage_1_variance        |stage_2_variance        |
+------------------------+------------------------+------------------------+
|      765281853694.24438|  1.0162326891293276e+18|       70978628209519528|
+------------------------+------------------------+------------------------+
+------------------------+------------------------+------------------------+
|estimate_value          |stage_1_variance        |stage_2_variance        |
+------------------------+------------------------+------------------------+
|      762655087037.71301|  1.0083285021920348e+18|       70602902921574416|
+------------------------+------------------------+------------------------+
+------------------------+------------------------+------------------------+
|estimate_value          |stage_1_variance        |stage_2_variance        |
+------------------(1 row)
(1 row)
(1 row)
(1 row)
(1 row)
(1 row)
(1 row)
(1 row)
(1 row)
(1 row)
------+------------------------+------------------------+
|      766685262272.15234|  1.0146055570870982e+18|       71035646042579256|
+------------------------+------------------------+------------------------+
+------------------------+------------------------+------------------------+
|estimate_value          |stage_1_variance        |stage_2_variance        |
+------------------------+------------------------+------------------------+
|      770490408721.99438|  1.0226700969881434e+18|       71388283994877136|
+------------------------+------------------------+------------------------+
+------------------------+------------------------+------------------------+
|estimate_value          |stage_1_variance        |stage_2_variance        |
+------------------------+------------------------+------------------------+
|      768471183242.35425|  1.0166083367688143e+18|       71243636900056072|
+------------------------+------------------------+------------------------+
+------------------------+------------------------+------------------------+
|estimate_value          |stage_1_variance        |stage_2_variance        |
+------------------------+------------------------+------------------------+
|      767931075763.25098|  1.0166446512971107e+18|       71100117925292608|
+------------------------+------------------------+------------------------+
+------------------------+------------------------+------------------------+
|estimate_value          |stage_1_variance        |stage_2_variance        |
+------------------------+------------------------+------------------------+
|      770794176042.04712|  1.0263586543952456e+18|       71502901430828416|
+------------------------+------------------------+------------------------+
+------------------------+------------------------+------------------------+
|estimate_value          |stage_1_variance        |stage_2_variance        |
+------------------------+------------------------+------------------------+
|      767467907132.30981|  1.0217630153401564e+18|       71249436267601688|
+------------------------+------------------------+------------------------+
+------------------------+------------------------+------------------------+
|estimate_value          |stage_1_variance        |stage_2_variance        |
+------------------------+------------------------+------------------------+
|      763718570974.24731|  1.0128645539727188e+18|       70861278065867600|
+------------------------+------------------------+------------------------+
+------------------------+------------------------+------------------------+
|estimate_value          |stage_1_variance        |stage_2_variance        |
+------------------------+------------------------+------------------------+
|      768301831790.07678|  1.0185011636080205e+18|       71126901066914672|
+------------------------+------------------------+------------------------+
+------------------------+------------------------+------------------------+
|estimate_value          |stage_1_variance        |stage_2_variance        |
+------------------------+------------------------+------------------------+
|      769975180009.64563|  1.0238107587876531e+18|       71475734275450704|
+------------------------+------------------------+------------------------+
+------------------------+------------------------+------------------------+
|estimate_value          |stage_1_variance        |stage_2_variance        |
+------------------------+------------------------+------------------------+
|      772319575734.84583|  1.0240679200900646e+18|       71618450467335088|
+------------------------+------------------------+------------------------+
Query SdWoRedundancy_09_p_s_c.sql
(1 row)
(1 row)
(1 row)
(1 row)
(1 row)
(1 row)
(1 row)
(1 row)
(1 row)
(1 row)
Starting Quickstep with 40 worker thread(s) and a 125.75 GB buffer pool.
+------------------------+------------------------+------------------------+
|estimate_value          |stage_1_variance        |stage_2_variance        |
+------------------------+------------------------+------------------------+
|      768304790136.92773|  1.0141244283728389e+18|  1.7403820691484849e+18|
+------------------------+------------------------+------------------------+
+------------------------+------------------------+------------------------+
|estimate_value          |stage_1_variance        |stage_2_variance        |
+------------------------+------------------------+------------------------+
|      766260102690.99463|  1.0164569303854858e+18|  1.7388735263728916e+18|
+------------------------+------------------------+------------------------+
+------------------------+------------------------+------------------------+
|estimate_value          |stage_1_variance        |stage_2_variance        |
+------------------------+------------------------+------------------------+
|      766853909888.22437|  1.0166540052387826e+18|  1.7365709555894976e+18|
+------------------------+------------------------+------------------------+
+------------------------+------------------------+------------------------+
|estimate_value          |stage_1_variance        |stage_2_variance        |
+------------------------+------------------------+------------------------+
|      772071128417.62195|  1.0241227710702966e+18|  1.7517701695876777e+18|
+------------------------+------------------------+------------------------+
+------------------------+------------------------+------------------------+
|estimate_value          |stage_1_variance        |stage_2_variance        |
+------------------------+------------------------+------------------------+
|      767964096843.35376|   1.016908845389082e+18|  1.7444964147729912e+18|
+------------------------+------------------------+------------------------+
+------------------------+------------------------+------------------------+
|estimate_value          |stage_1_variance        |stage_2_variance        |
+------------------------+------------------------+------------------------+
|      770605448257.14417|  1.0222051663673797e+18|  1.7491128253834455e+18|
+------------------------+------------------------+------------------------+
+------------------------+------------------------+------------------------+
|estimate_value          |stage_1_variance        |stage_2_variance        |
+------------------------+------------------------+------------------------+
|      771929923707.64282|  1.0222182864927508e+18|  1.7508023424401444e+18|
+------------------------+------------------------+------------------------+
+------------------------+------------------------+------------------------+
|estimate_value          |stage_1_variance        |stage_2_variance        |
+------------------------+------------------------+------------------------+
|      764977131011.55298|  1.0145763982651853e+18|  1.7356910564038436e+18|
+------------------------+------------------------+------------------------+
+------------------------+------------------------+------------------------+
|estimate_value          |stage_1_variance        |stage_2_variance        |
+------------------------+------------------------+------------------------+
|      768237419865.88745|  1.0201569679760658e+18|  1.7443758421010836e+18|
+------------------------+------------------------+------------------------+
+------------------------+------------------------+------------------------+
|estimate_value          |stage_1_variance        |stage_2_variance        |
+------------------------+------------------------+------------------------+
|      764723556375.61084|  1.0121447861993428e+18|  1.7341036690470477e+18|
+------------------------+------------------------+------------------------+
+------------------------+------------------------+------------------------+
|estimate_value          |stage_1_variance        |stage_2_variance        |
+------------------(1 row)
(1 row)
(1 row)
(1 row)
(1 row)
(1 row)
(1 row)
(1 row)
(1 row)
(1 row)
------+------------------------+------------------------+
|      772103868757.42334|  1.0283595333635172e+18|  1.7531248478902154e+18|
+------------------------+------------------------+------------------------+
+------------------------+------------------------+------------------------+
|estimate_value          |stage_1_variance        |stage_2_variance        |
+------------------------+------------------------+------------------------+
|      768644096785.17627|  1.0225157038358135e+18|  1.7444916061292296e+18|
+------------------------+------------------------+------------------------+
+------------------------+------------------------+------------------------+
|estimate_value          |stage_1_variance        |stage_2_variance        |
+------------------------+------------------------+------------------------+
|      773385046488.79224|  1.0270142898135619e+18|  1.7549097601791616e+18|
+------------------------+------------------------+------------------------+
+------------------------+------------------------+------------------------+
|estimate_value          |stage_1_variance        |stage_2_variance        |
+------------------------+------------------------+------------------------+
|      773819167090.06628|  1.0259973249064847e+18|  1.7566139528306529e+18|
+------------------------+------------------------+------------------------+
+------------------------+------------------------+------------------------+
|estimate_value          |stage_1_variance        |stage_2_variance        |
+------------------------+------------------------+------------------------+
|      769244380654.83081|  1.0199274100605686e+18|  1.7441580570314504e+18|
+------------------------+------------------------+------------------------+
+------------------------+------------------------+------------------------+
|estimate_value          |stage_1_variance        |stage_2_variance        |
+------------------------+------------------------+------------------------+
|      768299794033.89575|  1.0171136055173668e+18|  1.7394678309502546e+18|
+------------------------+------------------------+------------------------+
+------------------------+------------------------+------------------------+
|estimate_value          |stage_1_variance        |stage_2_variance        |
+------------------------+------------------------+------------------------+
|      764586842896.31396|  1.0086064902219119e+18|  1.7318300377199373e+18|
+------------------------+------------------------+------------------------+
+------------------------+------------------------+------------------------+
|estimate_value          |stage_1_variance        |stage_2_variance        |
+------------------------+------------------------+------------------------+
|       771076636868.9198|  1.0220190030608694e+18|  1.7451409583277092e+18|
+------------------------+------------------------+------------------------+
+------------------------+------------------------+------------------------+
|estimate_value          |stage_1_variance        |stage_2_variance        |
+------------------------+------------------------+------------------------+
|      768595145403.84399|  1.0175021629811099e+18|  1.7403742691665818e+18|
+------------------------+------------------------+------------------------+
+------------------------+------------------------+------------------------+
|estimate_value          |stage_1_variance        |stage_2_variance        |
+------------------------+------------------------+------------------------+
|      766756751641.81848|  1.0138641923845696e+18|   1.735225844527148e+18|
+------------------------+------------------------+------------------------+
Query SdWoRedundancy_09_s_c_p.sql
(1 row)
(1 row)
(1 row)
(1 row)
(1 row)
(1 row)
(1 row)
(1 row)
(1 row)
(1 row)
Starting Quickstep with 40 worker thread(s) and a 125.75 GB buffer pool.
+------------------------+------------------------+------------------------+
|estimate_value          |stage_1_variance        |stage_2_variance        |
+------------------------+------------------------+------------------------+
|      765874229772.14856|  8.1839936580792965e+18|       10139865047597824|
+------------------------+------------------------+------------------------+
+------------------------+------------------------+------------------------+
|estimate_value          |stage_1_variance        |stage_2_variance        |
+------------------------+------------------------+------------------------+
|      774041397216.66394|  8.2009207661073142e+18|       10241156140136468|
+------------------------+------------------------+------------------------+
+------------------------+------------------------+------------------------+
|estimate_value          |stage_1_variance        |stage_2_variance        |
+------------------------+------------------------+------------------------+
|      770240977973.18701|  8.1750837636529725e+18|       10179258974762058|
+------------------------+------------------------+------------------------+
+------------------------+------------------------+------------------------+
|estimate_value          |stage_1_variance        |stage_2_variance        |
+------------------------+------------------------+------------------------+
|      772589183589.86633|  8.2003054407002665e+18|       10229820996352600|
+------------------------+------------------------+------------------------+
+------------------------+------------------------+------------------------+
|estimate_value          |stage_1_variance        |stage_2_variance        |
+------------------------+------------------------+------------------------+
|      766761904089.24707|  8.1386056436651469e+18|       10141196381358968|
+------------------------+------------------------+------------------------+
+------------------------+------------------------+------------------------+
|estimate_value          |stage_1_variance        |stage_2_variance        |
+------------------------+------------------------+------------------------+
|      777074296535.81116|  8.3066614411907379e+18|       10298851695983058|
+------------------------+------------------------+------------------------+
+------------------------+------------------------+------------------------+
|estimate_value          |stage_1_variance        |stage_2_variance        |
+------------------------+------------------------+------------------------+
|      768321185218.17285|  8.1600824089113344e+18|       10160341203641384|
+------------------------+------------------------+------------------------+
+------------------------+------------------------+------------------------+
|estimate_value          |stage_1_variance        |stage_2_variance        |
+------------------------+------------------------+------------------------+
|      764181072107.63013|  8.0929065406859674e+18|       10112440140615180|
+------------------------+------------------------+------------------------+
+------------------------+------------------------+------------------------+
|estimate_value          |stage_1_variance        |stage_2_variance        |
+------------------------+------------------------+------------------------+
|       772134723479.2887|  8.2013005017856082e+18|       10222946267082516|
+------------------------+------------------------+------------------------+
+------------------------+------------------------+------------------------+
|estimate_value          |stage_1_variance        |stage_2_variance        |
+------------------------+------------------------+------------------------+
|      765357479962.19324|  8.0835771033054863e+18|       10116523066595564|
+------------------------+------------------------+------------------------+
+------------------------+------------------------+------------------------+
|estimate_value          |stage_1_variance        |stage_2_variance        |
+------------------(1 row)
(1 row)
(1 row)
(1 row)
(1 row)
(1 row)
(1 row)
(1 row)
(1 row)
(1 row)
------+------------------------+------------------------+
|      768539848786.54688|  8.1603895585342597e+18|       10178548345187344|
+------------------------+------------------------+------------------------+
+------------------------+------------------------+------------------------+
|estimate_value          |stage_1_variance        |stage_2_variance        |
+------------------------+------------------------+------------------------+
|      766786859241.10657|  8.1196802720513802e+18|       10137482262411840|
+------------------------+------------------------+------------------------+
+------------------------+------------------------+------------------------+
|estimate_value          |stage_1_variance        |stage_2_variance        |
+------------------------+------------------------+------------------------+
|      772722378493.10156|  8.2220609950322299e+18|       10249608998215078|
+------------------------+------------------------+------------------------+
+------------------------+------------------------+------------------------+
|estimate_value          |stage_1_variance        |stage_2_variance        |
+------------------------+------------------------+------------------------+
|       769871562707.5061|  8.1806475020089702e+18|       10194954481036478|
+------------------------+------------------------+------------------------+
+------------------------+------------------------+------------------------+
|estimate_value          |stage_1_variance        |stage_2_variance        |
+------------------------+------------------------+------------------------+
|      768363448593.68909|  8.1443766718226135e+18|       10157614759173440|
+------------------------+------------------------+------------------------+
+------------------------+------------------------+------------------------+
|estimate_value          |stage_1_variance        |stage_2_variance        |
+------------------------+------------------------+------------------------+
|      769616269452.92249|  8.2163923218184407e+18|       10195740769462028|
+------------------------+------------------------+------------------------+
+------------------------+------------------------+------------------------+
|estimate_value          |stage_1_variance        |stage_2_variance        |
+------------------------+------------------------+------------------------+
|      766882148191.23315|  8.1204056030448179e+18|       10140857984982080|
+------------------------+------------------------+------------------------+
+------------------------+------------------------+------------------------+
|estimate_value          |stage_1_variance        |stage_2_variance        |
+------------------------+------------------------+------------------------+
|      767087396036.99561|  8.1290109955925443e+18|       10149023488012992|
+------------------------+------------------------+------------------------+
+------------------------+------------------------+------------------------+
|estimate_value          |stage_1_variance        |stage_2_variance        |
+------------------------+------------------------+------------------------+
|      772310795338.00366|  8.2016717412771082e+18|       10230235512656378|
+------------------------+------------------------+------------------------+
+------------------------+------------------------+------------------------+
|estimate_value          |stage_1_variance        |stage_2_variance        |
+------------------------+------------------------+------------------------+
|      771524181140.35437|  8.1654100678343455e+18|       10216474515592228|
+------------------------+------------------------+------------------------+
Query SdWoRedundancy_09_s_p_c.sql
(1 row)
(1 row)
(1 row)
(1 row)
(1 row)
(1 row)
(1 row)
(1 row)
(1 row)
(1 row)
Starting Quickstep with 40 worker thread(s) and a 125.75 GB buffer pool.
+------------------------+------------------------+------------------------+
|estimate_value          |stage_1_variance        |stage_2_variance        |
+------------------------+------------------------+------------------------+
|      770191169841.04089|  8.1568925918860411e+18|       83151327128601264|
+------------------------+------------------------+------------------------+
+------------------------+------------------------+------------------------+
|estimate_value          |stage_1_variance        |stage_2_variance        |
+------------------------+------------------------+------------------------+
|      769400544699.86377|  8.1284485889958625e+18|       82909398187104576|
+------------------------+------------------------+------------------------+
+------------------------+------------------------+------------------------+
|estimate_value          |stage_1_variance        |stage_2_variance        |
+------------------------+------------------------+------------------------+
|      766139102906.98547|  8.1116460726567158e+18|       82603846984748336|
+------------------------+------------------------+------------------------+
+------------------------+------------------------+------------------------+
|estimate_value          |stage_1_variance        |stage_2_variance        |
+------------------------+------------------------+------------------------+
|       770058123247.8064|  8.1735869165335767e+18|       83243527130153264|
+------------------------+------------------------+------------------------+
+------------------------+------------------------+------------------------+
|estimate_value          |stage_1_variance        |stage_2_variance        |
+------------------------+------------------------+------------------------+
|      762290955886.78955|  8.0658149893134387e+18|       82162185964449936|
+------------------------+------------------------+------------------------+
+------------------------+------------------------+------------------------+
|estimate_value          |stage_1_variance        |stage_2_variance        |
+------------------------+------------------------+------------------------+
|      763346737917.57617|  8.0484567025386895e+18|       82234357976411760|
+------------------------+------------------------+------------------------+
+------------------------+------------------------+------------------------+
|estimate_value          |stage_1_variance        |stage_2_variance        |
+------------------------+------------------------+------------------------+
|      770065542503.68909|  8.1844862742626017e+18|       83162066691866208|
+------------------------+------------------------+------------------------+
+------------------------+------------------------+------------------------+
|estimate_value          |stage_1_variance        |stage_2_variance        |
+------------------------+------------------------+------------------------+
|        767855352273.021|   8.122656020291455e+18|       82911152432534336|
+------------------------+------------------------+------------------------+
+------------------------+------------------------+------------------------+
|estimate_value          |stage_1_variance        |stage_2_variance        |
+------------------------+------------------------+------------------------+
|      767187655306.93579|  8.1200156956251484e+18|       82940335125201920|
+------------------------+------------------------+------------------------+
+------------------------+------------------------+------------------------+
|estimate_value          |stage_1_variance        |stage_2_variance        |
+------------------------+------------------------+------------------------+
|      764135235437.74231|  8.1043558579893484e+18|       82500300540826816|
+------------------------+------------------------+------------------------+
+------------------------+------------------------+------------------------+
|estimate_value          |stage_1_variance        |stage_2_variance        |
+------------------(1 row)
(1 row)
(1 row)
(1 row)
(1 row)
(1 row)
(1 row)
(1 row)
(1 row)
(1 row)
------+------------------------+------------------------+
|      767285752595.72827|  8.1134810000793006e+18|       82642944441569696|
+------------------------+------------------------+------------------------+
+------------------------+------------------------+------------------------+
|estimate_value          |stage_1_variance        |stage_2_variance        |
+------------------------+------------------------+------------------------+
|      764672989750.75647|  8.0890937572432671e+18|       82614366923194032|
+------------------------+------------------------+------------------------+
+------------------------+------------------------+------------------------+
|estimate_value          |stage_1_variance        |stage_2_variance        |
+------------------------+------------------------+------------------------+
|      770784319995.92688|  8.1670936572212019e+18|       83304756239065392|
+------------------------+------------------------+------------------------+
+------------------------+------------------------+------------------------+
|estimate_value          |stage_1_variance        |stage_2_variance        |
+------------------------+------------------------+------------------------+
|      765073741091.34998|  8.1111987210550262e+18|       82570314580272704|
+------------------------+------------------------+------------------------+
+------------------------+------------------------+------------------------+
|estimate_value          |stage_1_variance        |stage_2_variance        |
+------------------------+------------------------+------------------------+
|       767181749201.6405|   8.165218212289919e+18|       82884738995655376|
+------------------------+------------------------+------------------------+
+------------------------+------------------------+------------------------+
|estimate_value          |stage_1_variance        |stage_2_variance        |
+------------------------+------------------------+------------------------+
|       770902546829.1886|  8.2041990233623736e+18|       83415557282976128|
+------------------------+------------------------+------------------------+
+------------------------+------------------------+------------------------+
|estimate_value          |stage_1_variance        |stage_2_variance        |
+------------------------+------------------------+------------------------+
|      764607002252.11829|  8.0758535364052337e+18|       82203161433506080|
+------------------------+------------------------+------------------------+
+------------------------+------------------------+------------------------+
|estimate_value          |stage_1_variance        |stage_2_variance        |
+------------------------+------------------------+------------------------+
|      772130433777.08057|  8.2546965373951846e+18|       83560392478943872|
+------------------------+------------------------+------------------------+
+------------------------+------------------------+------------------------+
|estimate_value          |stage_1_variance        |stage_2_variance        |
+------------------------+------------------------+------------------------+
|      764783511702.29114|  8.1613633635478323e+18|       82740351013409504|
+------------------------+------------------------+------------------------+
+------------------------+------------------------+------------------------+
|estimate_value          |stage_1_variance        |stage_2_variance        |
+------------------------+------------------------+------------------------+
|      767125620299.49438|  8.1376436757070838e+18|       82765391875956352|
+------------------------+------------------------+------------------------+
